{"/Users/lonnyangell/dev/chainOverflow/server/src/db.ts": {"path":"/Users/lonnyangell/dev/chainOverflow/server/src/db.ts","statementMap":{"0":{"start":{"line":4,"column":26},"end":{"line":4,"column":null}},"1":{"start":{"line":6,"column":22},"end":{"line":49,"column":null}},"2":{"start":{"line":7,"column":4},"end":{"line":7,"column":null}},"3":{"start":{"line":7,"column":12},"end":{"line":7,"column":null}},"4":{"start":{"line":9,"column":4},"end":{"line":12,"column":null}},"5":{"start":{"line":14,"column":4},"end":{"line":45,"column":null}},"6":{"start":{"line":47,"column":4},"end":{"line":47,"column":null}},"7":{"start":{"line":48,"column":4},"end":{"line":48,"column":null}},"8":{"start":{"line":51,"column":21},"end":{"line":54,"column":null}},"9":{"start":{"line":52,"column":4},"end":{"line":52,"column":null}},"10":{"start":{"line":52,"column":13},"end":{"line":52,"column":null}},"11":{"start":{"line":53,"column":4},"end":{"line":53,"column":null}}},"fnMap":{"0":{"name":"(anonymous_0)","decl":{"start":{"line":6,"column":22},"end":{"line":6,"column":34}},"loc":{"start":{"line":6,"column":34},"end":{"line":49,"column":null}},"line":6},"1":{"name":"(anonymous_1)","decl":{"start":{"line":51,"column":21},"end":{"line":51,"column":27}},"loc":{"start":{"line":51,"column":27},"end":{"line":54,"column":null}},"line":51}},"branchMap":{"0":{"loc":{"start":{"line":7,"column":4},"end":{"line":7,"column":null}},"type":"if","locations":[{"start":{"line":7,"column":4},"end":{"line":7,"column":null}},{"start":{},"end":{}}],"line":7},"1":{"loc":{"start":{"line":52,"column":4},"end":{"line":52,"column":null}},"type":"if","locations":[{"start":{"line":52,"column":4},"end":{"line":52,"column":null}},{"start":{},"end":{}}],"line":52}},"s":{"0":1,"1":1,"2":2,"3":1,"4":1,"5":1,"6":1,"7":1,"8":1,"9":9,"10":0,"11":9},"f":{"0":2,"1":9},"b":{"0":[1,1],"1":[0,9]},"meta":{"lastBranch":2,"lastFunction":2,"lastStatement":12,"seen":{"s:4:26:4:Infinity":0,"s:6:22:49:Infinity":1,"f:6:22:6:34":0,"b:7:4:7:Infinity:undefined:undefined:undefined:undefined":0,"s:7:4:7:Infinity":2,"s:7:12:7:Infinity":3,"s:9:4:12:Infinity":4,"s:14:4:45:Infinity":5,"s:47:4:47:Infinity":6,"s:48:4:48:Infinity":7,"s:51:21:54:Infinity":8,"f:51:21:51:27":1,"b:52:4:52:Infinity:undefined:undefined:undefined:undefined":1,"s:52:4:52:Infinity":9,"s:52:13:52:Infinity":10,"s:53:4:53:Infinity":11}}}
,"/Users/lonnyangell/dev/chainOverflow/server/src/index.ts": {"path":"/Users/lonnyangell/dev/chainOverflow/server/src/index.ts","statementMap":{"0":{"start":{"line":7,"column":0},"end":{"line":7,"column":null}},"1":{"start":{"line":10,"column":13},"end":{"line":10,"column":null}},"2":{"start":{"line":11,"column":13},"end":{"line":11,"column":null}},"3":{"start":{"line":13,"column":0},"end":{"line":13,"column":null}},"4":{"start":{"line":15,"column":0},"end":{"line":15,"column":null}},"5":{"start":{"line":16,"column":0},"end":{"line":16,"column":null}},"6":{"start":{"line":18,"column":0},"end":{"line":18,"column":null}},"7":{"start":{"line":20,"column":0},"end":{"line":22,"column":null}},"8":{"start":{"line":21,"column":4},"end":{"line":21,"column":null}},"9":{"start":{"line":25,"column":0},"end":{"line":37,"column":null}},"10":{"start":{"line":26,"column":4},"end":{"line":34,"column":null}},"11":{"start":{"line":27,"column":23},"end":{"line":29,"column":null}},"12":{"start":{"line":28,"column":12},"end":{"line":28,"column":null}},"13":{"start":{"line":31,"column":8},"end":{"line":33,"column":null}},"14":{"start":{"line":32,"column":12},"end":{"line":32,"column":null}},"15":{"start":{"line":36,"column":4},"end":{"line":36,"column":null}},"16":{"start":{"line":39,"column":0},"end":{"line":41,"column":null}},"17":{"start":{"line":40,"column":4},"end":{"line":40,"column":null}},"18":{"start":{"line":43,"column":0},"end":{"line":45,"column":null}},"19":{"start":{"line":44,"column":4},"end":{"line":44,"column":null}}},"fnMap":{"0":{"name":"(anonymous_0)","decl":{"start":{"line":20,"column":13},"end":{"line":20,"column":14}},"loc":{"start":{"line":20,"column":27},"end":{"line":22,"column":1}},"line":20},"1":{"name":"(anonymous_1)","decl":{"start":{"line":25,"column":14},"end":{"line":25,"column":20}},"loc":{"start":{"line":25,"column":20},"end":{"line":35,"column":1}},"line":25},"2":{"name":"(anonymous_2)","decl":{"start":{"line":27,"column":40},"end":{"line":27,"column":46}},"loc":{"start":{"line":27,"column":46},"end":{"line":29,"column":9}},"line":27},"3":{"name":"(anonymous_3)","decl":{"start":{"line":31,"column":27},"end":{"line":31,"column":28}},"loc":{"start":{"line":31,"column":41},"end":{"line":33,"column":9}},"line":31},"4":{"name":"(anonymous_4)","decl":{"start":{"line":35,"column":9},"end":{"line":35,"column":16}},"loc":{"start":{"line":35,"column":16},"end":{"line":37,"column":1}},"line":35},"5":{"name":"(anonymous_5)","decl":{"start":{"line":39,"column":33},"end":{"line":39,"column":34}},"loc":{"start":{"line":39,"column":54},"end":{"line":41,"column":1}},"line":39},"6":{"name":"(anonymous_6)","decl":{"start":{"line":43,"column":32},"end":{"line":43,"column":33}},"loc":{"start":{"line":43,"column":41},"end":{"line":45,"column":1}},"line":43}},"branchMap":{"0":{"loc":{"start":{"line":11,"column":13},"end":{"line":11,"column":null}},"type":"binary-expr","locations":[{"start":{"line":11,"column":13},"end":{"line":11,"column":33}},{"start":{"line":11,"column":33},"end":{"line":11,"column":null}}],"line":11},"1":{"loc":{"start":{"line":13,"column":28},"end":{"line":13,"column":65}},"type":"binary-expr","locations":[{"start":{"line":13,"column":28},"end":{"line":13,"column":52}},{"start":{"line":13,"column":52},"end":{"line":13,"column":65}}],"line":13},"2":{"loc":{"start":{"line":26,"column":4},"end":{"line":34,"column":null}},"type":"if","locations":[{"start":{"line":26,"column":4},"end":{"line":34,"column":null}},{"start":{},"end":{}}],"line":26}},"s":{"0":1,"1":1,"2":1,"3":1,"4":1,"5":1,"6":1,"7":1,"8":0,"9":1,"10":1,"11":0,"12":0,"13":0,"14":0,"15":0,"16":1,"17":0,"18":1,"19":0},"f":{"0":0,"1":1,"2":0,"3":0,"4":0,"5":0,"6":0},"b":{"0":[1,1],"1":[1,0],"2":[0,1]},"meta":{"lastBranch":3,"lastFunction":7,"lastStatement":20,"seen":{"s:7:0:7:Infinity":0,"s:10:13:10:Infinity":1,"s:11:13:11:Infinity":2,"b:11:13:11:33:11:33:11:Infinity":0,"s:13:0:13:Infinity":3,"b:13:28:13:52:13:52:13:65":1,"s:15:0:15:Infinity":4,"s:16:0:16:Infinity":5,"s:18:0:18:Infinity":6,"s:20:0:22:Infinity":7,"f:20:13:20:14":0,"s:21:4:21:Infinity":8,"s:25:0:37:Infinity":9,"f:25:14:25:20":1,"b:26:4:34:Infinity:undefined:undefined:undefined:undefined":2,"s:26:4:34:Infinity":10,"s:27:23:29:Infinity":11,"f:27:40:27:46":2,"s:28:12:28:Infinity":12,"s:31:8:33:Infinity":13,"f:31:27:31:28":3,"s:32:12:32:Infinity":14,"f:35:9:35:16":4,"s:36:4:36:Infinity":15,"s:39:0:41:Infinity":16,"f:39:33:39:34":5,"s:40:4:40:Infinity":17,"s:43:0:45:Infinity":18,"f:43:32:43:33":6,"s:44:4:44:Infinity":19}}}
,"/Users/lonnyangell/dev/chainOverflow/server/src/routes.ts": {"path":"/Users/lonnyangell/dev/chainOverflow/server/src/routes.ts","statementMap":{"0":{"start":{"line":5,"column":15},"end":{"line":5,"column":null}},"1":{"start":{"line":8,"column":0},"end":{"line":41,"column":null}},"2":{"start":{"line":9,"column":4},"end":{"line":40,"column":null}},"3":{"start":{"line":10,"column":14},"end":{"line":10,"column":null}},"4":{"start":{"line":13,"column":26},"end":{"line":17,"column":null}},"5":{"start":{"line":19,"column":8},"end":{"line":19,"column":null}},"6":{"start":{"line":19,"column":36},"end":{"line":19,"column":null}},"7":{"start":{"line":22,"column":28},"end":{"line":22,"column":null}},"8":{"start":{"line":22,"column":47},"end":{"line":22,"column":51}},"9":{"start":{"line":23,"column":29},"end":{"line":23,"column":null}},"10":{"start":{"line":23,"column":51},"end":{"line":23,"column":54}},"11":{"start":{"line":25,"column":24},"end":{"line":29,"column":null}},"12":{"start":{"line":32,"column":21},"end":{"line":35,"column":null}},"13":{"start":{"line":32,"column":41},"end":{"line":35,"column":10}},"14":{"start":{"line":34,"column":41},"end":{"line":34,"column":63}},"15":{"start":{"line":37,"column":8},"end":{"line":37,"column":null}},"16":{"start":{"line":39,"column":8},"end":{"line":39,"column":null}},"17":{"start":{"line":44,"column":0},"end":{"line":65,"column":null}},"18":{"start":{"line":45,"column":4},"end":{"line":64,"column":null}},"19":{"start":{"line":46,"column":23},"end":{"line":46,"column":null}},"20":{"start":{"line":47,"column":14},"end":{"line":47,"column":null}},"21":{"start":{"line":49,"column":25},"end":{"line":49,"column":null}},"22":{"start":{"line":50,"column":8},"end":{"line":50,"column":null}},"23":{"start":{"line":50,"column":23},"end":{"line":50,"column":null}},"24":{"start":{"line":52,"column":24},"end":{"line":56,"column":null}},"25":{"start":{"line":58,"column":8},"end":{"line":61,"column":null}},"26":{"start":{"line":63,"column":8},"end":{"line":63,"column":null}},"27":{"start":{"line":68,"column":0},"end":{"line":87,"column":null}},"28":{"start":{"line":69,"column":4},"end":{"line":86,"column":null}},"29":{"start":{"line":70,"column":22},"end":{"line":70,"column":null}},"30":{"start":{"line":71,"column":8},"end":{"line":71,"column":null}},"31":{"start":{"line":71,"column":16},"end":{"line":71,"column":null}},"32":{"start":{"line":73,"column":14},"end":{"line":73,"column":null}},"33":{"start":{"line":74,"column":22},"end":{"line":74,"column":null}},"34":{"start":{"line":77,"column":24},"end":{"line":81,"column":null}},"35":{"start":{"line":83,"column":8},"end":{"line":83,"column":null}},"36":{"start":{"line":85,"column":8},"end":{"line":85,"column":null}},"37":{"start":{"line":90,"column":0},"end":{"line":112,"column":null}},"38":{"start":{"line":91,"column":4},"end":{"line":111,"column":null}},"39":{"start":{"line":92,"column":57},"end":{"line":92,"column":null}},"40":{"start":{"line":93,"column":14},"end":{"line":93,"column":null}},"41":{"start":{"line":97,"column":25},"end":{"line":97,"column":null}},"42":{"start":{"line":99,"column":23},"end":{"line":102,"column":null}},"43":{"start":{"line":104,"column":8},"end":{"line":108,"column":null}},"44":{"start":{"line":110,"column":8},"end":{"line":110,"column":null}},"45":{"start":{"line":115,"column":0},"end":{"line":135,"column":null}},"46":{"start":{"line":116,"column":4},"end":{"line":134,"column":null}},"47":{"start":{"line":117,"column":48},"end":{"line":117,"column":null}},"48":{"start":{"line":118,"column":14},"end":{"line":118,"column":null}},"49":{"start":{"line":120,"column":25},"end":{"line":120,"column":null}},"50":{"start":{"line":122,"column":23},"end":{"line":125,"column":null}},"51":{"start":{"line":127,"column":8},"end":{"line":131,"column":null}},"52":{"start":{"line":133,"column":8},"end":{"line":133,"column":null}}},"fnMap":{"0":{"name":"(anonymous_0)","decl":{"start":{"line":8,"column":20},"end":{"line":8,"column":27}},"loc":{"start":{"line":8,"column":40},"end":{"line":41,"column":1}},"line":8},"1":{"name":"(anonymous_1)","decl":{"start":{"line":22,"column":42},"end":{"line":22,"column":47}},"loc":{"start":{"line":22,"column":47},"end":{"line":22,"column":51}},"line":22},"2":{"name":"(anonymous_2)","decl":{"start":{"line":23,"column":45},"end":{"line":23,"column":51}},"loc":{"start":{"line":23,"column":51},"end":{"line":23,"column":54}},"line":23},"3":{"name":"(anonymous_3)","decl":{"start":{"line":32,"column":35},"end":{"line":32,"column":41}},"loc":{"start":{"line":32,"column":41},"end":{"line":35,"column":10}},"line":32},"4":{"name":"(anonymous_4)","decl":{"start":{"line":34,"column":36},"end":{"line":34,"column":41}},"loc":{"start":{"line":34,"column":41},"end":{"line":34,"column":63}},"line":34},"5":{"name":"(anonymous_5)","decl":{"start":{"line":44,"column":29},"end":{"line":44,"column":36}},"loc":{"start":{"line":44,"column":49},"end":{"line":65,"column":1}},"line":44},"6":{"name":"(anonymous_6)","decl":{"start":{"line":68,"column":22},"end":{"line":68,"column":29}},"loc":{"start":{"line":68,"column":42},"end":{"line":87,"column":1}},"line":68},"7":{"name":"(anonymous_7)","decl":{"start":{"line":90,"column":42},"end":{"line":90,"column":49}},"loc":{"start":{"line":90,"column":62},"end":{"line":112,"column":1}},"line":90},"8":{"name":"(anonymous_8)","decl":{"start":{"line":115,"column":40},"end":{"line":115,"column":47}},"loc":{"start":{"line":115,"column":60},"end":{"line":135,"column":1}},"line":115}},"branchMap":{"0":{"loc":{"start":{"line":19,"column":8},"end":{"line":19,"column":null}},"type":"if","locations":[{"start":{"line":19,"column":8},"end":{"line":19,"column":null}},{"start":{},"end":{}}],"line":19},"1":{"loc":{"start":{"line":50,"column":8},"end":{"line":50,"column":null}},"type":"if","locations":[{"start":{"line":50,"column":8},"end":{"line":50,"column":null}},{"start":{},"end":{}}],"line":50},"2":{"loc":{"start":{"line":71,"column":8},"end":{"line":71,"column":null}},"type":"if","locations":[{"start":{"line":71,"column":8},"end":{"line":71,"column":null}},{"start":{},"end":{}}],"line":71}},"s":{"0":1,"1":1,"2":1,"3":1,"4":1,"5":1,"6":0,"7":1,"8":1,"9":1,"10":1,"11":1,"12":1,"13":1,"14":1,"15":1,"16":0,"17":1,"18":2,"19":2,"20":2,"21":2,"22":2,"23":1,"24":1,"25":1,"26":0,"27":1,"28":2,"29":2,"30":2,"31":1,"32":1,"33":1,"34":1,"35":1,"36":0,"37":1,"38":1,"39":1,"40":1,"41":1,"42":1,"43":1,"44":0,"45":1,"46":1,"47":1,"48":1,"49":1,"50":1,"51":1,"52":0},"f":{"0":1,"1":1,"2":1,"3":1,"4":1,"5":2,"6":2,"7":1,"8":1},"b":{"0":[0,1],"1":[1,1],"2":[1,1]},"meta":{"lastBranch":3,"lastFunction":9,"lastStatement":53,"seen":{"s:5:15:5:Infinity":0,"s:8:0:41:Infinity":1,"f:8:20:8:27":0,"s:9:4:40:Infinity":2,"s:10:14:10:Infinity":3,"s:13:26:17:Infinity":4,"b:19:8:19:Infinity:undefined:undefined:undefined:undefined":0,"s:19:8:19:Infinity":5,"s:19:36:19:Infinity":6,"s:22:28:22:Infinity":7,"f:22:42:22:47":1,"s:22:47:22:51":8,"s:23:29:23:Infinity":9,"f:23:45:23:51":2,"s:23:51:23:54":10,"s:25:24:29:Infinity":11,"s:32:21:35:Infinity":12,"f:32:35:32:41":3,"s:32:41:35:10":13,"f:34:36:34:41":4,"s:34:41:34:63":14,"s:37:8:37:Infinity":15,"s:39:8:39:Infinity":16,"s:44:0:65:Infinity":17,"f:44:29:44:36":5,"s:45:4:64:Infinity":18,"s:46:23:46:Infinity":19,"s:47:14:47:Infinity":20,"s:49:25:49:Infinity":21,"b:50:8:50:Infinity:undefined:undefined:undefined:undefined":1,"s:50:8:50:Infinity":22,"s:50:23:50:Infinity":23,"s:52:24:56:Infinity":24,"s:58:8:61:Infinity":25,"s:63:8:63:Infinity":26,"s:68:0:87:Infinity":27,"f:68:22:68:29":6,"s:69:4:86:Infinity":28,"s:70:22:70:Infinity":29,"b:71:8:71:Infinity:undefined:undefined:undefined:undefined":2,"s:71:8:71:Infinity":30,"s:71:16:71:Infinity":31,"s:73:14:73:Infinity":32,"s:74:22:74:Infinity":33,"s:77:24:81:Infinity":34,"s:83:8:83:Infinity":35,"s:85:8:85:Infinity":36,"s:90:0:112:Infinity":37,"f:90:42:90:49":7,"s:91:4:111:Infinity":38,"s:92:57:92:Infinity":39,"s:93:14:93:Infinity":40,"s:97:25:97:Infinity":41,"s:99:23:102:Infinity":42,"s:104:8:108:Infinity":43,"s:110:8:110:Infinity":44,"s:115:0:135:Infinity":45,"f:115:40:115:47":8,"s:116:4:134:Infinity":46,"s:117:48:117:Infinity":47,"s:118:14:118:Infinity":48,"s:120:25:120:Infinity":49,"s:122:23:125:Infinity":50,"s:127:8:131:Infinity":51,"s:133:8:133:Infinity":52}}}
,"/Users/lonnyangell/dev/chainOverflow/server/src/middleware/x402.ts": {"path":"/Users/lonnyangell/dev/chainOverflow/server/src/middleware/x402.ts","statementMap":{"0":{"start":{"line":6,"column":24},"end":{"line":6,"column":null}},"1":{"start":{"line":9,"column":30},"end":{"line":32,"column":null}},"2":{"start":{"line":11,"column":23},"end":{"line":11,"column":null}},"3":{"start":{"line":13,"column":4},"end":{"line":15,"column":null}},"4":{"start":{"line":14,"column":8},"end":{"line":14,"column":null}},"5":{"start":{"line":18,"column":34},"end":{"line":18,"column":null}},"6":{"start":{"line":19,"column":4},"end":{"line":21,"column":null}},"7":{"start":{"line":20,"column":8},"end":{"line":20,"column":null}},"8":{"start":{"line":23,"column":30},"end":{"line":23,"column":null}},"9":{"start":{"line":27,"column":4},"end":{"line":31,"column":null}},"10":{"start":{"line":28,"column":8},"end":{"line":28,"column":null}},"11":{"start":{"line":30,"column":8},"end":{"line":30,"column":null}},"12":{"start":{"line":35,"column":23},"end":{"line":47,"column":null}},"13":{"start":{"line":37,"column":20},"end":{"line":37,"column":null}},"14":{"start":{"line":38,"column":21},"end":{"line":38,"column":null}},"15":{"start":{"line":40,"column":4},"end":{"line":40,"column":null}},"16":{"start":{"line":41,"column":4},"end":{"line":46,"column":null}},"17":{"start":{"line":49,"column":24},"end":{"line":53,"column":null}},"18":{"start":{"line":52,"column":4},"end":{"line":52,"column":null}}},"fnMap":{"0":{"name":"(anonymous_0)","decl":{"start":{"line":9,"column":30},"end":{"line":9,"column":37}},"loc":{"start":{"line":9,"column":89},"end":{"line":32,"column":null}},"line":9},"1":{"name":"(anonymous_1)","decl":{"start":{"line":35,"column":23},"end":{"line":35,"column":24}},"loc":{"start":{"line":35,"column":42},"end":{"line":47,"column":null}},"line":35},"2":{"name":"(anonymous_2)","decl":{"start":{"line":49,"column":24},"end":{"line":49,"column":25}},"loc":{"start":{"line":49,"column":61},"end":{"line":53,"column":null}},"line":49}},"branchMap":{"0":{"loc":{"start":{"line":13,"column":4},"end":{"line":15,"column":null}},"type":"if","locations":[{"start":{"line":13,"column":4},"end":{"line":15,"column":null}},{"start":{},"end":{}}],"line":13},"1":{"loc":{"start":{"line":19,"column":4},"end":{"line":21,"column":null}},"type":"if","locations":[{"start":{"line":19,"column":4},"end":{"line":21,"column":null}},{"start":{},"end":{}}],"line":19},"2":{"loc":{"start":{"line":19,"column":8},"end":{"line":19,"column":43}},"type":"binary-expr","locations":[{"start":{"line":19,"column":8},"end":{"line":19,"column":29}},{"start":{"line":19,"column":29},"end":{"line":19,"column":43}}],"line":19},"3":{"loc":{"start":{"line":27,"column":4},"end":{"line":31,"column":null}},"type":"if","locations":[{"start":{"line":27,"column":4},"end":{"line":31,"column":null}},{"start":{"line":29,"column":11},"end":{"line":31,"column":null}}],"line":27},"4":{"loc":{"start":{"line":52,"column":11},"end":{"line":52,"column":null}},"type":"binary-expr","locations":[{"start":{"line":52,"column":11},"end":{"line":52,"column":25}},{"start":{"line":52,"column":25},"end":{"line":52,"column":null}}],"line":52}},"s":{"0":1,"1":1,"2":7,"3":7,"4":2,"5":5,"6":5,"7":2,"8":3,"9":3,"10":2,"11":1,"12":1,"13":4,"14":4,"15":4,"16":4,"17":1,"18":3},"f":{"0":7,"1":4,"2":3},"b":{"0":[2,5],"1":[2,3],"2":[5,3],"3":[2,1],"4":[3,3]},"meta":{"lastBranch":5,"lastFunction":3,"lastStatement":19,"seen":{"s:6:24:6:Infinity":0,"s:9:30:32:Infinity":1,"f:9:30:9:37":0,"s:11:23:11:Infinity":2,"b:13:4:15:Infinity:undefined:undefined:undefined:undefined":0,"s:13:4:15:Infinity":3,"s:14:8:14:Infinity":4,"s:18:34:18:Infinity":5,"b:19:4:21:Infinity:undefined:undefined:undefined:undefined":1,"s:19:4:21:Infinity":6,"b:19:8:19:29:19:29:19:43":2,"s:20:8:20:Infinity":7,"s:23:30:23:Infinity":8,"b:27:4:31:Infinity:29:11:31:Infinity":3,"s:27:4:31:Infinity":9,"s:28:8:28:Infinity":10,"s:30:8:30:Infinity":11,"s:35:23:47:Infinity":12,"f:35:23:35:24":1,"s:37:20:37:Infinity":13,"s:38:21:38:Infinity":14,"s:40:4:40:Infinity":15,"s:41:4:46:Infinity":16,"s:49:24:53:Infinity":17,"f:49:24:49:25":2,"s:52:4:52:Infinity":18,"b:52:11:52:25:52:25:52:Infinity":4}}}
}
