{"/Users/lonnyangell/dev/chainOverflow/server/src/db.ts": {"path":"/Users/lonnyangell/dev/chainOverflow/server/src/db.ts","statementMap":{"0":{"start":{"line":13,"column":27},"end":{"line":13,"column":null}},"1":{"start":{"line":17,"column":20},"end":{"line":17,"column":null}},"2":{"start":{"line":18,"column":19},"end":{"line":18,"column":null}},"3":{"start":{"line":19,"column":4},"end":{"line":24,"column":null}},"4":{"start":{"line":20,"column":23},"end":{"line":20,"column":null}},"5":{"start":{"line":21,"column":6},"end":{"line":21,"column":null}},"6":{"start":{"line":23,"column":6},"end":{"line":23,"column":null}},"7":{"start":{"line":28,"column":20},"end":{"line":28,"column":null}},"8":{"start":{"line":29,"column":19},"end":{"line":29,"column":null}},"9":{"start":{"line":30,"column":4},"end":{"line":35,"column":null}},"10":{"start":{"line":31,"column":23},"end":{"line":31,"column":null}},"11":{"start":{"line":32,"column":6},"end":{"line":32,"column":null}},"12":{"start":{"line":34,"column":6},"end":{"line":34,"column":null}},"13":{"start":{"line":39,"column":18},"end":{"line":39,"column":null}},"14":{"start":{"line":40,"column":4},"end":{"line":42,"column":null}},"15":{"start":{"line":41,"column":6},"end":{"line":41,"column":null}},"16":{"start":{"line":43,"column":19},"end":{"line":43,"column":null}},"17":{"start":{"line":44,"column":4},"end":{"line":49,"column":null}},"18":{"start":{"line":45,"column":23},"end":{"line":45,"column":null}},"19":{"start":{"line":46,"column":6},"end":{"line":46,"column":null}},"20":{"start":{"line":48,"column":6},"end":{"line":48,"column":null}},"21":{"start":{"line":53,"column":20},"end":{"line":53,"column":null}},"22":{"start":{"line":54,"column":19},"end":{"line":54,"column":null}},"23":{"start":{"line":55,"column":4},"end":{"line":59,"column":null}},"24":{"start":{"line":56,"column":6},"end":{"line":56,"column":null}},"25":{"start":{"line":58,"column":6},"end":{"line":58,"column":null}},"26":{"start":{"line":63,"column":16},"end":{"line":63,"column":null}},"27":{"start":{"line":64,"column":18},"end":{"line":64,"column":null}},"28":{"start":{"line":64,"column":45},"end":{"line":64,"column":58}},"29":{"start":{"line":65,"column":4},"end":{"line":65,"column":null}},"30":{"start":{"line":66,"column":4},"end":{"line":69,"column":null}},"31":{"start":{"line":70,"column":4},"end":{"line":70,"column":null}},"32":{"start":{"line":71,"column":4},"end":{"line":71,"column":null}},"33":{"start":{"line":72,"column":4},"end":{"line":72,"column":null}},"34":{"start":{"line":80,"column":2},"end":{"line":80,"column":null}},"35":{"start":{"line":81,"column":2},"end":{"line":81,"column":null}},"36":{"start":{"line":82,"column":2},"end":{"line":82,"column":null}},"37":{"start":{"line":85,"column":14},"end":{"line":85,"column":null}},"38":{"start":{"line":86,"column":4},"end":{"line":89,"column":null}},"39":{"start":{"line":87,"column":19},"end":{"line":87,"column":null}},"40":{"start":{"line":88,"column":6},"end":{"line":88,"column":null}},"41":{"start":{"line":88,"column":45},"end":{"line":88,"column":84}},"42":{"start":{"line":91,"column":4},"end":{"line":100,"column":null}},"43":{"start":{"line":93,"column":6},"end":{"line":98,"column":null}},"44":{"start":{"line":94,"column":8},"end":{"line":97,"column":null}},"45":{"start":{"line":95,"column":29},"end":{"line":95,"column":null}},"46":{"start":{"line":95,"column":54},"end":{"line":95,"column":76}},"47":{"start":{"line":96,"column":10},"end":{"line":96,"column":null}},"48":{"start":{"line":99,"column":6},"end":{"line":99,"column":null}},"49":{"start":{"line":102,"column":4},"end":{"line":108,"column":null}},"50":{"start":{"line":103,"column":6},"end":{"line":106,"column":null}},"51":{"start":{"line":105,"column":8},"end":{"line":105,"column":null}},"52":{"start":{"line":105,"column":42},"end":{"line":105,"column":72}},"53":{"start":{"line":107,"column":6},"end":{"line":107,"column":null}},"54":{"start":{"line":109,"column":4},"end":{"line":109,"column":null}},"55":{"start":{"line":113,"column":14},"end":{"line":113,"column":null}},"56":{"start":{"line":114,"column":4},"end":{"line":118,"column":null}},"57":{"start":{"line":115,"column":6},"end":{"line":117,"column":null}},"58":{"start":{"line":116,"column":18},"end":{"line":116,"column":null}},"59":{"start":{"line":119,"column":4},"end":{"line":121,"column":null}},"60":{"start":{"line":120,"column":6},"end":{"line":120,"column":null}},"61":{"start":{"line":120,"column":43},"end":{"line":120,"column":68}},"62":{"start":{"line":122,"column":4},"end":{"line":125,"column":null}},"63":{"start":{"line":123,"column":17},"end":{"line":123,"column":null}},"64":{"start":{"line":124,"column":6},"end":{"line":124,"column":null}},"65":{"start":{"line":124,"column":43},"end":{"line":124,"column":56}},"66":{"start":{"line":126,"column":4},"end":{"line":129,"column":null}},"67":{"start":{"line":127,"column":17},"end":{"line":127,"column":null}},"68":{"start":{"line":128,"column":6},"end":{"line":128,"column":null}},"69":{"start":{"line":128,"column":38},"end":{"line":128,"column":48}},"70":{"start":{"line":130,"column":4},"end":{"line":130,"column":null}},"71":{"start":{"line":134,"column":14},"end":{"line":134,"column":null}},"72":{"start":{"line":135,"column":4},"end":{"line":138,"column":null}},"73":{"start":{"line":136,"column":6},"end":{"line":136,"column":null}},"74":{"start":{"line":137,"column":6},"end":{"line":137,"column":null}},"75":{"start":{"line":139,"column":4},"end":{"line":142,"column":null}},"76":{"start":{"line":140,"column":6},"end":{"line":140,"column":null}},"77":{"start":{"line":141,"column":6},"end":{"line":141,"column":null}},"78":{"start":{"line":143,"column":4},"end":{"line":180,"column":null}},"79":{"start":{"line":144,"column":6},"end":{"line":144,"column":null}},"80":{"start":{"line":145,"column":23},"end":{"line":145,"column":null}},"81":{"start":{"line":146,"column":19},"end":{"line":146,"column":null}},"82":{"start":{"line":146,"column":50},"end":{"line":146,"column":58}},"83":{"start":{"line":148,"column":24},"end":{"line":159,"column":null}},"84":{"start":{"line":161,"column":6},"end":{"line":176,"column":null}},"85":{"start":{"line":162,"column":8},"end":{"line":168,"column":null}},"86":{"start":{"line":163,"column":10},"end":{"line":167,"column":null}},"87":{"start":{"line":164,"column":12},"end":{"line":164,"column":null}},"88":{"start":{"line":166,"column":12},"end":{"line":166,"column":null}},"89":{"start":{"line":170,"column":8},"end":{"line":170,"column":null}},"90":{"start":{"line":171,"column":8},"end":{"line":171,"column":null}},"91":{"start":{"line":172,"column":8},"end":{"line":172,"column":null}},"92":{"start":{"line":173,"column":8},"end":{"line":173,"column":null}},"93":{"start":{"line":174,"column":8},"end":{"line":174,"column":null}},"94":{"start":{"line":175,"column":8},"end":{"line":175,"column":null}},"95":{"start":{"line":178,"column":6},"end":{"line":178,"column":null}},"96":{"start":{"line":179,"column":6},"end":{"line":179,"column":null}},"97":{"start":{"line":181,"column":4},"end":{"line":210,"column":null}},"98":{"start":{"line":182,"column":6},"end":{"line":182,"column":null}},"99":{"start":{"line":183,"column":23},"end":{"line":183,"column":null}},"100":{"start":{"line":184,"column":19},"end":{"line":184,"column":null}},"101":{"start":{"line":184,"column":50},"end":{"line":184,"column":58}},"102":{"start":{"line":186,"column":24},"end":{"line":195,"column":null}},"103":{"start":{"line":197,"column":6},"end":{"line":206,"column":null}},"104":{"start":{"line":198,"column":8},"end":{"line":200,"column":null}},"105":{"start":{"line":199,"column":10},"end":{"line":199,"column":null}},"106":{"start":{"line":202,"column":8},"end":{"line":202,"column":null}},"107":{"start":{"line":203,"column":8},"end":{"line":203,"column":null}},"108":{"start":{"line":204,"column":8},"end":{"line":204,"column":null}},"109":{"start":{"line":205,"column":8},"end":{"line":205,"column":null}},"110":{"start":{"line":208,"column":6},"end":{"line":208,"column":null}},"111":{"start":{"line":209,"column":6},"end":{"line":209,"column":null}},"112":{"start":{"line":211,"column":4},"end":{"line":216,"column":null}},"113":{"start":{"line":212,"column":17},"end":{"line":212,"column":null}},"114":{"start":{"line":213,"column":21},"end":{"line":213,"column":null}},"115":{"start":{"line":213,"column":46},"end":{"line":213,"column":56}},"116":{"start":{"line":214,"column":6},"end":{"line":214,"column":null}},"117":{"start":{"line":214,"column":18},"end":{"line":214,"column":null}},"118":{"start":{"line":215,"column":6},"end":{"line":215,"column":null}},"119":{"start":{"line":217,"column":4},"end":{"line":217,"column":null}},"120":{"start":{"line":221,"column":4},"end":{"line":221,"column":null}},"121":{"start":{"line":225,"column":22},"end":{"line":273,"column":null}},"122":{"start":{"line":226,"column":2},"end":{"line":226,"column":null}},"123":{"start":{"line":226,"column":10},"end":{"line":226,"column":null}},"124":{"start":{"line":228,"column":2},"end":{"line":231,"column":null}},"125":{"start":{"line":229,"column":4},"end":{"line":229,"column":null}},"126":{"start":{"line":230,"column":4},"end":{"line":230,"column":null}},"127":{"start":{"line":233,"column":2},"end":{"line":233,"column":null}},"128":{"start":{"line":234,"column":2},"end":{"line":234,"column":null}},"129":{"start":{"line":236,"column":2},"end":{"line":270,"column":null}},"130":{"start":{"line":237,"column":4},"end":{"line":267,"column":null}},"131":{"start":{"line":269,"column":4},"end":{"line":269,"column":null}},"132":{"start":{"line":272,"column":2},"end":{"line":272,"column":null}},"133":{"start":{"line":275,"column":22},"end":{"line":332,"column":null}},"134":{"start":{"line":276,"column":2},"end":{"line":276,"column":null}},"135":{"start":{"line":277,"column":17},"end":{"line":277,"column":null}},"136":{"start":{"line":279,"column":2},"end":{"line":331,"column":null}},"137":{"start":{"line":280,"column":4},"end":{"line":289,"column":null}},"138":{"start":{"line":281,"column":23},"end":{"line":281,"column":null}},"139":{"start":{"line":282,"column":6},"end":{"line":284,"column":null}},"140":{"start":{"line":283,"column":8},"end":{"line":283,"column":null}},"141":{"start":{"line":286,"column":6},"end":{"line":286,"column":null}},"142":{"start":{"line":287,"column":6},"end":{"line":287,"column":null}},"143":{"start":{"line":288,"column":6},"end":{"line":288,"column":null}},"144":{"start":{"line":291,"column":4},"end":{"line":291,"column":null}},"145":{"start":{"line":293,"column":15},"end":{"line":304,"column":null}},"146":{"start":{"line":305,"column":4},"end":{"line":305,"column":null}},"147":{"start":{"line":307,"column":15},"end":{"line":318,"column":null}},"148":{"start":{"line":319,"column":4},"end":{"line":319,"column":null}},"149":{"start":{"line":321,"column":4},"end":{"line":325,"column":null}},"150":{"start":{"line":327,"column":4},"end":{"line":327,"column":null}},"151":{"start":{"line":328,"column":4},"end":{"line":328,"column":null}},"152":{"start":{"line":330,"column":4},"end":{"line":330,"column":null}},"153":{"start":{"line":334,"column":21},"end":{"line":337,"column":null}},"154":{"start":{"line":335,"column":2},"end":{"line":335,"column":null}},"155":{"start":{"line":335,"column":11},"end":{"line":335,"column":null}},"156":{"start":{"line":336,"column":2},"end":{"line":336,"column":null}}},"fnMap":{"0":{"name":"(anonymous_0)","decl":{"start":{"line":16,"column":8},"end":{"line":16,"column":12}},"loc":{"start":{"line":16,"column":47},"end":{"line":25,"column":null}},"line":16},"1":{"name":"(anonymous_1)","decl":{"start":{"line":27,"column":8},"end":{"line":27,"column":12}},"loc":{"start":{"line":27,"column":47},"end":{"line":36,"column":null}},"line":27},"2":{"name":"(anonymous_2)","decl":{"start":{"line":38,"column":8},"end":{"line":38,"column":12}},"loc":{"start":{"line":38,"column":47},"end":{"line":50,"column":null}},"line":38},"3":{"name":"(anonymous_3)","decl":{"start":{"line":52,"column":8},"end":{"line":52,"column":13}},"loc":{"start":{"line":52,"column":28},"end":{"line":60,"column":null}},"line":52},"4":{"name":"(anonymous_4)","decl":{"start":{"line":62,"column":10},"end":{"line":62,"column":21}},"loc":{"start":{"line":62,"column":44},"end":{"line":73,"column":null}},"line":62},"5":{"name":"(anonymous_5)","decl":{"start":{"line":64,"column":39},"end":{"line":64,"column":45}},"loc":{"start":{"line":64,"column":45},"end":{"line":64,"column":58}},"line":64},"6":{"name":"(anonymous_6)","decl":{"start":{"line":79,"column":0},"end":{"line":79,"column":6}},"loc":{"start":{"line":79,"column":0},"end":{"line":82,"column":null}},"line":79},"7":{"name":"(anonymous_7)","decl":{"start":{"line":84,"column":8},"end":{"line":84,"column":12}},"loc":{"start":{"line":84,"column":47},"end":{"line":110,"column":null}},"line":84},"8":{"name":"(anonymous_8)","decl":{"start":{"line":88,"column":35},"end":{"line":88,"column":36}},"loc":{"start":{"line":88,"column":45},"end":{"line":88,"column":84}},"line":88},"9":{"name":"(anonymous_9)","decl":{"start":{"line":94,"column":37},"end":{"line":94,"column":38}},"loc":{"start":{"line":94,"column":44},"end":{"line":97,"column":9}},"line":94},"10":{"name":"(anonymous_10)","decl":{"start":{"line":95,"column":47},"end":{"line":95,"column":48}},"loc":{"start":{"line":95,"column":54},"end":{"line":95,"column":76}},"line":95},"11":{"name":"(anonymous_11)","decl":{"start":{"line":105,"column":35},"end":{"line":105,"column":36}},"loc":{"start":{"line":105,"column":42},"end":{"line":105,"column":72}},"line":105},"12":{"name":"(anonymous_12)","decl":{"start":{"line":112,"column":8},"end":{"line":112,"column":12}},"loc":{"start":{"line":112,"column":47},"end":{"line":131,"column":null}},"line":112},"13":{"name":"(anonymous_13)","decl":{"start":{"line":116,"column":8},"end":{"line":116,"column":9}},"loc":{"start":{"line":116,"column":18},"end":{"line":116,"column":null}},"line":116},"14":{"name":"(anonymous_14)","decl":{"start":{"line":120,"column":33},"end":{"line":120,"column":34}},"loc":{"start":{"line":120,"column":43},"end":{"line":120,"column":68}},"line":120},"15":{"name":"(anonymous_15)","decl":{"start":{"line":124,"column":33},"end":{"line":124,"column":34}},"loc":{"start":{"line":124,"column":43},"end":{"line":124,"column":56}},"line":124},"16":{"name":"(anonymous_16)","decl":{"start":{"line":128,"column":31},"end":{"line":128,"column":32}},"loc":{"start":{"line":128,"column":38},"end":{"line":128,"column":48}},"line":128},"17":{"name":"(anonymous_17)","decl":{"start":{"line":133,"column":8},"end":{"line":133,"column":12}},"loc":{"start":{"line":133,"column":47},"end":{"line":218,"column":null}},"line":133},"18":{"name":"(anonymous_18)","decl":{"start":{"line":146,"column":43},"end":{"line":146,"column":44}},"loc":{"start":{"line":146,"column":50},"end":{"line":146,"column":58}},"line":146},"19":{"name":"(anonymous_19)","decl":{"start":{"line":162,"column":21},"end":{"line":162,"column":22}},"loc":{"start":{"line":162,"column":33},"end":{"line":168,"column":9}},"line":162},"20":{"name":"(anonymous_20)","decl":{"start":{"line":184,"column":43},"end":{"line":184,"column":44}},"loc":{"start":{"line":184,"column":50},"end":{"line":184,"column":58}},"line":184},"21":{"name":"(anonymous_21)","decl":{"start":{"line":198,"column":21},"end":{"line":198,"column":22}},"loc":{"start":{"line":198,"column":33},"end":{"line":200,"column":9}},"line":198},"22":{"name":"(anonymous_22)","decl":{"start":{"line":213,"column":39},"end":{"line":213,"column":40}},"loc":{"start":{"line":213,"column":46},"end":{"line":213,"column":56}},"line":213},"23":{"name":"(anonymous_23)","decl":{"start":{"line":220,"column":8},"end":{"line":220,"column":13}},"loc":{"start":{"line":220,"column":29},"end":{"line":222,"column":null}},"line":220},"24":{"name":"(anonymous_24)","decl":{"start":{"line":225,"column":22},"end":{"line":225,"column":34}},"loc":{"start":{"line":225,"column":34},"end":{"line":273,"column":null}},"line":225},"25":{"name":"(anonymous_25)","decl":{"start":{"line":275,"column":22},"end":{"line":275,"column":29}},"loc":{"start":{"line":275,"column":56},"end":{"line":332,"column":null}},"line":275},"26":{"name":"(anonymous_26)","decl":{"start":{"line":334,"column":21},"end":{"line":334,"column":27}},"loc":{"start":{"line":334,"column":27},"end":{"line":337,"column":null}},"line":334}},"branchMap":{"0":{"loc":{"start":{"line":16,"column":27},"end":{"line":16,"column":47}},"type":"default-arg","locations":[{"start":{"line":16,"column":43},"end":{"line":16,"column":47}}],"line":16},"1":{"loc":{"start":{"line":27,"column":27},"end":{"line":27,"column":47}},"type":"default-arg","locations":[{"start":{"line":27,"column":43},"end":{"line":27,"column":47}}],"line":27},"2":{"loc":{"start":{"line":38,"column":27},"end":{"line":38,"column":47}},"type":"default-arg","locations":[{"start":{"line":38,"column":43},"end":{"line":38,"column":47}}],"line":38},"3":{"loc":{"start":{"line":40,"column":4},"end":{"line":42,"column":null}},"type":"if","locations":[{"start":{"line":40,"column":4},"end":{"line":42,"column":null}},{"start":{},"end":{}}],"line":40},"4":{"loc":{"start":{"line":84,"column":27},"end":{"line":84,"column":47}},"type":"default-arg","locations":[{"start":{"line":84,"column":43},"end":{"line":84,"column":47}}],"line":84},"5":{"loc":{"start":{"line":86,"column":4},"end":{"line":89,"column":null}},"type":"if","locations":[{"start":{"line":86,"column":4},"end":{"line":89,"column":null}},{"start":{},"end":{}}],"line":86},"6":{"loc":{"start":{"line":91,"column":4},"end":{"line":100,"column":null}},"type":"if","locations":[{"start":{"line":91,"column":4},"end":{"line":100,"column":null}},{"start":{},"end":{}}],"line":91},"7":{"loc":{"start":{"line":93,"column":6},"end":{"line":98,"column":null}},"type":"if","locations":[{"start":{"line":93,"column":6},"end":{"line":98,"column":null}},{"start":{},"end":{}}],"line":93},"8":{"loc":{"start":{"line":102,"column":4},"end":{"line":108,"column":null}},"type":"if","locations":[{"start":{"line":102,"column":4},"end":{"line":108,"column":null}},{"start":{},"end":{}}],"line":102},"9":{"loc":{"start":{"line":103,"column":6},"end":{"line":106,"column":null}},"type":"if","locations":[{"start":{"line":103,"column":6},"end":{"line":106,"column":null}},{"start":{},"end":{}}],"line":103},"10":{"loc":{"start":{"line":112,"column":27},"end":{"line":112,"column":47}},"type":"default-arg","locations":[{"start":{"line":112,"column":43},"end":{"line":112,"column":47}}],"line":112},"11":{"loc":{"start":{"line":114,"column":4},"end":{"line":118,"column":null}},"type":"if","locations":[{"start":{"line":114,"column":4},"end":{"line":118,"column":null}},{"start":{},"end":{}}],"line":114},"12":{"loc":{"start":{"line":116,"column":30},"end":{"line":116,"column":null}},"type":"cond-expr","locations":[{"start":{"line":116,"column":62},"end":{"line":116,"column":84}},{"start":{"line":116,"column":84},"end":{"line":116,"column":null}}],"line":116},"13":{"loc":{"start":{"line":119,"column":4},"end":{"line":121,"column":null}},"type":"if","locations":[{"start":{"line":119,"column":4},"end":{"line":121,"column":null}},{"start":{},"end":{}}],"line":119},"14":{"loc":{"start":{"line":122,"column":4},"end":{"line":125,"column":null}},"type":"if","locations":[{"start":{"line":122,"column":4},"end":{"line":125,"column":null}},{"start":{},"end":{}}],"line":122},"15":{"loc":{"start":{"line":123,"column":17},"end":{"line":123,"column":null}},"type":"cond-expr","locations":[{"start":{"line":123,"column":49},"end":{"line":123,"column":71}},{"start":{"line":123,"column":71},"end":{"line":123,"column":null}}],"line":123},"16":{"loc":{"start":{"line":124,"column":13},"end":{"line":124,"column":null}},"type":"binary-expr","locations":[{"start":{"line":124,"column":13},"end":{"line":124,"column":61}},{"start":{"line":124,"column":61},"end":{"line":124,"column":null}}],"line":124},"17":{"loc":{"start":{"line":126,"column":4},"end":{"line":129,"column":null}},"type":"if","locations":[{"start":{"line":126,"column":4},"end":{"line":129,"column":null}},{"start":{},"end":{}}],"line":126},"18":{"loc":{"start":{"line":127,"column":17},"end":{"line":127,"column":null}},"type":"cond-expr","locations":[{"start":{"line":127,"column":49},"end":{"line":127,"column":71}},{"start":{"line":127,"column":71},"end":{"line":127,"column":null}}],"line":127},"19":{"loc":{"start":{"line":128,"column":13},"end":{"line":128,"column":null}},"type":"binary-expr","locations":[{"start":{"line":128,"column":13},"end":{"line":128,"column":53}},{"start":{"line":128,"column":53},"end":{"line":128,"column":null}}],"line":128},"20":{"loc":{"start":{"line":130,"column":11},"end":{"line":130,"column":null}},"type":"binary-expr","locations":[{"start":{"line":130,"column":11},"end":{"line":130,"column":32}},{"start":{"line":130,"column":32},"end":{"line":130,"column":null}}],"line":130},"21":{"loc":{"start":{"line":133,"column":27},"end":{"line":133,"column":47}},"type":"default-arg","locations":[{"start":{"line":133,"column":43},"end":{"line":133,"column":47}}],"line":133},"22":{"loc":{"start":{"line":135,"column":4},"end":{"line":138,"column":null}},"type":"if","locations":[{"start":{"line":135,"column":4},"end":{"line":138,"column":null}},{"start":{},"end":{}}],"line":135},"23":{"loc":{"start":{"line":139,"column":4},"end":{"line":142,"column":null}},"type":"if","locations":[{"start":{"line":139,"column":4},"end":{"line":142,"column":null}},{"start":{},"end":{}}],"line":139},"24":{"loc":{"start":{"line":143,"column":4},"end":{"line":180,"column":null}},"type":"if","locations":[{"start":{"line":143,"column":4},"end":{"line":180,"column":null}},{"start":{},"end":{}}],"line":143},"25":{"loc":{"start":{"line":145,"column":23},"end":{"line":145,"column":null}},"type":"binary-expr","locations":[{"start":{"line":145,"column":23},"end":{"line":145,"column":52}},{"start":{"line":145,"column":52},"end":{"line":145,"column":null}}],"line":145},"26":{"loc":{"start":{"line":161,"column":6},"end":{"line":176,"column":null}},"type":"if","locations":[{"start":{"line":161,"column":6},"end":{"line":176,"column":null}},{"start":{"line":169,"column":13},"end":{"line":176,"column":null}}],"line":161},"27":{"loc":{"start":{"line":161,"column":10},"end":{"line":161,"column":60}},"type":"binary-expr","locations":[{"start":{"line":161,"column":10},"end":{"line":161,"column":29}},{"start":{"line":161,"column":29},"end":{"line":161,"column":60}}],"line":161},"28":{"loc":{"start":{"line":163,"column":10},"end":{"line":167,"column":null}},"type":"if","locations":[{"start":{"line":163,"column":10},"end":{"line":167,"column":null}},{"start":{"line":165,"column":17},"end":{"line":167,"column":null}}],"line":163},"29":{"loc":{"start":{"line":163,"column":14},"end":{"line":163,"column":58}},"type":"binary-expr","locations":[{"start":{"line":163,"column":14},"end":{"line":163,"column":32}},{"start":{"line":163,"column":32},"end":{"line":163,"column":58}}],"line":163},"30":{"loc":{"start":{"line":172,"column":20},"end":{"line":172,"column":null}},"type":"binary-expr","locations":[{"start":{"line":172,"column":20},"end":{"line":172,"column":33}},{"start":{"line":172,"column":33},"end":{"line":172,"column":null}}],"line":172},"31":{"loc":{"start":{"line":173,"column":22},"end":{"line":173,"column":null}},"type":"binary-expr","locations":[{"start":{"line":173,"column":22},"end":{"line":173,"column":35}},{"start":{"line":173,"column":35},"end":{"line":173,"column":null}}],"line":173},"32":{"loc":{"start":{"line":174,"column":22},"end":{"line":174,"column":null}},"type":"binary-expr","locations":[{"start":{"line":174,"column":22},"end":{"line":174,"column":35}},{"start":{"line":174,"column":35},"end":{"line":174,"column":null}}],"line":174},"33":{"loc":{"start":{"line":175,"column":24},"end":{"line":175,"column":null}},"type":"binary-expr","locations":[{"start":{"line":175,"column":24},"end":{"line":175,"column":37}},{"start":{"line":175,"column":37},"end":{"line":175,"column":null}}],"line":175},"34":{"loc":{"start":{"line":181,"column":4},"end":{"line":210,"column":null}},"type":"if","locations":[{"start":{"line":181,"column":4},"end":{"line":210,"column":null}},{"start":{},"end":{}}],"line":181},"35":{"loc":{"start":{"line":183,"column":23},"end":{"line":183,"column":null}},"type":"binary-expr","locations":[{"start":{"line":183,"column":23},"end":{"line":183,"column":52}},{"start":{"line":183,"column":52},"end":{"line":183,"column":null}}],"line":183},"36":{"loc":{"start":{"line":197,"column":6},"end":{"line":206,"column":null}},"type":"if","locations":[{"start":{"line":197,"column":6},"end":{"line":206,"column":null}},{"start":{"line":201,"column":13},"end":{"line":206,"column":null}}],"line":197},"37":{"loc":{"start":{"line":197,"column":10},"end":{"line":197,"column":60}},"type":"binary-expr","locations":[{"start":{"line":197,"column":10},"end":{"line":197,"column":29}},{"start":{"line":197,"column":29},"end":{"line":197,"column":60}}],"line":197},"38":{"loc":{"start":{"line":205,"column":24},"end":{"line":205,"column":null}},"type":"binary-expr","locations":[{"start":{"line":205,"column":24},"end":{"line":205,"column":37}},{"start":{"line":205,"column":37},"end":{"line":205,"column":null}}],"line":205},"39":{"loc":{"start":{"line":211,"column":4},"end":{"line":216,"column":null}},"type":"if","locations":[{"start":{"line":211,"column":4},"end":{"line":216,"column":null}},{"start":{},"end":{}}],"line":211},"40":{"loc":{"start":{"line":212,"column":17},"end":{"line":212,"column":null}},"type":"cond-expr","locations":[{"start":{"line":212,"column":49},"end":{"line":212,"column":71}},{"start":{"line":212,"column":71},"end":{"line":212,"column":null}}],"line":212},"41":{"loc":{"start":{"line":214,"column":6},"end":{"line":214,"column":null}},"type":"if","locations":[{"start":{"line":214,"column":6},"end":{"line":214,"column":null}},{"start":{},"end":{}}],"line":214},"42":{"loc":{"start":{"line":226,"column":2},"end":{"line":226,"column":null}},"type":"if","locations":[{"start":{"line":226,"column":2},"end":{"line":226,"column":null}},{"start":{},"end":{}}],"line":226},"43":{"loc":{"start":{"line":228,"column":2},"end":{"line":231,"column":null}},"type":"if","locations":[{"start":{"line":228,"column":2},"end":{"line":231,"column":null}},{"start":{},"end":{}}],"line":228},"44":{"loc":{"start":{"line":275,"column":29},"end":{"line":275,"column":56}},"type":"default-arg","locations":[{"start":{"line":275,"column":46},"end":{"line":275,"column":56}}],"line":275},"45":{"loc":{"start":{"line":280,"column":4},"end":{"line":289,"column":null}},"type":"if","locations":[{"start":{"line":280,"column":4},"end":{"line":289,"column":null}},{"start":{"line":285,"column":11},"end":{"line":289,"column":null}}],"line":280},"46":{"loc":{"start":{"line":282,"column":6},"end":{"line":284,"column":null}},"type":"if","locations":[{"start":{"line":282,"column":6},"end":{"line":284,"column":null}},{"start":{},"end":{}}],"line":282},"47":{"loc":{"start":{"line":335,"column":2},"end":{"line":335,"column":null}},"type":"if","locations":[{"start":{"line":335,"column":2},"end":{"line":335,"column":null}},{"start":{},"end":{}}],"line":335}},"s":{"0":1,"1":0,"2":0,"3":0,"4":0,"5":0,"6":0,"7":0,"8":0,"9":0,"10":0,"11":0,"12":0,"13":0,"14":0,"15":0,"16":0,"17":0,"18":0,"19":0,"20":0,"21":0,"22":0,"23":0,"24":0,"25":0,"26":0,"27":0,"28":0,"29":0,"30":0,"31":0,"32":0,"33":0,"34":1,"35":1,"36":1,"37":8,"38":8,"39":1,"40":1,"41":4,"42":7,"43":3,"44":1,"45":2,"46":2,"47":2,"48":2,"49":4,"50":4,"51":3,"52":3,"53":1,"54":0,"55":9,"56":9,"57":4,"58":19,"59":5,"60":1,"61":3,"62":4,"63":0,"64":0,"65":0,"66":4,"67":3,"68":3,"69":14,"70":1,"71":19,"72":19,"73":2,"74":2,"75":17,"76":2,"77":2,"78":15,"79":8,"80":8,"81":8,"82":27,"83":8,"84":8,"85":8,"86":27,"87":0,"88":27,"89":0,"90":0,"91":0,"92":0,"93":0,"94":0,"95":8,"96":8,"97":7,"98":6,"99":6,"100":6,"101":20,"102":6,"103":6,"104":6,"105":20,"106":0,"107":0,"108":0,"109":0,"110":6,"111":6,"112":1,"113":1,"114":1,"115":4,"116":1,"117":1,"118":1,"119":0,"120":0,"121":1,"122":20,"123":19,"124":1,"125":1,"126":1,"127":0,"128":0,"129":0,"130":0,"131":0,"132":0,"133":1,"134":0,"135":0,"136":0,"137":0,"138":0,"139":0,"140":0,"141":0,"142":0,"143":0,"144":0,"145":0,"146":0,"147":0,"148":0,"149":0,"150":0,"151":0,"152":0,"153":1,"154":18,"155":0,"156":18},"f":{"0":0,"1":0,"2":0,"3":0,"4":0,"5":0,"6":1,"7":8,"8":4,"9":2,"10":2,"11":3,"12":9,"13":19,"14":3,"15":0,"16":14,"17":19,"18":27,"19":27,"20":20,"21":20,"22":4,"23":0,"24":20,"25":0,"26":18},"b":{"0":[0],"1":[0],"2":[0],"3":[0,0],"4":[8],"5":[1,7],"6":[3,4],"7":[1,2],"8":[4,0],"9":[3,1],"10":[9],"11":[4,5],"12":[6,13],"13":[1,4],"14":[0,4],"15":[0,0],"16":[0,0],"17":[3,1],"18":[3,0],"19":[3,1],"20":[1,0],"21":[19],"22":[2,17],"23":[2,15],"24":[8,7],"25":[8,0],"26":[8,0],"27":[8,8],"28":[0,27],"29":[27,1],"30":[0,0],"31":[0,0],"32":[0,0],"33":[0,0],"34":[6,1],"35":[6,0],"36":[6,0],"37":[6,6],"38":[0,0],"39":[1,0],"40":[1,0],"41":[1,0],"42":[19,1],"43":[1,0],"44":[0],"45":[0,0],"46":[0,0],"47":[0,18]},"meta":{"lastBranch":48,"lastFunction":27,"lastStatement":157,"seen":{"s:13:27:13:Infinity":0,"f:16:8:16:12":0,"b:16:43:16:47":0,"s:17:20:17:Infinity":1,"s:18:19:18:Infinity":2,"s:19:4:24:Infinity":3,"s:20:23:20:Infinity":4,"s:21:6:21:Infinity":5,"s:23:6:23:Infinity":6,"f:27:8:27:12":1,"b:27:43:27:47":1,"s:28:20:28:Infinity":7,"s:29:19:29:Infinity":8,"s:30:4:35:Infinity":9,"s:31:23:31:Infinity":10,"s:32:6:32:Infinity":11,"s:34:6:34:Infinity":12,"f:38:8:38:12":2,"b:38:43:38:47":2,"s:39:18:39:Infinity":13,"b:40:4:42:Infinity:undefined:undefined:undefined:undefined":3,"s:40:4:42:Infinity":14,"s:41:6:41:Infinity":15,"s:43:19:43:Infinity":16,"s:44:4:49:Infinity":17,"s:45:23:45:Infinity":18,"s:46:6:46:Infinity":19,"s:48:6:48:Infinity":20,"f:52:8:52:13":3,"s:53:20:53:Infinity":21,"s:54:19:54:Infinity":22,"s:55:4:59:Infinity":23,"s:56:6:56:Infinity":24,"s:58:6:58:Infinity":25,"f:62:10:62:21":4,"s:63:16:63:Infinity":26,"s:64:18:64:Infinity":27,"f:64:39:64:45":5,"s:64:45:64:58":28,"s:65:4:65:Infinity":29,"s:66:4:69:Infinity":30,"s:70:4:70:Infinity":31,"s:71:4:71:Infinity":32,"s:72:4:72:Infinity":33,"f:79:0:79:6":6,"s:80:2:80:Infinity":34,"s:81:2:81:Infinity":35,"s:82:2:82:Infinity":36,"f:84:8:84:12":7,"b:84:43:84:47":4,"s:85:14:85:Infinity":37,"b:86:4:89:Infinity:undefined:undefined:undefined:undefined":5,"s:86:4:89:Infinity":38,"s:87:19:87:Infinity":39,"s:88:6:88:Infinity":40,"f:88:35:88:36":8,"s:88:45:88:84":41,"b:91:4:100:Infinity:undefined:undefined:undefined:undefined":6,"s:91:4:100:Infinity":42,"b:93:6:98:Infinity:undefined:undefined:undefined:undefined":7,"s:93:6:98:Infinity":43,"s:94:8:97:Infinity":44,"f:94:37:94:38":9,"s:95:29:95:Infinity":45,"f:95:47:95:48":10,"s:95:54:95:76":46,"s:96:10:96:Infinity":47,"s:99:6:99:Infinity":48,"b:102:4:108:Infinity:undefined:undefined:undefined:undefined":8,"s:102:4:108:Infinity":49,"b:103:6:106:Infinity:undefined:undefined:undefined:undefined":9,"s:103:6:106:Infinity":50,"s:105:8:105:Infinity":51,"f:105:35:105:36":11,"s:105:42:105:72":52,"s:107:6:107:Infinity":53,"s:109:4:109:Infinity":54,"f:112:8:112:12":12,"b:112:43:112:47":10,"s:113:14:113:Infinity":55,"b:114:4:118:Infinity:undefined:undefined:undefined:undefined":11,"s:114:4:118:Infinity":56,"s:115:6:117:Infinity":57,"f:116:8:116:9":13,"s:116:18:116:Infinity":58,"b:116:62:116:84:116:84:116:Infinity":12,"b:119:4:121:Infinity:undefined:undefined:undefined:undefined":13,"s:119:4:121:Infinity":59,"s:120:6:120:Infinity":60,"f:120:33:120:34":14,"s:120:43:120:68":61,"b:122:4:125:Infinity:undefined:undefined:undefined:undefined":14,"s:122:4:125:Infinity":62,"s:123:17:123:Infinity":63,"b:123:49:123:71:123:71:123:Infinity":15,"s:124:6:124:Infinity":64,"b:124:13:124:61:124:61:124:Infinity":16,"f:124:33:124:34":15,"s:124:43:124:56":65,"b:126:4:129:Infinity:undefined:undefined:undefined:undefined":17,"s:126:4:129:Infinity":66,"s:127:17:127:Infinity":67,"b:127:49:127:71:127:71:127:Infinity":18,"s:128:6:128:Infinity":68,"b:128:13:128:53:128:53:128:Infinity":19,"f:128:31:128:32":16,"s:128:38:128:48":69,"s:130:4:130:Infinity":70,"b:130:11:130:32:130:32:130:Infinity":20,"f:133:8:133:12":17,"b:133:43:133:47":21,"s:134:14:134:Infinity":71,"b:135:4:138:Infinity:undefined:undefined:undefined:undefined":22,"s:135:4:138:Infinity":72,"s:136:6:136:Infinity":73,"s:137:6:137:Infinity":74,"b:139:4:142:Infinity:undefined:undefined:undefined:undefined":23,"s:139:4:142:Infinity":75,"s:140:6:140:Infinity":76,"s:141:6:141:Infinity":77,"b:143:4:180:Infinity:undefined:undefined:undefined:undefined":24,"s:143:4:180:Infinity":78,"s:144:6:144:Infinity":79,"s:145:23:145:Infinity":80,"b:145:23:145:52:145:52:145:Infinity":25,"s:146:19:146:Infinity":81,"f:146:43:146:44":18,"s:146:50:146:58":82,"s:148:24:159:Infinity":83,"b:161:6:176:Infinity:169:13:176:Infinity":26,"s:161:6:176:Infinity":84,"b:161:10:161:29:161:29:161:60":27,"s:162:8:168:Infinity":85,"f:162:21:162:22":19,"b:163:10:167:Infinity:165:17:167:Infinity":28,"s:163:10:167:Infinity":86,"b:163:14:163:32:163:32:163:58":29,"s:164:12:164:Infinity":87,"s:166:12:166:Infinity":88,"s:170:8:170:Infinity":89,"s:171:8:171:Infinity":90,"s:172:8:172:Infinity":91,"b:172:20:172:33:172:33:172:Infinity":30,"s:173:8:173:Infinity":92,"b:173:22:173:35:173:35:173:Infinity":31,"s:174:8:174:Infinity":93,"b:174:22:174:35:174:35:174:Infinity":32,"s:175:8:175:Infinity":94,"b:175:24:175:37:175:37:175:Infinity":33,"s:178:6:178:Infinity":95,"s:179:6:179:Infinity":96,"b:181:4:210:Infinity:undefined:undefined:undefined:undefined":34,"s:181:4:210:Infinity":97,"s:182:6:182:Infinity":98,"s:183:23:183:Infinity":99,"b:183:23:183:52:183:52:183:Infinity":35,"s:184:19:184:Infinity":100,"f:184:43:184:44":20,"s:184:50:184:58":101,"s:186:24:195:Infinity":102,"b:197:6:206:Infinity:201:13:206:Infinity":36,"s:197:6:206:Infinity":103,"b:197:10:197:29:197:29:197:60":37,"s:198:8:200:Infinity":104,"f:198:21:198:22":21,"s:199:10:199:Infinity":105,"s:202:8:202:Infinity":106,"s:203:8:203:Infinity":107,"s:204:8:204:Infinity":108,"s:205:8:205:Infinity":109,"b:205:24:205:37:205:37:205:Infinity":38,"s:208:6:208:Infinity":110,"s:209:6:209:Infinity":111,"b:211:4:216:Infinity:undefined:undefined:undefined:undefined":39,"s:211:4:216:Infinity":112,"s:212:17:212:Infinity":113,"b:212:49:212:71:212:71:212:Infinity":40,"s:213:21:213:Infinity":114,"f:213:39:213:40":22,"s:213:46:213:56":115,"b:214:6:214:Infinity:undefined:undefined:undefined:undefined":41,"s:214:6:214:Infinity":116,"s:214:18:214:Infinity":117,"s:215:6:215:Infinity":118,"s:217:4:217:Infinity":119,"f:220:8:220:13":23,"s:221:4:221:Infinity":120,"s:225:22:273:Infinity":121,"f:225:22:225:34":24,"b:226:2:226:Infinity:undefined:undefined:undefined:undefined":42,"s:226:2:226:Infinity":122,"s:226:10:226:Infinity":123,"b:228:2:231:Infinity:undefined:undefined:undefined:undefined":43,"s:228:2:231:Infinity":124,"s:229:4:229:Infinity":125,"s:230:4:230:Infinity":126,"s:233:2:233:Infinity":127,"s:234:2:234:Infinity":128,"s:236:2:270:Infinity":129,"s:237:4:267:Infinity":130,"s:269:4:269:Infinity":131,"s:272:2:272:Infinity":132,"s:275:22:332:Infinity":133,"f:275:22:275:29":25,"b:275:46:275:56":44,"s:276:2:276:Infinity":134,"s:277:17:277:Infinity":135,"s:279:2:331:Infinity":136,"b:280:4:289:Infinity:285:11:289:Infinity":45,"s:280:4:289:Infinity":137,"s:281:23:281:Infinity":138,"b:282:6:284:Infinity:undefined:undefined:undefined:undefined":46,"s:282:6:284:Infinity":139,"s:283:8:283:Infinity":140,"s:286:6:286:Infinity":141,"s:287:6:287:Infinity":142,"s:288:6:288:Infinity":143,"s:291:4:291:Infinity":144,"s:293:15:304:Infinity":145,"s:305:4:305:Infinity":146,"s:307:15:318:Infinity":147,"s:319:4:319:Infinity":148,"s:321:4:325:Infinity":149,"s:327:4:327:Infinity":150,"s:328:4:328:Infinity":151,"s:330:4:330:Infinity":152,"s:334:21:337:Infinity":153,"f:334:21:334:27":26,"b:335:2:335:Infinity:undefined:undefined:undefined:undefined":47,"s:335:2:335:Infinity":154,"s:335:11:335:Infinity":155,"s:336:2:336:Infinity":156}}}
,"/Users/lonnyangell/dev/chainOverflow/server/src/index.ts": {"path":"/Users/lonnyangell/dev/chainOverflow/server/src/index.ts","statementMap":{"0":{"start":{"line":9,"column":0},"end":{"line":9,"column":null}},"1":{"start":{"line":12,"column":6},"end":{"line":12,"column":null}},"2":{"start":{"line":14,"column":13},"end":{"line":14,"column":null}},"3":{"start":{"line":16,"column":0},"end":{"line":20,"column":null}},"4":{"start":{"line":22,"column":0},"end":{"line":22,"column":null}},"5":{"start":{"line":23,"column":0},"end":{"line":23,"column":null}},"6":{"start":{"line":24,"column":0},"end":{"line":24,"column":null}},"7":{"start":{"line":26,"column":0},"end":{"line":28,"column":null}},"8":{"start":{"line":27,"column":2},"end":{"line":27,"column":null}},"9":{"start":{"line":30,"column":0},"end":{"line":32,"column":null}},"10":{"start":{"line":31,"column":2},"end":{"line":31,"column":null}},"11":{"start":{"line":35,"column":0},"end":{"line":46,"column":null}},"12":{"start":{"line":37,"column":2},"end":{"line":37,"column":null}},"13":{"start":{"line":37,"column":32},"end":{"line":37,"column":null}},"14":{"start":{"line":39,"column":2},"end":{"line":45,"column":null}},"15":{"start":{"line":40,"column":4},"end":{"line":40,"column":null}},"16":{"start":{"line":41,"column":4},"end":{"line":41,"column":null}},"17":{"start":{"line":43,"column":4},"end":{"line":43,"column":null}},"18":{"start":{"line":44,"column":4},"end":{"line":44,"column":null}},"19":{"start":{"line":48,"column":0},"end":{"line":48,"column":null}},"20":{"start":{"line":49,"column":0},"end":{"line":49,"column":null}},"21":{"start":{"line":52,"column":0},"end":{"line":66,"column":null}},"22":{"start":{"line":53,"column":2},"end":{"line":65,"column":null}},"23":{"start":{"line":55,"column":21},"end":{"line":57,"column":null}},"24":{"start":{"line":56,"column":8},"end":{"line":56,"column":null}},"25":{"start":{"line":59,"column":6},"end":{"line":61,"column":null}},"26":{"start":{"line":60,"column":8},"end":{"line":60,"column":null}},"27":{"start":{"line":64,"column":6},"end":{"line":64,"column":null}},"28":{"start":{"line":68,"column":0},"end":{"line":70,"column":null}},"29":{"start":{"line":69,"column":2},"end":{"line":69,"column":null}},"30":{"start":{"line":72,"column":0},"end":{"line":74,"column":null}},"31":{"start":{"line":73,"column":2},"end":{"line":73,"column":null}}},"fnMap":{"0":{"name":"(anonymous_0)","decl":{"start":{"line":26,"column":21},"end":{"line":26,"column":22}},"loc":{"start":{"line":26,"column":55},"end":{"line":28,"column":1}},"line":26},"1":{"name":"(anonymous_1)","decl":{"start":{"line":30,"column":13},"end":{"line":30,"column":14}},"loc":{"start":{"line":30,"column":47},"end":{"line":32,"column":1}},"line":30},"2":{"name":"(anonymous_2)","decl":{"start":{"line":35,"column":8},"end":{"line":35,"column":15}},"loc":{"start":{"line":35,"column":35},"end":{"line":46,"column":1}},"line":35},"3":{"name":"(anonymous_3)","decl":{"start":{"line":54,"column":10},"end":{"line":54,"column":16}},"loc":{"start":{"line":54,"column":16},"end":{"line":62,"column":5}},"line":54},"4":{"name":"(anonymous_4)","decl":{"start":{"line":55,"column":38},"end":{"line":55,"column":44}},"loc":{"start":{"line":55,"column":44},"end":{"line":57,"column":7}},"line":55},"5":{"name":"(anonymous_5)","decl":{"start":{"line":59,"column":25},"end":{"line":59,"column":26}},"loc":{"start":{"line":59,"column":39},"end":{"line":61,"column":7}},"line":59},"6":{"name":"(anonymous_6)","decl":{"start":{"line":63,"column":11},"end":{"line":63,"column":12}},"loc":{"start":{"line":63,"column":20},"end":{"line":65,"column":5}},"line":63},"7":{"name":"(anonymous_7)","decl":{"start":{"line":68,"column":33},"end":{"line":68,"column":34}},"loc":{"start":{"line":68,"column":54},"end":{"line":70,"column":1}},"line":68},"8":{"name":"(anonymous_8)","decl":{"start":{"line":72,"column":32},"end":{"line":72,"column":33}},"loc":{"start":{"line":72,"column":41},"end":{"line":74,"column":1}},"line":72}},"branchMap":{"0":{"loc":{"start":{"line":14,"column":13},"end":{"line":14,"column":null}},"type":"binary-expr","locations":[{"start":{"line":14,"column":13},"end":{"line":14,"column":33}},{"start":{"line":14,"column":33},"end":{"line":14,"column":null}}],"line":14},"1":{"loc":{"start":{"line":18,"column":7},"end":{"line":18,"column":null}},"type":"binary-expr","locations":[{"start":{"line":18,"column":7},"end":{"line":18,"column":31}},{"start":{"line":18,"column":31},"end":{"line":18,"column":null}}],"line":18},"2":{"loc":{"start":{"line":19,"column":9},"end":{"line":19,"column":null}},"type":"cond-expr","locations":[{"start":{"line":19,"column":37},"end":{"line":19,"column":90}},{"start":{"line":19,"column":90},"end":{"line":19,"column":null}}],"line":19},"3":{"loc":{"start":{"line":37,"column":2},"end":{"line":37,"column":null}},"type":"if","locations":[{"start":{"line":37,"column":2},"end":{"line":37,"column":null}},{"start":{},"end":{}}],"line":37},"4":{"loc":{"start":{"line":52,"column":0},"end":{"line":66,"column":null}},"type":"if","locations":[{"start":{"line":52,"column":0},"end":{"line":66,"column":null}},{"start":{},"end":{}}],"line":52},"5":{"loc":{"start":{"line":52,"column":4},"end":{"line":52,"column":60}},"type":"binary-expr","locations":[{"start":{"line":52,"column":4},"end":{"line":52,"column":39}},{"start":{"line":52,"column":39},"end":{"line":52,"column":60}}],"line":52}},"s":{"0":1,"1":1,"2":1,"3":1,"4":1,"5":1,"6":1,"7":1,"8":0,"9":1,"10":1,"11":1,"12":19,"13":0,"14":19,"15":19,"16":19,"17":0,"18":0,"19":1,"20":1,"21":1,"22":0,"23":0,"24":0,"25":0,"26":0,"27":0,"28":1,"29":0,"30":1,"31":0},"f":{"0":0,"1":1,"2":19,"3":0,"4":0,"5":0,"6":0,"7":0,"8":0},"b":{"0":[1,0],"1":[1,0],"2":[1,0],"3":[0,19],"4":[0,1],"5":[1,0]},"meta":{"lastBranch":6,"lastFunction":9,"lastStatement":32,"seen":{"s:9:0:9:Infinity":0,"s:12:6:12:Infinity":1,"s:14:13:14:Infinity":2,"b:14:13:14:33:14:33:14:Infinity":0,"s:16:0:20:Infinity":3,"b:18:7:18:31:18:31:18:Infinity":1,"b:19:37:19:90:19:90:19:Infinity":2,"s:22:0:22:Infinity":4,"s:23:0:23:Infinity":5,"s:24:0:24:Infinity":6,"s:26:0:28:Infinity":7,"f:26:21:26:22":0,"s:27:2:27:Infinity":8,"s:30:0:32:Infinity":9,"f:30:13:30:14":1,"s:31:2:31:Infinity":10,"s:35:0:46:Infinity":11,"f:35:8:35:15":2,"b:37:2:37:Infinity:undefined:undefined:undefined:undefined":3,"s:37:2:37:Infinity":12,"s:37:32:37:Infinity":13,"s:39:2:45:Infinity":14,"s:40:4:40:Infinity":15,"s:41:4:41:Infinity":16,"s:43:4:43:Infinity":17,"s:44:4:44:Infinity":18,"s:48:0:48:Infinity":19,"s:49:0:49:Infinity":20,"b:52:0:66:Infinity:undefined:undefined:undefined:undefined":4,"s:52:0:66:Infinity":21,"b:52:4:52:39:52:39:52:60":5,"s:53:2:65:Infinity":22,"f:54:10:54:16":3,"s:55:21:57:Infinity":23,"f:55:38:55:44":4,"s:56:8:56:Infinity":24,"s:59:6:61:Infinity":25,"f:59:25:59:26":5,"s:60:8:60:Infinity":26,"f:63:11:63:12":6,"s:64:6:64:Infinity":27,"s:68:0:70:Infinity":28,"f:68:33:68:34":7,"s:69:2:69:Infinity":29,"s:72:0:74:Infinity":30,"f:72:32:72:33":8,"s:73:2:73:Infinity":31}}}
,"/Users/lonnyangell/dev/chainOverflow/server/src/routes.ts": {"path":"/Users/lonnyangell/dev/chainOverflow/server/src/routes.ts","statementMap":{"0":{"start":{"line":6,"column":15},"end":{"line":6,"column":null}},"1":{"start":{"line":9,"column":0},"end":{"line":15,"column":null}},"2":{"start":{"line":10,"column":2},"end":{"line":14,"column":null}},"3":{"start":{"line":18,"column":0},"end":{"line":49,"column":null}},"4":{"start":{"line":19,"column":2},"end":{"line":48,"column":null}},"5":{"start":{"line":20,"column":10},"end":{"line":20,"column":null}},"6":{"start":{"line":21,"column":16},"end":{"line":21,"column":null}},"7":{"start":{"line":22,"column":22},"end":{"line":22,"column":null}},"8":{"start":{"line":25,"column":19},"end":{"line":29,"column":null}},"9":{"start":{"line":31,"column":27},"end":{"line":33,"column":null}},"10":{"start":{"line":33,"column":20},"end":{"line":33,"column":49}},"11":{"start":{"line":35,"column":4},"end":{"line":41,"column":null}},"12":{"start":{"line":38,"column":32},"end":{"line":38,"column":44}},"13":{"start":{"line":43,"column":4},"end":{"line":47,"column":null}},"14":{"start":{"line":52,"column":0},"end":{"line":61,"column":null}},"15":{"start":{"line":53,"column":2},"end":{"line":60,"column":null}},"16":{"start":{"line":54,"column":18},"end":{"line":54,"column":null}},"17":{"start":{"line":55,"column":19},"end":{"line":55,"column":null}},"18":{"start":{"line":56,"column":4},"end":{"line":56,"column":null}},"19":{"start":{"line":58,"column":4},"end":{"line":58,"column":null}},"20":{"start":{"line":59,"column":4},"end":{"line":59,"column":null}},"21":{"start":{"line":64,"column":0},"end":{"line":129,"column":null}},"22":{"start":{"line":65,"column":2},"end":{"line":128,"column":null}},"23":{"start":{"line":66,"column":10},"end":{"line":66,"column":null}},"24":{"start":{"line":67,"column":18},"end":{"line":67,"column":null}},"25":{"start":{"line":69,"column":25},"end":{"line":69,"column":null}},"26":{"start":{"line":70,"column":4},"end":{"line":96,"column":null}},"27":{"start":{"line":71,"column":6},"end":{"line":71,"column":null}},"28":{"start":{"line":79,"column":4},"end":{"line":96,"column":null}},"29":{"start":{"line":81,"column":6},"end":{"line":81,"column":null}},"30":{"start":{"line":91,"column":6},"end":{"line":91,"column":null}},"31":{"start":{"line":98,"column":22},"end":{"line":98,"column":null}},"32":{"start":{"line":100,"column":4},"end":{"line":100,"column":null}},"33":{"start":{"line":100,"column":32},"end":{"line":100,"column":null}},"34":{"start":{"line":103,"column":24},"end":{"line":103,"column":null}},"35":{"start":{"line":103,"column":45},"end":{"line":103,"column":49}},"36":{"start":{"line":104,"column":30},"end":{"line":104,"column":null}},"37":{"start":{"line":104,"column":52},"end":{"line":104,"column":55}},"38":{"start":{"line":106,"column":20},"end":{"line":113,"column":null}},"39":{"start":{"line":116,"column":17},"end":{"line":119,"column":null}},"40":{"start":{"line":116,"column":39},"end":{"line":119,"column":6}},"41":{"start":{"line":118,"column":37},"end":{"line":118,"column":59}},"42":{"start":{"line":121,"column":4},"end":{"line":121,"column":null}},"43":{"start":{"line":123,"column":4},"end":{"line":123,"column":null}},"44":{"start":{"line":124,"column":4},"end":{"line":127,"column":null}},"45":{"start":{"line":132,"column":0},"end":{"line":157,"column":null}},"46":{"start":{"line":133,"column":2},"end":{"line":156,"column":null}},"47":{"start":{"line":134,"column":19},"end":{"line":134,"column":null}},"48":{"start":{"line":135,"column":10},"end":{"line":135,"column":null}},"49":{"start":{"line":137,"column":21},"end":{"line":137,"column":null}},"50":{"start":{"line":138,"column":4},"end":{"line":138,"column":null}},"51":{"start":{"line":138,"column":19},"end":{"line":138,"column":null}},"52":{"start":{"line":140,"column":20},"end":{"line":147,"column":null}},"53":{"start":{"line":149,"column":4},"end":{"line":152,"column":null}},"54":{"start":{"line":154,"column":4},"end":{"line":154,"column":null}},"55":{"start":{"line":155,"column":4},"end":{"line":155,"column":null}},"56":{"start":{"line":160,"column":0},"end":{"line":182,"column":null}},"57":{"start":{"line":161,"column":2},"end":{"line":181,"column":null}},"58":{"start":{"line":162,"column":18},"end":{"line":162,"column":null}},"59":{"start":{"line":163,"column":4},"end":{"line":163,"column":null}},"60":{"start":{"line":163,"column":12},"end":{"line":163,"column":null}},"61":{"start":{"line":165,"column":10},"end":{"line":165,"column":null}},"62":{"start":{"line":166,"column":18},"end":{"line":166,"column":null}},"63":{"start":{"line":169,"column":20},"end":{"line":176,"column":null}},"64":{"start":{"line":178,"column":4},"end":{"line":178,"column":null}},"65":{"start":{"line":180,"column":4},"end":{"line":180,"column":null}},"66":{"start":{"line":185,"column":0},"end":{"line":209,"column":null}},"67":{"start":{"line":186,"column":2},"end":{"line":208,"column":null}},"68":{"start":{"line":187,"column":63},"end":{"line":187,"column":null}},"69":{"start":{"line":188,"column":10},"end":{"line":188,"column":null}},"70":{"start":{"line":190,"column":19},"end":{"line":196,"column":null}},"71":{"start":{"line":198,"column":4},"end":{"line":198,"column":null}},"72":{"start":{"line":200,"column":4},"end":{"line":204,"column":null}},"73":{"start":{"line":206,"column":4},"end":{"line":206,"column":null}},"74":{"start":{"line":207,"column":4},"end":{"line":207,"column":null}},"75":{"start":{"line":212,"column":0},"end":{"line":238,"column":null}},"76":{"start":{"line":213,"column":2},"end":{"line":237,"column":null}},"77":{"start":{"line":214,"column":44},"end":{"line":214,"column":null}},"78":{"start":{"line":215,"column":10},"end":{"line":215,"column":null}},"79":{"start":{"line":217,"column":21},"end":{"line":217,"column":null}},"80":{"start":{"line":219,"column":19},"end":{"line":225,"column":null}},"81":{"start":{"line":227,"column":4},"end":{"line":227,"column":null}},"82":{"start":{"line":229,"column":4},"end":{"line":233,"column":null}},"83":{"start":{"line":235,"column":4},"end":{"line":235,"column":null}},"84":{"start":{"line":236,"column":4},"end":{"line":236,"column":null}},"85":{"start":{"line":241,"column":0},"end":{"line":292,"column":null}},"86":{"start":{"line":242,"column":2},"end":{"line":291,"column":null}},"87":{"start":{"line":243,"column":19},"end":{"line":243,"column":null}},"88":{"start":{"line":244,"column":22},"end":{"line":244,"column":null}},"89":{"start":{"line":245,"column":10},"end":{"line":245,"column":null}},"90":{"start":{"line":248,"column":19},"end":{"line":248,"column":null}},"91":{"start":{"line":249,"column":4},"end":{"line":249,"column":null}},"92":{"start":{"line":249,"column":17},"end":{"line":249,"column":null}},"93":{"start":{"line":251,"column":21},"end":{"line":251,"column":null}},"94":{"start":{"line":252,"column":4},"end":{"line":252,"column":null}},"95":{"start":{"line":252,"column":19},"end":{"line":252,"column":null}},"96":{"start":{"line":255,"column":4},"end":{"line":257,"column":null}},"97":{"start":{"line":256,"column":6},"end":{"line":256,"column":null}},"98":{"start":{"line":260,"column":4},"end":{"line":262,"column":null}},"99":{"start":{"line":261,"column":6},"end":{"line":261,"column":null}},"100":{"start":{"line":265,"column":4},"end":{"line":265,"column":null}},"101":{"start":{"line":269,"column":29},"end":{"line":269,"column":null}},"102":{"start":{"line":270,"column":17},"end":{"line":270,"column":null}},"103":{"start":{"line":271,"column":4},"end":{"line":282,"column":null}},"104":{"start":{"line":272,"column":6},"end":{"line":272,"column":null}},"105":{"start":{"line":273,"column":6},"end":{"line":279,"column":null}},"106":{"start":{"line":281,"column":6},"end":{"line":281,"column":null}},"107":{"start":{"line":284,"column":4},"end":{"line":287,"column":null}},"108":{"start":{"line":289,"column":4},"end":{"line":289,"column":null}},"109":{"start":{"line":290,"column":4},"end":{"line":290,"column":null}},"110":{"start":{"line":296,"column":0},"end":{"line":309,"column":null}},"111":{"start":{"line":297,"column":2},"end":{"line":308,"column":null}},"112":{"start":{"line":298,"column":31},"end":{"line":298,"column":null}},"113":{"start":{"line":299,"column":4},"end":{"line":301,"column":null}},"114":{"start":{"line":300,"column":6},"end":{"line":300,"column":null}},"115":{"start":{"line":303,"column":19},"end":{"line":303,"column":null}},"116":{"start":{"line":304,"column":4},"end":{"line":304,"column":null}},"117":{"start":{"line":306,"column":4},"end":{"line":306,"column":null}},"118":{"start":{"line":307,"column":4},"end":{"line":307,"column":null}}},"fnMap":{"0":{"name":"(anonymous_0)","decl":{"start":{"line":9,"column":20},"end":{"line":9,"column":21}},"loc":{"start":{"line":9,"column":54},"end":{"line":15,"column":1}},"line":9},"1":{"name":"(anonymous_1)","decl":{"start":{"line":18,"column":24},"end":{"line":18,"column":31}},"loc":{"start":{"line":18,"column":64},"end":{"line":49,"column":1}},"line":18},"2":{"name":"(anonymous_2)","decl":{"start":{"line":33,"column":13},"end":{"line":33,"column":20}},"loc":{"start":{"line":33,"column":20},"end":{"line":33,"column":49}},"line":33},"3":{"name":"(anonymous_3)","decl":{"start":{"line":38,"column":25},"end":{"line":38,"column":26}},"loc":{"start":{"line":38,"column":32},"end":{"line":38,"column":44}},"line":38},"4":{"name":"(anonymous_4)","decl":{"start":{"line":52,"column":20},"end":{"line":52,"column":27}},"loc":{"start":{"line":52,"column":59},"end":{"line":61,"column":1}},"line":52},"5":{"name":"(anonymous_5)","decl":{"start":{"line":64,"column":20},"end":{"line":64,"column":27}},"loc":{"start":{"line":64,"column":59},"end":{"line":129,"column":1}},"line":64},"6":{"name":"(anonymous_6)","decl":{"start":{"line":103,"column":38},"end":{"line":103,"column":39}},"loc":{"start":{"line":103,"column":45},"end":{"line":103,"column":49}},"line":103},"7":{"name":"(anonymous_7)","decl":{"start":{"line":104,"column":46},"end":{"line":104,"column":52}},"loc":{"start":{"line":104,"column":52},"end":{"line":104,"column":55}},"line":104},"8":{"name":"(anonymous_8)","decl":{"start":{"line":116,"column":31},"end":{"line":116,"column":32}},"loc":{"start":{"line":116,"column":39},"end":{"line":119,"column":6}},"line":116},"9":{"name":"(anonymous_9)","decl":{"start":{"line":118,"column":30},"end":{"line":118,"column":31}},"loc":{"start":{"line":118,"column":37},"end":{"line":118,"column":59}},"line":118},"10":{"name":"(anonymous_10)","decl":{"start":{"line":132,"column":29},"end":{"line":132,"column":36}},"loc":{"start":{"line":132,"column":68},"end":{"line":157,"column":1}},"line":132},"11":{"name":"(anonymous_11)","decl":{"start":{"line":160,"column":22},"end":{"line":160,"column":29}},"loc":{"start":{"line":160,"column":61},"end":{"line":182,"column":1}},"line":160},"12":{"name":"(anonymous_12)","decl":{"start":{"line":185,"column":26},"end":{"line":185,"column":33}},"loc":{"start":{"line":185,"column":65},"end":{"line":209,"column":1}},"line":185},"13":{"name":"(anonymous_13)","decl":{"start":{"line":212,"column":24},"end":{"line":212,"column":31}},"loc":{"start":{"line":212,"column":63},"end":{"line":238,"column":1}},"line":212},"14":{"name":"(anonymous_14)","decl":{"start":{"line":241,"column":35},"end":{"line":241,"column":42}},"loc":{"start":{"line":241,"column":74},"end":{"line":292,"column":1}},"line":241},"15":{"name":"(anonymous_15)","decl":{"start":{"line":296,"column":24},"end":{"line":296,"column":31}},"loc":{"start":{"line":296,"column":63},"end":{"line":309,"column":1}},"line":296}},"branchMap":{"0":{"loc":{"start":{"line":21,"column":16},"end":{"line":21,"column":null}},"type":"binary-expr","locations":[{"start":{"line":21,"column":16},"end":{"line":21,"column":44}},{"start":{"line":21,"column":44},"end":{"line":21,"column":null}}],"line":21},"1":{"loc":{"start":{"line":40,"column":17},"end":{"line":40,"column":null}},"type":"binary-expr","locations":[{"start":{"line":40,"column":17},"end":{"line":40,"column":43}},{"start":{"line":40,"column":43},"end":{"line":40,"column":null}}],"line":40},"2":{"loc":{"start":{"line":67,"column":18},"end":{"line":67,"column":null}},"type":"binary-expr","locations":[{"start":{"line":67,"column":18},"end":{"line":67,"column":47}},{"start":{"line":67,"column":47},"end":{"line":67,"column":null}}],"line":67},"3":{"loc":{"start":{"line":70,"column":4},"end":{"line":96,"column":null}},"type":"if","locations":[{"start":{"line":70,"column":4},"end":{"line":96,"column":null}},{"start":{"line":79,"column":4},"end":{"line":96,"column":null}}],"line":70},"4":{"loc":{"start":{"line":79,"column":4},"end":{"line":96,"column":null}},"type":"if","locations":[{"start":{"line":79,"column":4},"end":{"line":96,"column":null}},{"start":{"line":89,"column":11},"end":{"line":96,"column":null}}],"line":79},"5":{"loc":{"start":{"line":100,"column":4},"end":{"line":100,"column":null}},"type":"if","locations":[{"start":{"line":100,"column":4},"end":{"line":100,"column":null}},{"start":{},"end":{}}],"line":100},"6":{"loc":{"start":{"line":126,"column":15},"end":{"line":126,"column":null}},"type":"cond-expr","locations":[{"start":{"line":126,"column":40},"end":{"line":126,"column":56}},{"start":{"line":126,"column":56},"end":{"line":126,"column":null}}],"line":126},"7":{"loc":{"start":{"line":138,"column":4},"end":{"line":138,"column":null}},"type":"if","locations":[{"start":{"line":138,"column":4},"end":{"line":138,"column":null}},{"start":{},"end":{}}],"line":138},"8":{"loc":{"start":{"line":163,"column":4},"end":{"line":163,"column":null}},"type":"if","locations":[{"start":{"line":163,"column":4},"end":{"line":163,"column":null}},{"start":{},"end":{}}],"line":163},"9":{"loc":{"start":{"line":249,"column":4},"end":{"line":249,"column":null}},"type":"if","locations":[{"start":{"line":249,"column":4},"end":{"line":249,"column":null}},{"start":{},"end":{}}],"line":249},"10":{"loc":{"start":{"line":252,"column":4},"end":{"line":252,"column":null}},"type":"if","locations":[{"start":{"line":252,"column":4},"end":{"line":252,"column":null}},{"start":{},"end":{}}],"line":252},"11":{"loc":{"start":{"line":255,"column":4},"end":{"line":257,"column":null}},"type":"if","locations":[{"start":{"line":255,"column":4},"end":{"line":257,"column":null}},{"start":{},"end":{}}],"line":255},"12":{"loc":{"start":{"line":255,"column":8},"end":{"line":255,"column":73}},"type":"binary-expr","locations":[{"start":{"line":255,"column":8},"end":{"line":255,"column":18}},{"start":{"line":255,"column":18},"end":{"line":255,"column":73}}],"line":255},"13":{"loc":{"start":{"line":260,"column":4},"end":{"line":262,"column":null}},"type":"if","locations":[{"start":{"line":260,"column":4},"end":{"line":262,"column":null}},{"start":{},"end":{}}],"line":260},"14":{"loc":{"start":{"line":269,"column":29},"end":{"line":269,"column":null}},"type":"binary-expr","locations":[{"start":{"line":269,"column":29},"end":{"line":269,"column":51}},{"start":{"line":269,"column":51},"end":{"line":269,"column":null}}],"line":269},"15":{"loc":{"start":{"line":299,"column":4},"end":{"line":301,"column":null}},"type":"if","locations":[{"start":{"line":299,"column":4},"end":{"line":301,"column":null}},{"start":{},"end":{}}],"line":299},"16":{"loc":{"start":{"line":299,"column":8},"end":{"line":299,"column":28}},"type":"binary-expr","locations":[{"start":{"line":299,"column":8},"end":{"line":299,"column":19}},{"start":{"line":299,"column":19},"end":{"line":299,"column":28}}],"line":299}},"s":{"0":1,"1":1,"2":0,"3":1,"4":0,"5":0,"6":0,"7":0,"8":0,"9":0,"10":0,"11":0,"12":0,"13":0,"14":1,"15":0,"16":0,"17":0,"18":0,"19":0,"20":0,"21":1,"22":3,"23":3,"24":3,"25":3,"26":3,"27":1,"28":2,"29":1,"30":1,"31":3,"32":3,"33":0,"34":3,"35":4,"36":3,"37":4,"38":3,"39":3,"40":4,"41":3,"42":3,"43":0,"44":0,"45":1,"46":2,"47":2,"48":2,"49":2,"50":2,"51":1,"52":1,"53":1,"54":0,"55":0,"56":1,"57":2,"58":2,"59":2,"60":1,"61":1,"62":1,"63":1,"64":1,"65":0,"66":1,"67":1,"68":1,"69":1,"70":1,"71":1,"72":1,"73":0,"74":0,"75":1,"76":2,"77":2,"78":2,"79":2,"80":2,"81":2,"82":2,"83":0,"84":0,"85":1,"86":3,"87":3,"88":3,"89":3,"90":3,"91":3,"92":1,"93":2,"94":2,"95":0,"96":2,"97":1,"98":1,"99":0,"100":1,"101":1,"102":3,"103":3,"104":3,"105":1,"106":0,"107":1,"108":0,"109":0,"110":1,"111":2,"112":2,"113":2,"114":1,"115":1,"116":1,"117":0,"118":0},"f":{"0":0,"1":0,"2":0,"3":0,"4":0,"5":3,"6":4,"7":4,"8":4,"9":3,"10":2,"11":2,"12":1,"13":2,"14":3,"15":2},"b":{"0":[0,0],"1":[0,0],"2":[3,1],"3":[1,2],"4":[1,1],"5":[0,3],"6":[0,0],"7":[1,1],"8":[1,1],"9":[1,2],"10":[0,2],"11":[1,1],"12":[2,2],"13":[0,1],"14":[1,0],"15":[1,1],"16":[2,1]},"meta":{"lastBranch":17,"lastFunction":16,"lastStatement":119,"seen":{"s:6:15:6:Infinity":0,"s:9:0:15:Infinity":1,"f:9:20:9:21":0,"s:10:2:14:Infinity":2,"s:18:0:49:Infinity":3,"f:18:24:18:31":1,"s:19:2:48:Infinity":4,"s:20:10:20:Infinity":5,"s:21:16:21:Infinity":6,"b:21:16:21:44:21:44:21:Infinity":0,"s:22:22:22:Infinity":7,"s:25:19:29:Infinity":8,"s:31:27:33:Infinity":9,"f:33:13:33:20":2,"s:33:20:33:49":10,"s:35:4:41:Infinity":11,"f:38:25:38:26":3,"s:38:32:38:44":12,"b:40:17:40:43:40:43:40:Infinity":1,"s:43:4:47:Infinity":13,"s:52:0:61:Infinity":14,"f:52:20:52:27":4,"s:53:2:60:Infinity":15,"s:54:18:54:Infinity":16,"s:55:19:55:Infinity":17,"s:56:4:56:Infinity":18,"s:58:4:58:Infinity":19,"s:59:4:59:Infinity":20,"s:64:0:129:Infinity":21,"f:64:20:64:27":5,"s:65:2:128:Infinity":22,"s:66:10:66:Infinity":23,"s:67:18:67:Infinity":24,"b:67:18:67:47:67:47:67:Infinity":2,"s:69:25:69:Infinity":25,"b:70:4:96:Infinity:79:4:96:Infinity":3,"s:70:4:96:Infinity":26,"s:71:6:71:Infinity":27,"b:79:4:96:Infinity:89:11:96:Infinity":4,"s:79:4:96:Infinity":28,"s:81:6:81:Infinity":29,"s:91:6:91:Infinity":30,"s:98:22:98:Infinity":31,"b:100:4:100:Infinity:undefined:undefined:undefined:undefined":5,"s:100:4:100:Infinity":32,"s:100:32:100:Infinity":33,"s:103:24:103:Infinity":34,"f:103:38:103:39":6,"s:103:45:103:49":35,"s:104:30:104:Infinity":36,"f:104:46:104:52":7,"s:104:52:104:55":37,"s:106:20:113:Infinity":38,"s:116:17:119:Infinity":39,"f:116:31:116:32":8,"s:116:39:119:6":40,"f:118:30:118:31":9,"s:118:37:118:59":41,"s:121:4:121:Infinity":42,"s:123:4:123:Infinity":43,"s:124:4:127:Infinity":44,"b:126:40:126:56:126:56:126:Infinity":6,"s:132:0:157:Infinity":45,"f:132:29:132:36":10,"s:133:2:156:Infinity":46,"s:134:19:134:Infinity":47,"s:135:10:135:Infinity":48,"s:137:21:137:Infinity":49,"b:138:4:138:Infinity:undefined:undefined:undefined:undefined":7,"s:138:4:138:Infinity":50,"s:138:19:138:Infinity":51,"s:140:20:147:Infinity":52,"s:149:4:152:Infinity":53,"s:154:4:154:Infinity":54,"s:155:4:155:Infinity":55,"s:160:0:182:Infinity":56,"f:160:22:160:29":11,"s:161:2:181:Infinity":57,"s:162:18:162:Infinity":58,"b:163:4:163:Infinity:undefined:undefined:undefined:undefined":8,"s:163:4:163:Infinity":59,"s:163:12:163:Infinity":60,"s:165:10:165:Infinity":61,"s:166:18:166:Infinity":62,"s:169:20:176:Infinity":63,"s:178:4:178:Infinity":64,"s:180:4:180:Infinity":65,"s:185:0:209:Infinity":66,"f:185:26:185:33":12,"s:186:2:208:Infinity":67,"s:187:63:187:Infinity":68,"s:188:10:188:Infinity":69,"s:190:19:196:Infinity":70,"s:198:4:198:Infinity":71,"s:200:4:204:Infinity":72,"s:206:4:206:Infinity":73,"s:207:4:207:Infinity":74,"s:212:0:238:Infinity":75,"f:212:24:212:31":13,"s:213:2:237:Infinity":76,"s:214:44:214:Infinity":77,"s:215:10:215:Infinity":78,"s:217:21:217:Infinity":79,"s:219:19:225:Infinity":80,"s:227:4:227:Infinity":81,"s:229:4:233:Infinity":82,"s:235:4:235:Infinity":83,"s:236:4:236:Infinity":84,"s:241:0:292:Infinity":85,"f:241:35:241:42":14,"s:242:2:291:Infinity":86,"s:243:19:243:Infinity":87,"s:244:22:244:Infinity":88,"s:245:10:245:Infinity":89,"s:248:19:248:Infinity":90,"b:249:4:249:Infinity:undefined:undefined:undefined:undefined":9,"s:249:4:249:Infinity":91,"s:249:17:249:Infinity":92,"s:251:21:251:Infinity":93,"b:252:4:252:Infinity:undefined:undefined:undefined:undefined":10,"s:252:4:252:Infinity":94,"s:252:19:252:Infinity":95,"b:255:4:257:Infinity:undefined:undefined:undefined:undefined":11,"s:255:4:257:Infinity":96,"b:255:8:255:18:255:18:255:73":12,"s:256:6:256:Infinity":97,"b:260:4:262:Infinity:undefined:undefined:undefined:undefined":13,"s:260:4:262:Infinity":98,"s:261:6:261:Infinity":99,"s:265:4:265:Infinity":100,"s:269:29:269:Infinity":101,"b:269:29:269:51:269:51:269:Infinity":14,"s:270:17:270:Infinity":102,"s:271:4:282:Infinity":103,"s:272:6:272:Infinity":104,"s:273:6:279:Infinity":105,"s:281:6:281:Infinity":106,"s:284:4:287:Infinity":107,"s:289:4:289:Infinity":108,"s:290:4:290:Infinity":109,"s:296:0:309:Infinity":110,"f:296:24:296:31":15,"s:297:2:308:Infinity":111,"s:298:31:298:Infinity":112,"b:299:4:301:Infinity:undefined:undefined:undefined:undefined":15,"s:299:4:301:Infinity":113,"b:299:8:299:19:299:19:299:28":16,"s:300:6:300:Infinity":114,"s:303:19:303:Infinity":115,"s:304:4:304:Infinity":116,"s:306:4:306:Infinity":117,"s:307:4:307:Infinity":118}}}
,"/Users/lonnyangell/dev/chainOverflow/server/src/middleware/x402.ts": {"path":"/Users/lonnyangell/dev/chainOverflow/server/src/middleware/x402.ts","statementMap":{"0":{"start":{"line":7,"column":24},"end":{"line":7,"column":null}},"1":{"start":{"line":7,"column":30},"end":{"line":7,"column":null}},"2":{"start":{"line":11,"column":22},"end":{"line":11,"column":null}},"3":{"start":{"line":17,"column":30},"end":{"line":67,"column":null}},"4":{"start":{"line":18,"column":2},"end":{"line":66,"column":null}},"5":{"start":{"line":20,"column":27},"end":{"line":20,"column":null}},"6":{"start":{"line":21,"column":4},"end":{"line":23,"column":null}},"7":{"start":{"line":22,"column":6},"end":{"line":22,"column":null}},"8":{"start":{"line":25,"column":23},"end":{"line":25,"column":null}},"9":{"start":{"line":26,"column":4},"end":{"line":26,"column":null}},"10":{"start":{"line":26,"column":21},"end":{"line":26,"column":null}},"11":{"start":{"line":28,"column":34},"end":{"line":28,"column":null}},"12":{"start":{"line":29,"column":4},"end":{"line":29,"column":null}},"13":{"start":{"line":29,"column":43},"end":{"line":29,"column":null}},"14":{"start":{"line":31,"column":30},"end":{"line":31,"column":null}},"15":{"start":{"line":34,"column":4},"end":{"line":34,"column":null}},"16":{"start":{"line":36,"column":4},"end":{"line":36,"column":null}},"17":{"start":{"line":36,"column":19},"end":{"line":36,"column":null}},"18":{"start":{"line":39,"column":19},"end":{"line":39,"column":null}},"19":{"start":{"line":41,"column":4},"end":{"line":50,"column":null}},"20":{"start":{"line":42,"column":19},"end":{"line":42,"column":null}},"21":{"start":{"line":43,"column":6},"end":{"line":47,"column":null}},"22":{"start":{"line":44,"column":8},"end":{"line":44,"column":null}},"23":{"start":{"line":46,"column":8},"end":{"line":46,"column":null}},"24":{"start":{"line":49,"column":6},"end":{"line":49,"column":null}},"25":{"start":{"line":52,"column":26},"end":{"line":52,"column":null}},"26":{"start":{"line":53,"column":10},"end":{"line":53,"column":null}},"27":{"start":{"line":56,"column":4},"end":{"line":59,"column":null}},"28":{"start":{"line":57,"column":6},"end":{"line":57,"column":null}},"29":{"start":{"line":57,"column":43},"end":{"line":57,"column":null}},"30":{"start":{"line":58,"column":6},"end":{"line":58,"column":null}},"31":{"start":{"line":62,"column":30},"end":{"line":62,"column":null}},"32":{"start":{"line":63,"column":4},"end":{"line":63,"column":null}},"33":{"start":{"line":63,"column":15},"end":{"line":63,"column":null}},"34":{"start":{"line":65,"column":4},"end":{"line":65,"column":null}},"35":{"start":{"line":69,"column":23},"end":{"line":110,"column":null}},"36":{"start":{"line":70,"column":19},"end":{"line":70,"column":null}},"37":{"start":{"line":71,"column":21},"end":{"line":71,"column":null}},"38":{"start":{"line":72,"column":21},"end":{"line":72,"column":null}},"39":{"start":{"line":75,"column":17},"end":{"line":75,"column":null}},"40":{"start":{"line":78,"column":2},"end":{"line":87,"column":null}},"41":{"start":{"line":79,"column":17},"end":{"line":79,"column":null}},"42":{"start":{"line":80,"column":4},"end":{"line":84,"column":null}},"43":{"start":{"line":81,"column":6},"end":{"line":81,"column":null}},"44":{"start":{"line":83,"column":6},"end":{"line":83,"column":null}},"45":{"start":{"line":86,"column":4},"end":{"line":86,"column":null}},"46":{"start":{"line":89,"column":24},"end":{"line":89,"column":null}},"47":{"start":{"line":90,"column":8},"end":{"line":90,"column":null}},"48":{"start":{"line":92,"column":2},"end":{"line":92,"column":null}},"49":{"start":{"line":94,"column":2},"end":{"line":99,"column":null}},"50":{"start":{"line":101,"column":2},"end":{"line":109,"column":null}}},"fnMap":{"0":{"name":"(anonymous_0)","decl":{"start":{"line":7,"column":24},"end":{"line":7,"column":30}},"loc":{"start":{"line":7,"column":30},"end":{"line":7,"column":null}},"line":7},"1":{"name":"(anonymous_1)","decl":{"start":{"line":17,"column":30},"end":{"line":17,"column":36}},"loc":{"start":{"line":17,"column":36},"end":{"line":67,"column":null}},"line":17},"2":{"name":"(anonymous_2)","decl":{"start":{"line":18,"column":9},"end":{"line":18,"column":16}},"loc":{"start":{"line":18,"column":68},"end":{"line":66,"column":null}},"line":18},"3":{"name":"(anonymous_3)","decl":{"start":{"line":69,"column":23},"end":{"line":69,"column":24}},"loc":{"start":{"line":69,"column":56},"end":{"line":110,"column":null}},"line":69}},"branchMap":{"0":{"loc":{"start":{"line":7,"column":30},"end":{"line":7,"column":null}},"type":"binary-expr","locations":[{"start":{"line":7,"column":30},"end":{"line":7,"column":59}},{"start":{"line":7,"column":59},"end":{"line":7,"column":null}}],"line":7},"1":{"loc":{"start":{"line":21,"column":4},"end":{"line":23,"column":null}},"type":"if","locations":[{"start":{"line":21,"column":4},"end":{"line":23,"column":null}},{"start":{},"end":{}}],"line":21},"2":{"loc":{"start":{"line":26,"column":4},"end":{"line":26,"column":null}},"type":"if","locations":[{"start":{"line":26,"column":4},"end":{"line":26,"column":null}},{"start":{},"end":{}}],"line":26},"3":{"loc":{"start":{"line":29,"column":4},"end":{"line":29,"column":null}},"type":"if","locations":[{"start":{"line":29,"column":4},"end":{"line":29,"column":null}},{"start":{},"end":{}}],"line":29},"4":{"loc":{"start":{"line":29,"column":8},"end":{"line":29,"column":43}},"type":"binary-expr","locations":[{"start":{"line":29,"column":8},"end":{"line":29,"column":29}},{"start":{"line":29,"column":29},"end":{"line":29,"column":43}}],"line":29},"5":{"loc":{"start":{"line":36,"column":4},"end":{"line":36,"column":null}},"type":"if","locations":[{"start":{"line":36,"column":4},"end":{"line":36,"column":null}},{"start":{},"end":{}}],"line":36},"6":{"loc":{"start":{"line":39,"column":19},"end":{"line":39,"column":null}},"type":"cond-expr","locations":[{"start":{"line":39,"column":38},"end":{"line":39,"column":64}},{"start":{"line":39,"column":64},"end":{"line":39,"column":null}}],"line":39},"7":{"loc":{"start":{"line":43,"column":6},"end":{"line":47,"column":null}},"type":"if","locations":[{"start":{"line":43,"column":6},"end":{"line":47,"column":null}},{"start":{"line":45,"column":13},"end":{"line":47,"column":null}}],"line":43},"8":{"loc":{"start":{"line":46,"column":30},"end":{"line":46,"column":64}},"type":"binary-expr","locations":[{"start":{"line":46,"column":30},"end":{"line":46,"column":61}},{"start":{"line":46,"column":61},"end":{"line":46,"column":64}}],"line":46},"9":{"loc":{"start":{"line":53,"column":28},"end":{"line":53,"column":89}},"type":"cond-expr","locations":[{"start":{"line":53,"column":59},"end":{"line":53,"column":74}},{"start":{"line":53,"column":74},"end":{"line":53,"column":89}}],"line":53},"10":{"loc":{"start":{"line":56,"column":4},"end":{"line":59,"column":null}},"type":"if","locations":[{"start":{"line":56,"column":4},"end":{"line":59,"column":null}},{"start":{},"end":{}}],"line":56},"11":{"loc":{"start":{"line":56,"column":8},"end":{"line":56,"column":70}},"type":"binary-expr","locations":[{"start":{"line":56,"column":8},"end":{"line":56,"column":43}},{"start":{"line":56,"column":43},"end":{"line":56,"column":70}}],"line":56},"12":{"loc":{"start":{"line":57,"column":6},"end":{"line":57,"column":null}},"type":"if","locations":[{"start":{"line":57,"column":6},"end":{"line":57,"column":null}},{"start":{},"end":{}}],"line":57},"13":{"loc":{"start":{"line":57,"column":10},"end":{"line":57,"column":43}},"type":"binary-expr","locations":[{"start":{"line":57,"column":10},"end":{"line":57,"column":22}},{"start":{"line":57,"column":22},"end":{"line":57,"column":43}}],"line":57},"14":{"loc":{"start":{"line":63,"column":4},"end":{"line":63,"column":null}},"type":"if","locations":[{"start":{"line":63,"column":4},"end":{"line":63,"column":null}},{"start":{},"end":{}}],"line":63},"15":{"loc":{"start":{"line":65,"column":41},"end":{"line":65,"column":75}},"type":"binary-expr","locations":[{"start":{"line":65,"column":41},"end":{"line":65,"column":51}},{"start":{"line":65,"column":51},"end":{"line":65,"column":75}}],"line":65},"16":{"loc":{"start":{"line":72,"column":21},"end":{"line":72,"column":null}},"type":"cond-expr","locations":[{"start":{"line":72,"column":34},"end":{"line":72,"column":53}},{"start":{"line":72,"column":53},"end":{"line":72,"column":null}}],"line":72},"17":{"loc":{"start":{"line":75,"column":17},"end":{"line":75,"column":null}},"type":"cond-expr","locations":[{"start":{"line":75,"column":36},"end":{"line":75,"column":62}},{"start":{"line":75,"column":62},"end":{"line":75,"column":null}}],"line":75},"18":{"loc":{"start":{"line":80,"column":4},"end":{"line":84,"column":null}},"type":"if","locations":[{"start":{"line":80,"column":4},"end":{"line":84,"column":null}},{"start":{"line":82,"column":11},"end":{"line":84,"column":null}}],"line":80},"19":{"loc":{"start":{"line":83,"column":28},"end":{"line":83,"column":62}},"type":"binary-expr","locations":[{"start":{"line":83,"column":28},"end":{"line":83,"column":59}},{"start":{"line":83,"column":59},"end":{"line":83,"column":62}}],"line":83},"20":{"loc":{"start":{"line":90,"column":26},"end":{"line":90,"column":87}},"type":"cond-expr","locations":[{"start":{"line":90,"column":57},"end":{"line":90,"column":72}},{"start":{"line":90,"column":72},"end":{"line":90,"column":87}}],"line":90}},"s":{"0":1,"1":6,"2":1,"3":1,"4":1,"5":19,"6":19,"7":14,"8":5,"9":5,"10":1,"11":4,"12":4,"13":2,"14":2,"15":2,"16":2,"17":0,"18":2,"19":19,"20":19,"21":19,"22":0,"23":2,"24":0,"25":2,"26":2,"27":19,"28":2,"29":1,"30":1,"31":0,"32":0,"33":0,"34":0,"35":1,"36":3,"37":3,"38":3,"39":3,"40":3,"41":3,"42":3,"43":0,"44":3,"45":0,"46":3,"47":3,"48":3,"49":3,"50":3},"f":{"0":6,"1":1,"2":19,"3":3},"b":{"0":[6,0],"1":[14,5],"2":[1,4],"3":[2,2],"4":[4,2],"5":[0,2],"6":[0,2],"7":[0,2],"8":[2,0],"9":[0,2],"10":[2,17],"11":[19,0],"12":[1,1],"13":[2,2],"14":[0,0],"15":[0,0],"16":[3,0],"17":[0,3],"18":[0,3],"19":[3,0],"20":[0,3]},"meta":{"lastBranch":21,"lastFunction":4,"lastStatement":51,"seen":{"s:7:24:7:Infinity":0,"f:7:24:7:30":0,"s:7:30:7:Infinity":1,"b:7:30:7:59:7:59:7:Infinity":0,"s:11:22:11:Infinity":2,"s:17:30:67:Infinity":3,"f:17:30:17:36":1,"s:18:2:66:Infinity":4,"f:18:9:18:16":2,"s:20:27:20:Infinity":5,"b:21:4:23:Infinity:undefined:undefined:undefined:undefined":1,"s:21:4:23:Infinity":6,"s:22:6:22:Infinity":7,"s:25:23:25:Infinity":8,"b:26:4:26:Infinity:undefined:undefined:undefined:undefined":2,"s:26:4:26:Infinity":9,"s:26:21:26:Infinity":10,"s:28:34:28:Infinity":11,"b:29:4:29:Infinity:undefined:undefined:undefined:undefined":3,"s:29:4:29:Infinity":12,"b:29:8:29:29:29:29:29:43":4,"s:29:43:29:Infinity":13,"s:31:30:31:Infinity":14,"s:34:4:34:Infinity":15,"b:36:4:36:Infinity:undefined:undefined:undefined:undefined":5,"s:36:4:36:Infinity":16,"s:36:19:36:Infinity":17,"s:39:19:39:Infinity":18,"b:39:38:39:64:39:64:39:Infinity":6,"s:41:4:50:Infinity":19,"s:42:19:42:Infinity":20,"b:43:6:47:Infinity:45:13:47:Infinity":7,"s:43:6:47:Infinity":21,"s:44:8:44:Infinity":22,"s:46:8:46:Infinity":23,"b:46:30:46:61:46:61:46:64":8,"s:49:6:49:Infinity":24,"s:52:26:52:Infinity":25,"s:53:10:53:Infinity":26,"b:53:59:53:74:53:74:53:89":9,"b:56:4:59:Infinity:undefined:undefined:undefined:undefined":10,"s:56:4:59:Infinity":27,"b:56:8:56:43:56:43:56:70":11,"b:57:6:57:Infinity:undefined:undefined:undefined:undefined":12,"s:57:6:57:Infinity":28,"b:57:10:57:22:57:22:57:43":13,"s:57:43:57:Infinity":29,"s:58:6:58:Infinity":30,"s:62:30:62:Infinity":31,"b:63:4:63:Infinity:undefined:undefined:undefined:undefined":14,"s:63:4:63:Infinity":32,"s:63:15:63:Infinity":33,"s:65:4:65:Infinity":34,"b:65:41:65:51:65:51:65:75":15,"s:69:23:110:Infinity":35,"f:69:23:69:24":3,"s:70:19:70:Infinity":36,"s:71:21:71:Infinity":37,"s:72:21:72:Infinity":38,"b:72:34:72:53:72:53:72:Infinity":16,"s:75:17:75:Infinity":39,"b:75:36:75:62:75:62:75:Infinity":17,"s:78:2:87:Infinity":40,"s:79:17:79:Infinity":41,"b:80:4:84:Infinity:82:11:84:Infinity":18,"s:80:4:84:Infinity":42,"s:81:6:81:Infinity":43,"s:83:6:83:Infinity":44,"b:83:28:83:59:83:59:83:62":19,"s:86:4:86:Infinity":45,"s:89:24:89:Infinity":46,"s:90:8:90:Infinity":47,"b:90:57:90:72:90:72:90:87":20,"s:92:2:92:Infinity":48,"s:94:2:99:Infinity":49,"s:101:2:109:Infinity":50}}}
,"/Users/lonnyangell/dev/chainOverflow/server/src/services/contract.ts": {"path":"/Users/lonnyangell/dev/chainOverflow/server/src/services/contract.ts","statementMap":{"0":{"start":{"line":7,"column":0},"end":{"line":7,"column":null}},"1":{"start":{"line":9,"column":6},"end":{"line":18,"column":null}},"2":{"start":{"line":20,"column":18},"end":{"line":41,"column":null}},"3":{"start":{"line":43,"column":21},"end":{"line":43,"column":null}},"4":{"start":{"line":45,"column":2},"end":{"line":45,"column":null}},"5":{"start":{"line":48,"column":14},"end":{"line":48,"column":null}},"6":{"start":{"line":50,"column":2},"end":{"line":50,"column":null}},"7":{"start":{"line":52,"column":13},"end":{"line":55,"column":null}},"8":{"start":{"line":57,"column":13},"end":{"line":61,"column":null}},"9":{"start":{"line":66,"column":29},"end":{"line":72,"column":null}},"10":{"start":{"line":78,"column":2},"end":{"line":81,"column":null}},"11":{"start":{"line":79,"column":4},"end":{"line":79,"column":null}},"12":{"start":{"line":80,"column":4},"end":{"line":80,"column":null}},"13":{"start":{"line":83,"column":2},"end":{"line":83,"column":null}},"14":{"start":{"line":85,"column":15},"end":{"line":88,"column":null}},"15":{"start":{"line":90,"column":2},"end":{"line":90,"column":null}},"16":{"start":{"line":91,"column":2},"end":{"line":91,"column":null}},"17":{"start":{"line":98,"column":2},"end":{"line":101,"column":null}},"18":{"start":{"line":99,"column":4},"end":{"line":99,"column":null}},"19":{"start":{"line":100,"column":4},"end":{"line":100,"column":null}},"20":{"start":{"line":103,"column":2},"end":{"line":103,"column":null}},"21":{"start":{"line":105,"column":15},"end":{"line":108,"column":null}},"22":{"start":{"line":110,"column":2},"end":{"line":110,"column":null}},"23":{"start":{"line":111,"column":2},"end":{"line":111,"column":null}},"24":{"start":{"line":118,"column":2},"end":{"line":182,"column":null}},"25":{"start":{"line":119,"column":4},"end":{"line":119,"column":null}},"26":{"start":{"line":122,"column":24},"end":{"line":122,"column":null}},"27":{"start":{"line":122,"column":72},"end":{"line":122,"column":76}},"28":{"start":{"line":123,"column":4},"end":{"line":123,"column":null}},"29":{"start":{"line":126,"column":20},"end":{"line":136,"column":null}},"30":{"start":{"line":132,"column":8},"end":{"line":134,"column":null}},"31":{"start":{"line":133,"column":10},"end":{"line":133,"column":null}},"32":{"start":{"line":135,"column":8},"end":{"line":135,"column":null}},"33":{"start":{"line":138,"column":4},"end":{"line":143,"column":null}},"34":{"start":{"line":145,"column":4},"end":{"line":147,"column":null}},"35":{"start":{"line":146,"column":6},"end":{"line":146,"column":null}},"36":{"start":{"line":149,"column":15},"end":{"line":151,"column":null}},"37":{"start":{"line":153,"column":22},"end":{"line":153,"column":null}},"38":{"start":{"line":154,"column":25},"end":{"line":154,"column":null}},"39":{"start":{"line":156,"column":4},"end":{"line":164,"column":null}},"40":{"start":{"line":157,"column":18},"end":{"line":157,"column":null}},"41":{"start":{"line":158,"column":6},"end":{"line":162,"column":null}},"42":{"start":{"line":163,"column":6},"end":{"line":163,"column":null}},"43":{"start":{"line":166,"column":4},"end":{"line":171,"column":null}},"44":{"start":{"line":167,"column":6},"end":{"line":170,"column":null}},"45":{"start":{"line":173,"column":4},"end":{"line":173,"column":null}},"46":{"start":{"line":174,"column":4},"end":{"line":174,"column":null}},"47":{"start":{"line":176,"column":4},"end":{"line":176,"column":null}},"48":{"start":{"line":177,"column":4},"end":{"line":181,"column":null}}},"fnMap":{"0":{"name":"releaseBounty","decl":{"start":{"line":77,"column":22},"end":{"line":77,"column":36}},"loc":{"start":{"line":77,"column":79},"end":{"line":92,"column":null}},"line":77},"1":{"name":"payoutReward","decl":{"start":{"line":97,"column":22},"end":{"line":97,"column":35}},"loc":{"start":{"line":97,"column":77},"end":{"line":112,"column":null}},"line":97},"2":{"name":"verifyPayment","decl":{"start":{"line":117,"column":22},"end":{"line":117,"column":36}},"loc":{"start":{"line":117,"column":76},"end":{"line":183,"column":null}},"line":117},"3":{"name":"(anonymous_3)","decl":{"start":{"line":122,"column":66},"end":{"line":122,"column":72}},"loc":{"start":{"line":122,"column":72},"end":{"line":122,"column":76}},"line":122},"4":{"name":"(anonymous_4)","decl":{"start":{"line":131,"column":13},"end":{"line":131,"column":14}},"loc":{"start":{"line":131,"column":22},"end":{"line":136,"column":7}},"line":131}},"branchMap":{"0":{"loc":{"start":{"line":45,"column":2},"end":{"line":45,"column":null}},"type":"binary-expr","locations":[{"start":{"line":45,"column":2},"end":{"line":45,"column":27}},{"start":{"line":45,"column":27},"end":{"line":45,"column":null}}],"line":45},"1":{"loc":{"start":{"line":45,"column":27},"end":{"line":45,"column":null}},"type":"cond-expr","locations":[{"start":{"line":45,"column":68},"end":{"line":45,"column":78}},{"start":{"line":45,"column":78},"end":{"line":45,"column":null}}],"line":45},"2":{"loc":{"start":{"line":48,"column":14},"end":{"line":48,"column":null}},"type":"cond-expr","locations":[{"start":{"line":48,"column":37},"end":{"line":48,"column":47}},{"start":{"line":48,"column":47},"end":{"line":48,"column":null}}],"line":48},"3":{"loc":{"start":{"line":50,"column":2},"end":{"line":50,"column":null}},"type":"binary-expr","locations":[{"start":{"line":50,"column":2},"end":{"line":50,"column":26}},{"start":{"line":50,"column":26},"end":{"line":50,"column":null}}],"line":50},"4":{"loc":{"start":{"line":50,"column":26},"end":{"line":50,"column":null}},"type":"cond-expr","locations":[{"start":{"line":50,"column":49},"end":{"line":50,"column":75}},{"start":{"line":50,"column":75},"end":{"line":50,"column":null}}],"line":50},"5":{"loc":{"start":{"line":66,"column":29},"end":{"line":72,"column":null}},"type":"cond-expr","locations":[{"start":{"line":66,"column":29},"end":{"line":71,"column":null}},{"start":{"line":72,"column":4},"end":{"line":72,"column":null}}],"line":66},"6":{"loc":{"start":{"line":78,"column":2},"end":{"line":81,"column":null}},"type":"if","locations":[{"start":{"line":78,"column":2},"end":{"line":81,"column":null}},{"start":{},"end":{}}],"line":78},"7":{"loc":{"start":{"line":98,"column":2},"end":{"line":101,"column":null}},"type":"if","locations":[{"start":{"line":98,"column":2},"end":{"line":101,"column":null}},{"start":{},"end":{}}],"line":98},"8":{"loc":{"start":{"line":132,"column":8},"end":{"line":134,"column":null}},"type":"if","locations":[{"start":{"line":132,"column":8},"end":{"line":134,"column":null}},{"start":{},"end":{}}],"line":132},"9":{"loc":{"start":{"line":145,"column":4},"end":{"line":147,"column":null}},"type":"if","locations":[{"start":{"line":145,"column":4},"end":{"line":147,"column":null}},{"start":{},"end":{}}],"line":145},"10":{"loc":{"start":{"line":156,"column":4},"end":{"line":164,"column":null}},"type":"if","locations":[{"start":{"line":156,"column":4},"end":{"line":164,"column":null}},{"start":{},"end":{}}],"line":156},"11":{"loc":{"start":{"line":156,"column":8},"end":{"line":156,"column":37}},"type":"binary-expr","locations":[{"start":{"line":156,"column":8},"end":{"line":156,"column":22}},{"start":{"line":156,"column":22},"end":{"line":156,"column":37}}],"line":156},"12":{"loc":{"start":{"line":157,"column":63},"end":{"line":157,"column":102}},"type":"binary-expr","locations":[{"start":{"line":157,"column":63},"end":{"line":157,"column":79}},{"start":{"line":157,"column":79},"end":{"line":157,"column":102}}],"line":157},"13":{"loc":{"start":{"line":161,"column":18},"end":{"line":161,"column":null}},"type":"binary-expr","locations":[{"start":{"line":161,"column":18},"end":{"line":161,"column":34}},{"start":{"line":161,"column":34},"end":{"line":161,"column":null}}],"line":161},"14":{"loc":{"start":{"line":166,"column":4},"end":{"line":171,"column":null}},"type":"if","locations":[{"start":{"line":166,"column":4},"end":{"line":171,"column":null}},{"start":{},"end":{}}],"line":166}},"s":{"0":1,"1":1,"2":1,"3":1,"4":1,"5":1,"6":1,"7":1,"8":1,"9":1,"10":1,"11":0,"12":0,"13":1,"14":1,"15":1,"16":1,"17":1,"18":0,"19":0,"20":1,"21":1,"22":1,"23":1,"24":2,"25":2,"26":2,"27":0,"28":2,"29":2,"30":0,"31":0,"32":0,"33":2,"34":2,"35":0,"36":2,"37":2,"38":2,"39":2,"40":0,"41":0,"42":0,"43":2,"44":1,"45":1,"46":1,"47":0,"48":0},"f":{"0":1,"1":1,"2":2,"3":0,"4":0},"b":{"0":[1,0],"1":[0,0],"2":[0,1],"3":[1,1],"4":[0,1],"5":[1,0],"6":[0,1],"7":[0,1],"8":[0,0],"9":[0,2],"10":[0,2],"11":[2,0],"12":[0,0],"13":[0,0],"14":[1,1]},"meta":{"lastBranch":15,"lastFunction":5,"lastStatement":49,"seen":{"s:7:0:7:Infinity":0,"s:9:6:18:Infinity":1,"s:20:18:41:Infinity":2,"s:43:21:43:Infinity":3,"s:45:2:45:Infinity":4,"b:45:2:45:27:45:27:45:Infinity":0,"b:45:68:45:78:45:78:45:Infinity":1,"s:48:14:48:Infinity":5,"b:48:37:48:47:48:47:48:Infinity":2,"s:50:2:50:Infinity":6,"b:50:2:50:26:50:26:50:Infinity":3,"b:50:49:50:75:50:75:50:Infinity":4,"s:52:13:55:Infinity":7,"s:57:13:61:Infinity":8,"s:66:29:72:Infinity":9,"b:66:29:71:Infinity:72:4:72:Infinity":5,"f:77:22:77:36":0,"b:78:2:81:Infinity:undefined:undefined:undefined:undefined":6,"s:78:2:81:Infinity":10,"s:79:4:79:Infinity":11,"s:80:4:80:Infinity":12,"s:83:2:83:Infinity":13,"s:85:15:88:Infinity":14,"s:90:2:90:Infinity":15,"s:91:2:91:Infinity":16,"f:97:22:97:35":1,"b:98:2:101:Infinity:undefined:undefined:undefined:undefined":7,"s:98:2:101:Infinity":17,"s:99:4:99:Infinity":18,"s:100:4:100:Infinity":19,"s:103:2:103:Infinity":20,"s:105:15:108:Infinity":21,"s:110:2:110:Infinity":22,"s:111:2:111:Infinity":23,"f:117:22:117:36":2,"s:118:2:182:Infinity":24,"s:119:4:119:Infinity":25,"s:122:24:122:Infinity":26,"f:122:66:122:72":3,"s:122:72:122:76":27,"s:123:4:123:Infinity":28,"s:126:20:136:Infinity":29,"f:131:13:131:14":4,"b:132:8:134:Infinity:undefined:undefined:undefined:undefined":8,"s:132:8:134:Infinity":30,"s:133:10:133:Infinity":31,"s:135:8:135:Infinity":32,"s:138:4:143:Infinity":33,"b:145:4:147:Infinity:undefined:undefined:undefined:undefined":9,"s:145:4:147:Infinity":34,"s:146:6:146:Infinity":35,"s:149:15:151:Infinity":36,"s:153:22:153:Infinity":37,"s:154:25:154:Infinity":38,"b:156:4:164:Infinity:undefined:undefined:undefined:undefined":10,"s:156:4:164:Infinity":39,"b:156:8:156:22:156:22:156:37":11,"s:157:18:157:Infinity":40,"b:157:63:157:79:157:79:157:102":12,"s:158:6:162:Infinity":41,"b:161:18:161:34:161:34:161:Infinity":13,"s:163:6:163:Infinity":42,"b:166:4:171:Infinity:undefined:undefined:undefined:undefined":14,"s:166:4:171:Infinity":43,"s:167:6:170:Infinity":44,"s:173:4:173:Infinity":45,"s:174:4:174:Infinity":46,"s:176:4:176:Infinity":47,"s:177:4:181:Infinity":48}}}
,"/Users/lonnyangell/dev/chainOverflow/server/src/services/wallet.ts": {"path":"/Users/lonnyangell/dev/chainOverflow/server/src/services/wallet.ts","statementMap":{"0":{"start":{"line":5,"column":0},"end":{"line":5,"column":null}},"1":{"start":{"line":11,"column":22},"end":{"line":22,"column":null}},"2":{"start":{"line":12,"column":14},"end":{"line":12,"column":null}},"3":{"start":{"line":13,"column":2},"end":{"line":20,"column":null}},"4":{"start":{"line":14,"column":10},"end":{"line":14,"column":null}},"5":{"start":{"line":15,"column":4},"end":{"line":15,"column":null}},"6":{"start":{"line":16,"column":4},"end":{"line":16,"column":null}},"7":{"start":{"line":17,"column":4},"end":{"line":17,"column":null}},"8":{"start":{"line":18,"column":4},"end":{"line":18,"column":null}},"9":{"start":{"line":19,"column":4},"end":{"line":19,"column":null}},"10":{"start":{"line":21,"column":2},"end":{"line":21,"column":null}},"11":{"start":{"line":24,"column":13},"end":{"line":24,"column":null}},"12":{"start":{"line":25,"column":31},"end":{"line":25,"column":null}},"13":{"start":{"line":27,"column":0},"end":{"line":27,"column":null}}},"fnMap":{"0":{"name":"(anonymous_0)","decl":{"start":{"line":11,"column":22},"end":{"line":11,"column":28}},"loc":{"start":{"line":11,"column":28},"end":{"line":22,"column":null}},"line":11}},"branchMap":{"0":{"loc":{"start":{"line":13,"column":2},"end":{"line":20,"column":null}},"type":"if","locations":[{"start":{"line":13,"column":2},"end":{"line":20,"column":null}},{"start":{},"end":{}}],"line":13},"1":{"loc":{"start":{"line":13,"column":6},"end":{"line":13,"column":38}},"type":"binary-expr","locations":[{"start":{"line":13,"column":6},"end":{"line":13,"column":14}},{"start":{"line":13,"column":14},"end":{"line":13,"column":38}}],"line":13}},"s":{"0":2,"1":2,"2":2,"3":2,"4":0,"5":0,"6":0,"7":0,"8":0,"9":0,"10":2,"11":2,"12":2,"13":2},"f":{"0":2},"b":{"0":[0,2],"1":[2,2]},"meta":{"lastBranch":2,"lastFunction":1,"lastStatement":14,"seen":{"s:5:0:5:Infinity":0,"s:11:22:22:Infinity":1,"f:11:22:11:28":0,"s:12:14:12:Infinity":2,"b:13:2:20:Infinity:undefined:undefined:undefined:undefined":0,"s:13:2:20:Infinity":3,"b:13:6:13:14:13:14:13:38":1,"s:14:10:14:Infinity":4,"s:15:4:15:Infinity":5,"s:16:4:16:Infinity":6,"s:17:4:17:Infinity":7,"s:18:4:18:Infinity":8,"s:19:4:19:Infinity":9,"s:21:2:21:Infinity":10,"s:24:13:24:Infinity":11,"s:25:31:25:Infinity":12,"s:27:0:27:Infinity":13}}}
,"/Users/lonnyangell/dev/chainOverflow/server/src/utils/logger.ts": {"path":"/Users/lonnyangell/dev/chainOverflow/server/src/utils/logger.ts","statementMap":{"0":{"start":{"line":3,"column":14},"end":{"line":3,"column":null}},"1":{"start":{"line":10,"column":13},"end":{"line":26,"column":null}},"2":{"start":{"line":29,"column":26},"end":{"line":43,"column":null}},"3":{"start":{"line":30,"column":20},"end":{"line":30,"column":null}},"4":{"start":{"line":31,"column":2},"end":{"line":41,"column":null}},"5":{"start":{"line":32,"column":21},"end":{"line":32,"column":null}},"6":{"start":{"line":33,"column":4},"end":{"line":40,"column":null}},"7":{"start":{"line":42,"column":2},"end":{"line":42,"column":null}}},"fnMap":{"0":{"name":"(anonymous_0)","decl":{"start":{"line":29,"column":26},"end":{"line":29,"column":27}},"loc":{"start":{"line":29,"column":61},"end":{"line":43,"column":null}},"line":29},"1":{"name":"(anonymous_1)","decl":{"start":{"line":31,"column":19},"end":{"line":31,"column":25}},"loc":{"start":{"line":31,"column":25},"end":{"line":41,"column":3}},"line":31}},"branchMap":{"0":{"loc":{"start":{"line":11,"column":9},"end":{"line":11,"column":null}},"type":"binary-expr","locations":[{"start":{"line":11,"column":9},"end":{"line":11,"column":34}},{"start":{"line":11,"column":34},"end":{"line":11,"column":null}}],"line":11},"1":{"loc":{"start":{"line":12,"column":13},"end":{"line":21,"column":null}},"type":"cond-expr","locations":[{"start":{"line":13,"column":6},"end":{"line":20,"column":null}},{"start":{"line":21,"column":6},"end":{"line":21,"column":null}}],"line":12},"2":{"loc":{"start":{"line":23,"column":9},"end":{"line":23,"column":null}},"type":"binary-expr","locations":[{"start":{"line":23,"column":9},"end":{"line":23,"column":33}},{"start":{"line":23,"column":33},"end":{"line":23,"column":null}}],"line":23},"3":{"loc":{"start":{"line":39,"column":10},"end":{"line":39,"column":null}},"type":"binary-expr","locations":[{"start":{"line":39,"column":10},"end":{"line":39,"column":44}},{"start":{"line":39,"column":44},"end":{"line":39,"column":null}}],"line":39}},"s":{"0":2,"1":2,"2":2,"3":20,"4":20,"5":20,"6":20,"7":20},"f":{"0":20,"1":20},"b":{"0":[2,2],"1":[1,1],"2":[2,0],"3":[20,20]},"meta":{"lastBranch":4,"lastFunction":2,"lastStatement":8,"seen":{"s:3:14:3:Infinity":0,"s:10:13:26:Infinity":1,"b:11:9:11:34:11:34:11:Infinity":0,"b:13:6:20:Infinity:21:6:21:Infinity":1,"b:23:9:23:33:23:33:23:Infinity":2,"s:29:26:43:Infinity":2,"f:29:26:29:27":0,"s:30:20:30:Infinity":3,"s:31:2:41:Infinity":4,"f:31:19:31:25":1,"s:32:21:32:Infinity":5,"s:33:4:40:Infinity":6,"b:39:10:39:44:39:44:39:Infinity":3,"s:42:2:42:Infinity":7}}}
}
