{"/Users/lonnyangell/dev/chainOverflow/server/src/db.ts": {"path":"/Users/lonnyangell/dev/chainOverflow/server/src/db.ts","statementMap":{"0":{"start":{"line":13,"column":27},"end":{"line":13,"column":null}},"1":{"start":{"line":17,"column":20},"end":{"line":17,"column":null}},"2":{"start":{"line":18,"column":19},"end":{"line":18,"column":null}},"3":{"start":{"line":19,"column":4},"end":{"line":24,"column":null}},"4":{"start":{"line":20,"column":23},"end":{"line":20,"column":null}},"5":{"start":{"line":21,"column":6},"end":{"line":21,"column":null}},"6":{"start":{"line":23,"column":6},"end":{"line":23,"column":null}},"7":{"start":{"line":28,"column":20},"end":{"line":28,"column":null}},"8":{"start":{"line":29,"column":19},"end":{"line":29,"column":null}},"9":{"start":{"line":30,"column":4},"end":{"line":35,"column":null}},"10":{"start":{"line":31,"column":23},"end":{"line":31,"column":null}},"11":{"start":{"line":32,"column":6},"end":{"line":32,"column":null}},"12":{"start":{"line":34,"column":6},"end":{"line":34,"column":null}},"13":{"start":{"line":39,"column":18},"end":{"line":39,"column":null}},"14":{"start":{"line":40,"column":4},"end":{"line":42,"column":null}},"15":{"start":{"line":41,"column":6},"end":{"line":41,"column":null}},"16":{"start":{"line":43,"column":19},"end":{"line":43,"column":null}},"17":{"start":{"line":44,"column":4},"end":{"line":49,"column":null}},"18":{"start":{"line":45,"column":23},"end":{"line":45,"column":null}},"19":{"start":{"line":46,"column":6},"end":{"line":46,"column":null}},"20":{"start":{"line":48,"column":6},"end":{"line":48,"column":null}},"21":{"start":{"line":53,"column":20},"end":{"line":53,"column":null}},"22":{"start":{"line":54,"column":19},"end":{"line":54,"column":null}},"23":{"start":{"line":55,"column":4},"end":{"line":59,"column":null}},"24":{"start":{"line":56,"column":6},"end":{"line":56,"column":null}},"25":{"start":{"line":58,"column":6},"end":{"line":58,"column":null}},"26":{"start":{"line":63,"column":16},"end":{"line":63,"column":null}},"27":{"start":{"line":64,"column":18},"end":{"line":64,"column":null}},"28":{"start":{"line":64,"column":45},"end":{"line":64,"column":58}},"29":{"start":{"line":65,"column":4},"end":{"line":65,"column":null}},"30":{"start":{"line":66,"column":4},"end":{"line":69,"column":null}},"31":{"start":{"line":70,"column":4},"end":{"line":70,"column":null}},"32":{"start":{"line":71,"column":4},"end":{"line":71,"column":null}},"33":{"start":{"line":72,"column":4},"end":{"line":72,"column":null}},"34":{"start":{"line":80,"column":2},"end":{"line":80,"column":null}},"35":{"start":{"line":81,"column":2},"end":{"line":81,"column":null}},"36":{"start":{"line":82,"column":2},"end":{"line":82,"column":null}},"37":{"start":{"line":85,"column":14},"end":{"line":85,"column":null}},"38":{"start":{"line":86,"column":4},"end":{"line":89,"column":null}},"39":{"start":{"line":87,"column":19},"end":{"line":87,"column":null}},"40":{"start":{"line":88,"column":6},"end":{"line":88,"column":null}},"41":{"start":{"line":88,"column":45},"end":{"line":88,"column":84}},"42":{"start":{"line":91,"column":4},"end":{"line":100,"column":null}},"43":{"start":{"line":93,"column":6},"end":{"line":98,"column":null}},"44":{"start":{"line":94,"column":8},"end":{"line":97,"column":null}},"45":{"start":{"line":95,"column":29},"end":{"line":95,"column":null}},"46":{"start":{"line":95,"column":52},"end":{"line":95,"column":74}},"47":{"start":{"line":96,"column":10},"end":{"line":96,"column":null}},"48":{"start":{"line":99,"column":6},"end":{"line":99,"column":null}},"49":{"start":{"line":102,"column":4},"end":{"line":108,"column":null}},"50":{"start":{"line":103,"column":6},"end":{"line":106,"column":null}},"51":{"start":{"line":105,"column":8},"end":{"line":105,"column":null}},"52":{"start":{"line":105,"column":40},"end":{"line":105,"column":70}},"53":{"start":{"line":107,"column":6},"end":{"line":107,"column":null}},"54":{"start":{"line":109,"column":4},"end":{"line":109,"column":null}},"55":{"start":{"line":113,"column":14},"end":{"line":113,"column":null}},"56":{"start":{"line":114,"column":4},"end":{"line":118,"column":null}},"57":{"start":{"line":115,"column":6},"end":{"line":117,"column":null}},"58":{"start":{"line":116,"column":18},"end":{"line":116,"column":null}},"59":{"start":{"line":119,"column":4},"end":{"line":121,"column":null}},"60":{"start":{"line":120,"column":6},"end":{"line":120,"column":null}},"61":{"start":{"line":120,"column":43},"end":{"line":120,"column":68}},"62":{"start":{"line":122,"column":4},"end":{"line":124,"column":null}},"63":{"start":{"line":123,"column":6},"end":{"line":123,"column":null}},"64":{"start":{"line":123,"column":43},"end":{"line":123,"column":66}},"65":{"start":{"line":125,"column":4},"end":{"line":129,"column":null}},"66":{"start":{"line":126,"column":6},"end":{"line":128,"column":null}},"67":{"start":{"line":127,"column":18},"end":{"line":127,"column":null}},"68":{"start":{"line":130,"column":4},"end":{"line":130,"column":null}},"69":{"start":{"line":134,"column":14},"end":{"line":134,"column":null}},"70":{"start":{"line":135,"column":4},"end":{"line":138,"column":null}},"71":{"start":{"line":136,"column":6},"end":{"line":136,"column":null}},"72":{"start":{"line":137,"column":6},"end":{"line":137,"column":null}},"73":{"start":{"line":139,"column":4},"end":{"line":142,"column":null}},"74":{"start":{"line":140,"column":6},"end":{"line":140,"column":null}},"75":{"start":{"line":141,"column":6},"end":{"line":141,"column":null}},"76":{"start":{"line":143,"column":4},"end":{"line":159,"column":null}},"77":{"start":{"line":144,"column":6},"end":{"line":144,"column":null}},"78":{"start":{"line":145,"column":19},"end":{"line":156,"column":null}},"79":{"start":{"line":157,"column":6},"end":{"line":157,"column":null}},"80":{"start":{"line":158,"column":6},"end":{"line":158,"column":null}},"81":{"start":{"line":160,"column":4},"end":{"line":173,"column":null}},"82":{"start":{"line":161,"column":6},"end":{"line":161,"column":null}},"83":{"start":{"line":162,"column":6},"end":{"line":171,"column":null}},"84":{"start":{"line":172,"column":6},"end":{"line":172,"column":null}},"85":{"start":{"line":174,"column":4},"end":{"line":174,"column":null}},"86":{"start":{"line":178,"column":4},"end":{"line":178,"column":null}},"87":{"start":{"line":182,"column":22},"end":{"line":230,"column":null}},"88":{"start":{"line":183,"column":2},"end":{"line":183,"column":null}},"89":{"start":{"line":183,"column":10},"end":{"line":183,"column":null}},"90":{"start":{"line":185,"column":2},"end":{"line":188,"column":null}},"91":{"start":{"line":186,"column":4},"end":{"line":186,"column":null}},"92":{"start":{"line":187,"column":4},"end":{"line":187,"column":null}},"93":{"start":{"line":190,"column":2},"end":{"line":190,"column":null}},"94":{"start":{"line":191,"column":2},"end":{"line":191,"column":null}},"95":{"start":{"line":193,"column":2},"end":{"line":227,"column":null}},"96":{"start":{"line":194,"column":4},"end":{"line":224,"column":null}},"97":{"start":{"line":226,"column":4},"end":{"line":226,"column":null}},"98":{"start":{"line":229,"column":2},"end":{"line":229,"column":null}},"99":{"start":{"line":232,"column":22},"end":{"line":289,"column":null}},"100":{"start":{"line":233,"column":2},"end":{"line":233,"column":null}},"101":{"start":{"line":234,"column":17},"end":{"line":234,"column":null}},"102":{"start":{"line":236,"column":2},"end":{"line":288,"column":null}},"103":{"start":{"line":237,"column":4},"end":{"line":246,"column":null}},"104":{"start":{"line":238,"column":23},"end":{"line":238,"column":null}},"105":{"start":{"line":239,"column":6},"end":{"line":241,"column":null}},"106":{"start":{"line":240,"column":8},"end":{"line":240,"column":null}},"107":{"start":{"line":243,"column":6},"end":{"line":243,"column":null}},"108":{"start":{"line":244,"column":6},"end":{"line":244,"column":null}},"109":{"start":{"line":245,"column":6},"end":{"line":245,"column":null}},"110":{"start":{"line":248,"column":4},"end":{"line":248,"column":null}},"111":{"start":{"line":250,"column":15},"end":{"line":261,"column":null}},"112":{"start":{"line":262,"column":4},"end":{"line":262,"column":null}},"113":{"start":{"line":264,"column":15},"end":{"line":275,"column":null}},"114":{"start":{"line":276,"column":4},"end":{"line":276,"column":null}},"115":{"start":{"line":278,"column":4},"end":{"line":282,"column":null}},"116":{"start":{"line":284,"column":4},"end":{"line":284,"column":null}},"117":{"start":{"line":285,"column":4},"end":{"line":285,"column":null}},"118":{"start":{"line":287,"column":4},"end":{"line":287,"column":null}},"119":{"start":{"line":291,"column":21},"end":{"line":294,"column":null}},"120":{"start":{"line":292,"column":2},"end":{"line":292,"column":null}},"121":{"start":{"line":292,"column":11},"end":{"line":292,"column":null}},"122":{"start":{"line":293,"column":2},"end":{"line":293,"column":null}}},"fnMap":{"0":{"name":"(anonymous_0)","decl":{"start":{"line":16,"column":8},"end":{"line":16,"column":12}},"loc":{"start":{"line":16,"column":47},"end":{"line":25,"column":null}},"line":16},"1":{"name":"(anonymous_1)","decl":{"start":{"line":27,"column":8},"end":{"line":27,"column":12}},"loc":{"start":{"line":27,"column":47},"end":{"line":36,"column":null}},"line":27},"2":{"name":"(anonymous_2)","decl":{"start":{"line":38,"column":8},"end":{"line":38,"column":12}},"loc":{"start":{"line":38,"column":47},"end":{"line":50,"column":null}},"line":38},"3":{"name":"(anonymous_3)","decl":{"start":{"line":52,"column":8},"end":{"line":52,"column":13}},"loc":{"start":{"line":52,"column":28},"end":{"line":60,"column":null}},"line":52},"4":{"name":"(anonymous_4)","decl":{"start":{"line":62,"column":10},"end":{"line":62,"column":21}},"loc":{"start":{"line":62,"column":44},"end":{"line":73,"column":null}},"line":62},"5":{"name":"(anonymous_5)","decl":{"start":{"line":64,"column":39},"end":{"line":64,"column":45}},"loc":{"start":{"line":64,"column":45},"end":{"line":64,"column":58}},"line":64},"6":{"name":"(anonymous_6)","decl":{"start":{"line":79,"column":0},"end":{"line":79,"column":6}},"loc":{"start":{"line":79,"column":0},"end":{"line":82,"column":null}},"line":79},"7":{"name":"(anonymous_7)","decl":{"start":{"line":84,"column":8},"end":{"line":84,"column":12}},"loc":{"start":{"line":84,"column":47},"end":{"line":110,"column":null}},"line":84},"8":{"name":"(anonymous_8)","decl":{"start":{"line":88,"column":35},"end":{"line":88,"column":36}},"loc":{"start":{"line":88,"column":45},"end":{"line":88,"column":84}},"line":88},"9":{"name":"(anonymous_9)","decl":{"start":{"line":94,"column":37},"end":{"line":94,"column":42}},"loc":{"start":{"line":94,"column":42},"end":{"line":97,"column":9}},"line":94},"10":{"name":"(anonymous_10)","decl":{"start":{"line":95,"column":47},"end":{"line":95,"column":52}},"loc":{"start":{"line":95,"column":52},"end":{"line":95,"column":74}},"line":95},"11":{"name":"(anonymous_11)","decl":{"start":{"line":105,"column":35},"end":{"line":105,"column":40}},"loc":{"start":{"line":105,"column":40},"end":{"line":105,"column":70}},"line":105},"12":{"name":"(anonymous_12)","decl":{"start":{"line":112,"column":8},"end":{"line":112,"column":12}},"loc":{"start":{"line":112,"column":47},"end":{"line":131,"column":null}},"line":112},"13":{"name":"(anonymous_13)","decl":{"start":{"line":116,"column":8},"end":{"line":116,"column":9}},"loc":{"start":{"line":116,"column":18},"end":{"line":116,"column":null}},"line":116},"14":{"name":"(anonymous_14)","decl":{"start":{"line":120,"column":33},"end":{"line":120,"column":34}},"loc":{"start":{"line":120,"column":43},"end":{"line":120,"column":68}},"line":120},"15":{"name":"(anonymous_15)","decl":{"start":{"line":123,"column":33},"end":{"line":123,"column":34}},"loc":{"start":{"line":123,"column":43},"end":{"line":123,"column":66}},"line":123},"16":{"name":"(anonymous_16)","decl":{"start":{"line":127,"column":8},"end":{"line":127,"column":9}},"loc":{"start":{"line":127,"column":18},"end":{"line":127,"column":null}},"line":127},"17":{"name":"(anonymous_17)","decl":{"start":{"line":133,"column":8},"end":{"line":133,"column":12}},"loc":{"start":{"line":133,"column":47},"end":{"line":175,"column":null}},"line":133},"18":{"name":"(anonymous_18)","decl":{"start":{"line":177,"column":8},"end":{"line":177,"column":13}},"loc":{"start":{"line":177,"column":29},"end":{"line":179,"column":null}},"line":177},"19":{"name":"(anonymous_19)","decl":{"start":{"line":182,"column":22},"end":{"line":182,"column":34}},"loc":{"start":{"line":182,"column":34},"end":{"line":230,"column":null}},"line":182},"20":{"name":"(anonymous_20)","decl":{"start":{"line":232,"column":22},"end":{"line":232,"column":29}},"loc":{"start":{"line":232,"column":56},"end":{"line":289,"column":null}},"line":232},"21":{"name":"(anonymous_21)","decl":{"start":{"line":291,"column":21},"end":{"line":291,"column":27}},"loc":{"start":{"line":291,"column":27},"end":{"line":294,"column":null}},"line":291}},"branchMap":{"0":{"loc":{"start":{"line":16,"column":27},"end":{"line":16,"column":47}},"type":"default-arg","locations":[{"start":{"line":16,"column":43},"end":{"line":16,"column":47}}],"line":16},"1":{"loc":{"start":{"line":27,"column":27},"end":{"line":27,"column":47}},"type":"default-arg","locations":[{"start":{"line":27,"column":43},"end":{"line":27,"column":47}}],"line":27},"2":{"loc":{"start":{"line":38,"column":27},"end":{"line":38,"column":47}},"type":"default-arg","locations":[{"start":{"line":38,"column":43},"end":{"line":38,"column":47}}],"line":38},"3":{"loc":{"start":{"line":40,"column":4},"end":{"line":42,"column":null}},"type":"if","locations":[{"start":{"line":40,"column":4},"end":{"line":42,"column":null}},{"start":{},"end":{}}],"line":40},"4":{"loc":{"start":{"line":84,"column":27},"end":{"line":84,"column":47}},"type":"default-arg","locations":[{"start":{"line":84,"column":43},"end":{"line":84,"column":47}}],"line":84},"5":{"loc":{"start":{"line":86,"column":4},"end":{"line":89,"column":null}},"type":"if","locations":[{"start":{"line":86,"column":4},"end":{"line":89,"column":null}},{"start":{},"end":{}}],"line":86},"6":{"loc":{"start":{"line":91,"column":4},"end":{"line":100,"column":null}},"type":"if","locations":[{"start":{"line":91,"column":4},"end":{"line":100,"column":null}},{"start":{},"end":{}}],"line":91},"7":{"loc":{"start":{"line":93,"column":6},"end":{"line":98,"column":null}},"type":"if","locations":[{"start":{"line":93,"column":6},"end":{"line":98,"column":null}},{"start":{},"end":{}}],"line":93},"8":{"loc":{"start":{"line":102,"column":4},"end":{"line":108,"column":null}},"type":"if","locations":[{"start":{"line":102,"column":4},"end":{"line":108,"column":null}},{"start":{},"end":{}}],"line":102},"9":{"loc":{"start":{"line":103,"column":6},"end":{"line":106,"column":null}},"type":"if","locations":[{"start":{"line":103,"column":6},"end":{"line":106,"column":null}},{"start":{},"end":{}}],"line":103},"10":{"loc":{"start":{"line":112,"column":27},"end":{"line":112,"column":47}},"type":"default-arg","locations":[{"start":{"line":112,"column":43},"end":{"line":112,"column":47}}],"line":112},"11":{"loc":{"start":{"line":114,"column":4},"end":{"line":118,"column":null}},"type":"if","locations":[{"start":{"line":114,"column":4},"end":{"line":118,"column":null}},{"start":{},"end":{}}],"line":114},"12":{"loc":{"start":{"line":116,"column":30},"end":{"line":116,"column":null}},"type":"cond-expr","locations":[{"start":{"line":116,"column":62},"end":{"line":116,"column":84}},{"start":{"line":116,"column":84},"end":{"line":116,"column":null}}],"line":116},"13":{"loc":{"start":{"line":119,"column":4},"end":{"line":121,"column":null}},"type":"if","locations":[{"start":{"line":119,"column":4},"end":{"line":121,"column":null}},{"start":{},"end":{}}],"line":119},"14":{"loc":{"start":{"line":122,"column":4},"end":{"line":124,"column":null}},"type":"if","locations":[{"start":{"line":122,"column":4},"end":{"line":124,"column":null}},{"start":{},"end":{}}],"line":122},"15":{"loc":{"start":{"line":125,"column":4},"end":{"line":129,"column":null}},"type":"if","locations":[{"start":{"line":125,"column":4},"end":{"line":129,"column":null}},{"start":{},"end":{}}],"line":125},"16":{"loc":{"start":{"line":127,"column":30},"end":{"line":127,"column":null}},"type":"cond-expr","locations":[{"start":{"line":127,"column":62},"end":{"line":127,"column":84}},{"start":{"line":127,"column":84},"end":{"line":127,"column":null}}],"line":127},"17":{"loc":{"start":{"line":130,"column":11},"end":{"line":130,"column":null}},"type":"binary-expr","locations":[{"start":{"line":130,"column":11},"end":{"line":130,"column":32}},{"start":{"line":130,"column":32},"end":{"line":130,"column":null}}],"line":130},"18":{"loc":{"start":{"line":133,"column":27},"end":{"line":133,"column":47}},"type":"default-arg","locations":[{"start":{"line":133,"column":43},"end":{"line":133,"column":47}}],"line":133},"19":{"loc":{"start":{"line":135,"column":4},"end":{"line":138,"column":null}},"type":"if","locations":[{"start":{"line":135,"column":4},"end":{"line":138,"column":null}},{"start":{},"end":{}}],"line":135},"20":{"loc":{"start":{"line":139,"column":4},"end":{"line":142,"column":null}},"type":"if","locations":[{"start":{"line":139,"column":4},"end":{"line":142,"column":null}},{"start":{},"end":{}}],"line":139},"21":{"loc":{"start":{"line":143,"column":4},"end":{"line":159,"column":null}},"type":"if","locations":[{"start":{"line":143,"column":4},"end":{"line":159,"column":null}},{"start":{},"end":{}}],"line":143},"22":{"loc":{"start":{"line":149,"column":14},"end":{"line":149,"column":null}},"type":"binary-expr","locations":[{"start":{"line":149,"column":14},"end":{"line":149,"column":27}},{"start":{"line":149,"column":27},"end":{"line":149,"column":null}}],"line":149},"23":{"loc":{"start":{"line":150,"column":16},"end":{"line":150,"column":null}},"type":"binary-expr","locations":[{"start":{"line":150,"column":16},"end":{"line":150,"column":29}},{"start":{"line":150,"column":29},"end":{"line":150,"column":null}}],"line":150},"24":{"loc":{"start":{"line":151,"column":16},"end":{"line":151,"column":null}},"type":"binary-expr","locations":[{"start":{"line":151,"column":16},"end":{"line":151,"column":29}},{"start":{"line":151,"column":29},"end":{"line":151,"column":null}}],"line":151},"25":{"loc":{"start":{"line":152,"column":18},"end":{"line":152,"column":null}},"type":"binary-expr","locations":[{"start":{"line":152,"column":18},"end":{"line":152,"column":31}},{"start":{"line":152,"column":31},"end":{"line":152,"column":null}}],"line":152},"26":{"loc":{"start":{"line":160,"column":4},"end":{"line":173,"column":null}},"type":"if","locations":[{"start":{"line":160,"column":4},"end":{"line":173,"column":null}},{"start":{},"end":{}}],"line":160},"27":{"loc":{"start":{"line":167,"column":18},"end":{"line":167,"column":null}},"type":"binary-expr","locations":[{"start":{"line":167,"column":18},"end":{"line":167,"column":31}},{"start":{"line":167,"column":31},"end":{"line":167,"column":null}}],"line":167},"28":{"loc":{"start":{"line":183,"column":2},"end":{"line":183,"column":null}},"type":"if","locations":[{"start":{"line":183,"column":2},"end":{"line":183,"column":null}},{"start":{},"end":{}}],"line":183},"29":{"loc":{"start":{"line":185,"column":2},"end":{"line":188,"column":null}},"type":"if","locations":[{"start":{"line":185,"column":2},"end":{"line":188,"column":null}},{"start":{},"end":{}}],"line":185},"30":{"loc":{"start":{"line":232,"column":29},"end":{"line":232,"column":56}},"type":"default-arg","locations":[{"start":{"line":232,"column":46},"end":{"line":232,"column":56}}],"line":232},"31":{"loc":{"start":{"line":237,"column":4},"end":{"line":246,"column":null}},"type":"if","locations":[{"start":{"line":237,"column":4},"end":{"line":246,"column":null}},{"start":{"line":242,"column":11},"end":{"line":246,"column":null}}],"line":237},"32":{"loc":{"start":{"line":239,"column":6},"end":{"line":241,"column":null}},"type":"if","locations":[{"start":{"line":239,"column":6},"end":{"line":241,"column":null}},{"start":{},"end":{}}],"line":239},"33":{"loc":{"start":{"line":292,"column":2},"end":{"line":292,"column":null}},"type":"if","locations":[{"start":{"line":292,"column":2},"end":{"line":292,"column":null}},{"start":{},"end":{}}],"line":292}},"s":{"0":1,"1":0,"2":0,"3":0,"4":0,"5":0,"6":0,"7":0,"8":0,"9":0,"10":0,"11":0,"12":0,"13":0,"14":0,"15":0,"16":0,"17":0,"18":0,"19":0,"20":0,"21":0,"22":0,"23":0,"24":0,"25":0,"26":0,"27":0,"28":0,"29":0,"30":0,"31":0,"32":0,"33":0,"34":1,"35":1,"36":1,"37":8,"38":8,"39":1,"40":1,"41":4,"42":7,"43":3,"44":1,"45":2,"46":2,"47":2,"48":2,"49":4,"50":4,"51":3,"52":3,"53":1,"54":0,"55":4,"56":4,"57":2,"58":6,"59":2,"60":1,"61":3,"62":1,"63":0,"64":0,"65":1,"66":0,"67":0,"68":1,"69":13,"70":13,"71":2,"72":2,"73":11,"74":2,"75":2,"76":9,"77":6,"78":6,"79":6,"80":6,"81":3,"82":3,"83":3,"84":3,"85":0,"86":0,"87":1,"88":15,"89":14,"90":1,"91":1,"92":1,"93":0,"94":0,"95":0,"96":0,"97":0,"98":0,"99":1,"100":0,"101":0,"102":0,"103":0,"104":0,"105":0,"106":0,"107":0,"108":0,"109":0,"110":0,"111":0,"112":0,"113":0,"114":0,"115":0,"116":0,"117":0,"118":0,"119":1,"120":12,"121":0,"122":12},"f":{"0":0,"1":0,"2":0,"3":0,"4":0,"5":0,"6":1,"7":8,"8":4,"9":2,"10":2,"11":3,"12":4,"13":6,"14":3,"15":0,"16":0,"17":13,"18":0,"19":15,"20":0,"21":12},"b":{"0":[0],"1":[0],"2":[0],"3":[0,0],"4":[8],"5":[1,7],"6":[3,4],"7":[1,2],"8":[4,0],"9":[3,1],"10":[4],"11":[2,2],"12":[6,0],"13":[1,1],"14":[0,1],"15":[0,1],"16":[0,0],"17":[1,0],"18":[13],"19":[2,11],"20":[2,9],"21":[6,3],"22":[6,0],"23":[6,5],"24":[6,6],"25":[6,5],"26":[3,0],"27":[3,2],"28":[14,1],"29":[1,0],"30":[0],"31":[0,0],"32":[0,0],"33":[0,12]},"meta":{"lastBranch":34,"lastFunction":22,"lastStatement":123,"seen":{"s:13:27:13:Infinity":0,"f:16:8:16:12":0,"b:16:43:16:47":0,"s:17:20:17:Infinity":1,"s:18:19:18:Infinity":2,"s:19:4:24:Infinity":3,"s:20:23:20:Infinity":4,"s:21:6:21:Infinity":5,"s:23:6:23:Infinity":6,"f:27:8:27:12":1,"b:27:43:27:47":1,"s:28:20:28:Infinity":7,"s:29:19:29:Infinity":8,"s:30:4:35:Infinity":9,"s:31:23:31:Infinity":10,"s:32:6:32:Infinity":11,"s:34:6:34:Infinity":12,"f:38:8:38:12":2,"b:38:43:38:47":2,"s:39:18:39:Infinity":13,"b:40:4:42:Infinity:undefined:undefined:undefined:undefined":3,"s:40:4:42:Infinity":14,"s:41:6:41:Infinity":15,"s:43:19:43:Infinity":16,"s:44:4:49:Infinity":17,"s:45:23:45:Infinity":18,"s:46:6:46:Infinity":19,"s:48:6:48:Infinity":20,"f:52:8:52:13":3,"s:53:20:53:Infinity":21,"s:54:19:54:Infinity":22,"s:55:4:59:Infinity":23,"s:56:6:56:Infinity":24,"s:58:6:58:Infinity":25,"f:62:10:62:21":4,"s:63:16:63:Infinity":26,"s:64:18:64:Infinity":27,"f:64:39:64:45":5,"s:64:45:64:58":28,"s:65:4:65:Infinity":29,"s:66:4:69:Infinity":30,"s:70:4:70:Infinity":31,"s:71:4:71:Infinity":32,"s:72:4:72:Infinity":33,"f:79:0:79:6":6,"s:80:2:80:Infinity":34,"s:81:2:81:Infinity":35,"s:82:2:82:Infinity":36,"f:84:8:84:12":7,"b:84:43:84:47":4,"s:85:14:85:Infinity":37,"b:86:4:89:Infinity:undefined:undefined:undefined:undefined":5,"s:86:4:89:Infinity":38,"s:87:19:87:Infinity":39,"s:88:6:88:Infinity":40,"f:88:35:88:36":8,"s:88:45:88:84":41,"b:91:4:100:Infinity:undefined:undefined:undefined:undefined":6,"s:91:4:100:Infinity":42,"b:93:6:98:Infinity:undefined:undefined:undefined:undefined":7,"s:93:6:98:Infinity":43,"s:94:8:97:Infinity":44,"f:94:37:94:42":9,"s:95:29:95:Infinity":45,"f:95:47:95:52":10,"s:95:52:95:74":46,"s:96:10:96:Infinity":47,"s:99:6:99:Infinity":48,"b:102:4:108:Infinity:undefined:undefined:undefined:undefined":8,"s:102:4:108:Infinity":49,"b:103:6:106:Infinity:undefined:undefined:undefined:undefined":9,"s:103:6:106:Infinity":50,"s:105:8:105:Infinity":51,"f:105:35:105:40":11,"s:105:40:105:70":52,"s:107:6:107:Infinity":53,"s:109:4:109:Infinity":54,"f:112:8:112:12":12,"b:112:43:112:47":10,"s:113:14:113:Infinity":55,"b:114:4:118:Infinity:undefined:undefined:undefined:undefined":11,"s:114:4:118:Infinity":56,"s:115:6:117:Infinity":57,"f:116:8:116:9":13,"s:116:18:116:Infinity":58,"b:116:62:116:84:116:84:116:Infinity":12,"b:119:4:121:Infinity:undefined:undefined:undefined:undefined":13,"s:119:4:121:Infinity":59,"s:120:6:120:Infinity":60,"f:120:33:120:34":14,"s:120:43:120:68":61,"b:122:4:124:Infinity:undefined:undefined:undefined:undefined":14,"s:122:4:124:Infinity":62,"s:123:6:123:Infinity":63,"f:123:33:123:34":15,"s:123:43:123:66":64,"b:125:4:129:Infinity:undefined:undefined:undefined:undefined":15,"s:125:4:129:Infinity":65,"s:126:6:128:Infinity":66,"f:127:8:127:9":16,"s:127:18:127:Infinity":67,"b:127:62:127:84:127:84:127:Infinity":16,"s:130:4:130:Infinity":68,"b:130:11:130:32:130:32:130:Infinity":17,"f:133:8:133:12":17,"b:133:43:133:47":18,"s:134:14:134:Infinity":69,"b:135:4:138:Infinity:undefined:undefined:undefined:undefined":19,"s:135:4:138:Infinity":70,"s:136:6:136:Infinity":71,"s:137:6:137:Infinity":72,"b:139:4:142:Infinity:undefined:undefined:undefined:undefined":20,"s:139:4:142:Infinity":73,"s:140:6:140:Infinity":74,"s:141:6:141:Infinity":75,"b:143:4:159:Infinity:undefined:undefined:undefined:undefined":21,"s:143:4:159:Infinity":76,"s:144:6:144:Infinity":77,"s:145:19:156:Infinity":78,"b:149:14:149:27:149:27:149:Infinity":22,"b:150:16:150:29:150:29:150:Infinity":23,"b:151:16:151:29:151:29:151:Infinity":24,"b:152:18:152:31:152:31:152:Infinity":25,"s:157:6:157:Infinity":79,"s:158:6:158:Infinity":80,"b:160:4:173:Infinity:undefined:undefined:undefined:undefined":26,"s:160:4:173:Infinity":81,"s:161:6:161:Infinity":82,"s:162:6:171:Infinity":83,"b:167:18:167:31:167:31:167:Infinity":27,"s:172:6:172:Infinity":84,"s:174:4:174:Infinity":85,"f:177:8:177:13":18,"s:178:4:178:Infinity":86,"s:182:22:230:Infinity":87,"f:182:22:182:34":19,"b:183:2:183:Infinity:undefined:undefined:undefined:undefined":28,"s:183:2:183:Infinity":88,"s:183:10:183:Infinity":89,"b:185:2:188:Infinity:undefined:undefined:undefined:undefined":29,"s:185:2:188:Infinity":90,"s:186:4:186:Infinity":91,"s:187:4:187:Infinity":92,"s:190:2:190:Infinity":93,"s:191:2:191:Infinity":94,"s:193:2:227:Infinity":95,"s:194:4:224:Infinity":96,"s:226:4:226:Infinity":97,"s:229:2:229:Infinity":98,"s:232:22:289:Infinity":99,"f:232:22:232:29":20,"b:232:46:232:56":30,"s:233:2:233:Infinity":100,"s:234:17:234:Infinity":101,"s:236:2:288:Infinity":102,"b:237:4:246:Infinity:242:11:246:Infinity":31,"s:237:4:246:Infinity":103,"s:238:23:238:Infinity":104,"b:239:6:241:Infinity:undefined:undefined:undefined:undefined":32,"s:239:6:241:Infinity":105,"s:240:8:240:Infinity":106,"s:243:6:243:Infinity":107,"s:244:6:244:Infinity":108,"s:245:6:245:Infinity":109,"s:248:4:248:Infinity":110,"s:250:15:261:Infinity":111,"s:262:4:262:Infinity":112,"s:264:15:275:Infinity":113,"s:276:4:276:Infinity":114,"s:278:4:282:Infinity":115,"s:284:4:284:Infinity":116,"s:285:4:285:Infinity":117,"s:287:4:287:Infinity":118,"s:291:21:294:Infinity":119,"f:291:21:291:27":21,"b:292:2:292:Infinity:undefined:undefined:undefined:undefined":33,"s:292:2:292:Infinity":120,"s:292:11:292:Infinity":121,"s:293:2:293:Infinity":122}}}
,"/Users/lonnyangell/dev/chainOverflow/server/src/index.ts": {"path":"/Users/lonnyangell/dev/chainOverflow/server/src/index.ts","statementMap":{"0":{"start":{"line":8,"column":0},"end":{"line":8,"column":null}},"1":{"start":{"line":11,"column":13},"end":{"line":11,"column":null}},"2":{"start":{"line":12,"column":13},"end":{"line":12,"column":null}},"3":{"start":{"line":14,"column":0},"end":{"line":14,"column":null}},"4":{"start":{"line":16,"column":0},"end":{"line":16,"column":null}},"5":{"start":{"line":17,"column":0},"end":{"line":17,"column":null}},"6":{"start":{"line":19,"column":0},"end":{"line":21,"column":null}},"7":{"start":{"line":20,"column":2},"end":{"line":20,"column":null}},"8":{"start":{"line":23,"column":0},"end":{"line":25,"column":null}},"9":{"start":{"line":24,"column":2},"end":{"line":24,"column":null}},"10":{"start":{"line":28,"column":0},"end":{"line":39,"column":null}},"11":{"start":{"line":30,"column":2},"end":{"line":30,"column":null}},"12":{"start":{"line":30,"column":32},"end":{"line":30,"column":null}},"13":{"start":{"line":32,"column":2},"end":{"line":38,"column":null}},"14":{"start":{"line":33,"column":4},"end":{"line":33,"column":null}},"15":{"start":{"line":34,"column":4},"end":{"line":34,"column":null}},"16":{"start":{"line":36,"column":4},"end":{"line":36,"column":null}},"17":{"start":{"line":37,"column":4},"end":{"line":37,"column":null}},"18":{"start":{"line":41,"column":0},"end":{"line":41,"column":null}},"19":{"start":{"line":42,"column":0},"end":{"line":42,"column":null}},"20":{"start":{"line":45,"column":0},"end":{"line":59,"column":null}},"21":{"start":{"line":46,"column":2},"end":{"line":58,"column":null}},"22":{"start":{"line":48,"column":21},"end":{"line":50,"column":null}},"23":{"start":{"line":49,"column":8},"end":{"line":49,"column":null}},"24":{"start":{"line":52,"column":6},"end":{"line":54,"column":null}},"25":{"start":{"line":53,"column":8},"end":{"line":53,"column":null}},"26":{"start":{"line":57,"column":6},"end":{"line":57,"column":null}},"27":{"start":{"line":61,"column":0},"end":{"line":63,"column":null}},"28":{"start":{"line":62,"column":2},"end":{"line":62,"column":null}},"29":{"start":{"line":65,"column":0},"end":{"line":67,"column":null}},"30":{"start":{"line":66,"column":2},"end":{"line":66,"column":null}}},"fnMap":{"0":{"name":"(anonymous_0)","decl":{"start":{"line":19,"column":21},"end":{"line":19,"column":22}},"loc":{"start":{"line":19,"column":55},"end":{"line":21,"column":1}},"line":19},"1":{"name":"(anonymous_1)","decl":{"start":{"line":23,"column":13},"end":{"line":23,"column":14}},"loc":{"start":{"line":23,"column":47},"end":{"line":25,"column":1}},"line":23},"2":{"name":"(anonymous_2)","decl":{"start":{"line":28,"column":8},"end":{"line":28,"column":15}},"loc":{"start":{"line":28,"column":35},"end":{"line":39,"column":1}},"line":28},"3":{"name":"(anonymous_3)","decl":{"start":{"line":47,"column":10},"end":{"line":47,"column":16}},"loc":{"start":{"line":47,"column":16},"end":{"line":55,"column":5}},"line":47},"4":{"name":"(anonymous_4)","decl":{"start":{"line":48,"column":38},"end":{"line":48,"column":44}},"loc":{"start":{"line":48,"column":44},"end":{"line":50,"column":7}},"line":48},"5":{"name":"(anonymous_5)","decl":{"start":{"line":52,"column":25},"end":{"line":52,"column":26}},"loc":{"start":{"line":52,"column":39},"end":{"line":54,"column":7}},"line":52},"6":{"name":"(anonymous_6)","decl":{"start":{"line":56,"column":11},"end":{"line":56,"column":12}},"loc":{"start":{"line":56,"column":20},"end":{"line":58,"column":5}},"line":56},"7":{"name":"(anonymous_7)","decl":{"start":{"line":61,"column":33},"end":{"line":61,"column":34}},"loc":{"start":{"line":61,"column":54},"end":{"line":63,"column":1}},"line":61},"8":{"name":"(anonymous_8)","decl":{"start":{"line":65,"column":32},"end":{"line":65,"column":33}},"loc":{"start":{"line":65,"column":41},"end":{"line":67,"column":1}},"line":65}},"branchMap":{"0":{"loc":{"start":{"line":12,"column":13},"end":{"line":12,"column":null}},"type":"binary-expr","locations":[{"start":{"line":12,"column":13},"end":{"line":12,"column":33}},{"start":{"line":12,"column":33},"end":{"line":12,"column":null}}],"line":12},"1":{"loc":{"start":{"line":14,"column":28},"end":{"line":14,"column":65}},"type":"binary-expr","locations":[{"start":{"line":14,"column":28},"end":{"line":14,"column":52}},{"start":{"line":14,"column":52},"end":{"line":14,"column":65}}],"line":14},"2":{"loc":{"start":{"line":30,"column":2},"end":{"line":30,"column":null}},"type":"if","locations":[{"start":{"line":30,"column":2},"end":{"line":30,"column":null}},{"start":{},"end":{}}],"line":30},"3":{"loc":{"start":{"line":45,"column":0},"end":{"line":59,"column":null}},"type":"if","locations":[{"start":{"line":45,"column":0},"end":{"line":59,"column":null}},{"start":{},"end":{}}],"line":45},"4":{"loc":{"start":{"line":45,"column":4},"end":{"line":45,"column":60}},"type":"binary-expr","locations":[{"start":{"line":45,"column":4},"end":{"line":45,"column":39}},{"start":{"line":45,"column":39},"end":{"line":45,"column":60}}],"line":45}},"s":{"0":1,"1":1,"2":1,"3":1,"4":1,"5":1,"6":1,"7":0,"8":1,"9":1,"10":1,"11":14,"12":0,"13":14,"14":14,"15":14,"16":0,"17":0,"18":1,"19":1,"20":1,"21":0,"22":0,"23":0,"24":0,"25":0,"26":0,"27":1,"28":0,"29":1,"30":0},"f":{"0":0,"1":1,"2":14,"3":0,"4":0,"5":0,"6":0,"7":0,"8":0},"b":{"0":[1,1],"1":[1,0],"2":[0,14],"3":[0,1],"4":[1,0]},"meta":{"lastBranch":5,"lastFunction":9,"lastStatement":31,"seen":{"s:8:0:8:Infinity":0,"s:11:13:11:Infinity":1,"s:12:13:12:Infinity":2,"b:12:13:12:33:12:33:12:Infinity":0,"s:14:0:14:Infinity":3,"b:14:28:14:52:14:52:14:65":1,"s:16:0:16:Infinity":4,"s:17:0:17:Infinity":5,"s:19:0:21:Infinity":6,"f:19:21:19:22":0,"s:20:2:20:Infinity":7,"s:23:0:25:Infinity":8,"f:23:13:23:14":1,"s:24:2:24:Infinity":9,"s:28:0:39:Infinity":10,"f:28:8:28:15":2,"b:30:2:30:Infinity:undefined:undefined:undefined:undefined":2,"s:30:2:30:Infinity":11,"s:30:32:30:Infinity":12,"s:32:2:38:Infinity":13,"s:33:4:33:Infinity":14,"s:34:4:34:Infinity":15,"s:36:4:36:Infinity":16,"s:37:4:37:Infinity":17,"s:41:0:41:Infinity":18,"s:42:0:42:Infinity":19,"b:45:0:59:Infinity:undefined:undefined:undefined:undefined":3,"s:45:0:59:Infinity":20,"b:45:4:45:39:45:39:45:60":4,"s:46:2:58:Infinity":21,"f:47:10:47:16":3,"s:48:21:50:Infinity":22,"f:48:38:48:44":4,"s:49:8:49:Infinity":23,"s:52:6:54:Infinity":24,"f:52:25:52:26":5,"s:53:8:53:Infinity":25,"f:56:11:56:12":6,"s:57:6:57:Infinity":26,"s:61:0:63:Infinity":27,"f:61:33:61:34":7,"s:62:2:62:Infinity":28,"s:65:0:67:Infinity":29,"f:65:32:65:33":8,"s:66:2:66:Infinity":30}}}
,"/Users/lonnyangell/dev/chainOverflow/server/src/routes.ts": {"path":"/Users/lonnyangell/dev/chainOverflow/server/src/routes.ts","statementMap":{"0":{"start":{"line":5,"column":15},"end":{"line":5,"column":null}},"1":{"start":{"line":8,"column":0},"end":{"line":14,"column":null}},"2":{"start":{"line":9,"column":2},"end":{"line":13,"column":null}},"3":{"start":{"line":17,"column":0},"end":{"line":48,"column":null}},"4":{"start":{"line":18,"column":2},"end":{"line":47,"column":null}},"5":{"start":{"line":19,"column":10},"end":{"line":19,"column":null}},"6":{"start":{"line":20,"column":16},"end":{"line":20,"column":null}},"7":{"start":{"line":21,"column":22},"end":{"line":21,"column":null}},"8":{"start":{"line":24,"column":19},"end":{"line":28,"column":null}},"9":{"start":{"line":30,"column":27},"end":{"line":32,"column":null}},"10":{"start":{"line":32,"column":20},"end":{"line":32,"column":49}},"11":{"start":{"line":34,"column":4},"end":{"line":40,"column":null}},"12":{"start":{"line":37,"column":32},"end":{"line":37,"column":44}},"13":{"start":{"line":42,"column":4},"end":{"line":46,"column":null}},"14":{"start":{"line":51,"column":0},"end":{"line":60,"column":null}},"15":{"start":{"line":52,"column":2},"end":{"line":59,"column":null}},"16":{"start":{"line":53,"column":18},"end":{"line":53,"column":null}},"17":{"start":{"line":54,"column":19},"end":{"line":54,"column":null}},"18":{"start":{"line":55,"column":4},"end":{"line":55,"column":null}},"19":{"start":{"line":57,"column":4},"end":{"line":57,"column":null}},"20":{"start":{"line":58,"column":4},"end":{"line":58,"column":null}},"21":{"start":{"line":63,"column":0},"end":{"line":128,"column":null}},"22":{"start":{"line":64,"column":2},"end":{"line":127,"column":null}},"23":{"start":{"line":65,"column":10},"end":{"line":65,"column":null}},"24":{"start":{"line":66,"column":18},"end":{"line":66,"column":null}},"25":{"start":{"line":68,"column":25},"end":{"line":68,"column":null}},"26":{"start":{"line":69,"column":4},"end":{"line":95,"column":null}},"27":{"start":{"line":70,"column":6},"end":{"line":70,"column":null}},"28":{"start":{"line":78,"column":4},"end":{"line":95,"column":null}},"29":{"start":{"line":80,"column":6},"end":{"line":80,"column":null}},"30":{"start":{"line":90,"column":6},"end":{"line":90,"column":null}},"31":{"start":{"line":97,"column":22},"end":{"line":97,"column":null}},"32":{"start":{"line":99,"column":4},"end":{"line":99,"column":null}},"33":{"start":{"line":99,"column":32},"end":{"line":99,"column":null}},"34":{"start":{"line":102,"column":24},"end":{"line":102,"column":null}},"35":{"start":{"line":102,"column":45},"end":{"line":102,"column":49}},"36":{"start":{"line":103,"column":30},"end":{"line":103,"column":null}},"37":{"start":{"line":103,"column":52},"end":{"line":103,"column":55}},"38":{"start":{"line":105,"column":20},"end":{"line":112,"column":null}},"39":{"start":{"line":115,"column":17},"end":{"line":118,"column":null}},"40":{"start":{"line":115,"column":39},"end":{"line":118,"column":6}},"41":{"start":{"line":117,"column":37},"end":{"line":117,"column":59}},"42":{"start":{"line":120,"column":4},"end":{"line":120,"column":null}},"43":{"start":{"line":122,"column":4},"end":{"line":122,"column":null}},"44":{"start":{"line":123,"column":4},"end":{"line":126,"column":null}},"45":{"start":{"line":131,"column":0},"end":{"line":156,"column":null}},"46":{"start":{"line":132,"column":2},"end":{"line":155,"column":null}},"47":{"start":{"line":133,"column":19},"end":{"line":133,"column":null}},"48":{"start":{"line":134,"column":10},"end":{"line":134,"column":null}},"49":{"start":{"line":136,"column":21},"end":{"line":136,"column":null}},"50":{"start":{"line":137,"column":4},"end":{"line":137,"column":null}},"51":{"start":{"line":137,"column":19},"end":{"line":137,"column":null}},"52":{"start":{"line":139,"column":20},"end":{"line":146,"column":null}},"53":{"start":{"line":148,"column":4},"end":{"line":151,"column":null}},"54":{"start":{"line":153,"column":4},"end":{"line":153,"column":null}},"55":{"start":{"line":154,"column":4},"end":{"line":154,"column":null}},"56":{"start":{"line":159,"column":0},"end":{"line":181,"column":null}},"57":{"start":{"line":160,"column":2},"end":{"line":180,"column":null}},"58":{"start":{"line":161,"column":18},"end":{"line":161,"column":null}},"59":{"start":{"line":162,"column":4},"end":{"line":162,"column":null}},"60":{"start":{"line":162,"column":12},"end":{"line":162,"column":null}},"61":{"start":{"line":164,"column":10},"end":{"line":164,"column":null}},"62":{"start":{"line":165,"column":18},"end":{"line":165,"column":null}},"63":{"start":{"line":168,"column":20},"end":{"line":175,"column":null}},"64":{"start":{"line":177,"column":4},"end":{"line":177,"column":null}},"65":{"start":{"line":179,"column":4},"end":{"line":179,"column":null}},"66":{"start":{"line":184,"column":0},"end":{"line":210,"column":null}},"67":{"start":{"line":185,"column":2},"end":{"line":209,"column":null}},"68":{"start":{"line":186,"column":53},"end":{"line":186,"column":null}},"69":{"start":{"line":187,"column":10},"end":{"line":187,"column":null}},"70":{"start":{"line":191,"column":21},"end":{"line":191,"column":null}},"71":{"start":{"line":193,"column":19},"end":{"line":199,"column":null}},"72":{"start":{"line":201,"column":4},"end":{"line":205,"column":null}},"73":{"start":{"line":207,"column":4},"end":{"line":207,"column":null}},"74":{"start":{"line":208,"column":4},"end":{"line":208,"column":null}},"75":{"start":{"line":213,"column":0},"end":{"line":236,"column":null}},"76":{"start":{"line":214,"column":2},"end":{"line":235,"column":null}},"77":{"start":{"line":215,"column":44},"end":{"line":215,"column":null}},"78":{"start":{"line":216,"column":10},"end":{"line":216,"column":null}},"79":{"start":{"line":218,"column":21},"end":{"line":218,"column":null}},"80":{"start":{"line":220,"column":19},"end":{"line":226,"column":null}},"81":{"start":{"line":228,"column":4},"end":{"line":232,"column":null}},"82":{"start":{"line":234,"column":4},"end":{"line":234,"column":null}},"83":{"start":{"line":239,"column":0},"end":{"line":271,"column":null}},"84":{"start":{"line":240,"column":2},"end":{"line":270,"column":null}},"85":{"start":{"line":241,"column":19},"end":{"line":241,"column":null}},"86":{"start":{"line":242,"column":10},"end":{"line":242,"column":null}},"87":{"start":{"line":245,"column":4},"end":{"line":245,"column":null}},"88":{"start":{"line":248,"column":19},"end":{"line":248,"column":null}},"89":{"start":{"line":249,"column":4},"end":{"line":249,"column":null}},"90":{"start":{"line":249,"column":17},"end":{"line":249,"column":null}},"91":{"start":{"line":251,"column":21},"end":{"line":251,"column":null}},"92":{"start":{"line":252,"column":4},"end":{"line":252,"column":null}},"93":{"start":{"line":252,"column":19},"end":{"line":252,"column":null}},"94":{"start":{"line":256,"column":17},"end":{"line":256,"column":null}},"95":{"start":{"line":257,"column":4},"end":{"line":262,"column":null}},"96":{"start":{"line":258,"column":6},"end":{"line":258,"column":null}},"97":{"start":{"line":260,"column":6},"end":{"line":260,"column":null}},"98":{"start":{"line":264,"column":4},"end":{"line":267,"column":null}},"99":{"start":{"line":269,"column":4},"end":{"line":269,"column":null}}},"fnMap":{"0":{"name":"(anonymous_0)","decl":{"start":{"line":8,"column":20},"end":{"line":8,"column":21}},"loc":{"start":{"line":8,"column":54},"end":{"line":14,"column":1}},"line":8},"1":{"name":"(anonymous_1)","decl":{"start":{"line":17,"column":24},"end":{"line":17,"column":31}},"loc":{"start":{"line":17,"column":64},"end":{"line":48,"column":1}},"line":17},"2":{"name":"(anonymous_2)","decl":{"start":{"line":32,"column":13},"end":{"line":32,"column":20}},"loc":{"start":{"line":32,"column":20},"end":{"line":32,"column":49}},"line":32},"3":{"name":"(anonymous_3)","decl":{"start":{"line":37,"column":25},"end":{"line":37,"column":26}},"loc":{"start":{"line":37,"column":32},"end":{"line":37,"column":44}},"line":37},"4":{"name":"(anonymous_4)","decl":{"start":{"line":51,"column":20},"end":{"line":51,"column":27}},"loc":{"start":{"line":51,"column":59},"end":{"line":60,"column":1}},"line":51},"5":{"name":"(anonymous_5)","decl":{"start":{"line":63,"column":20},"end":{"line":63,"column":27}},"loc":{"start":{"line":63,"column":59},"end":{"line":128,"column":1}},"line":63},"6":{"name":"(anonymous_6)","decl":{"start":{"line":102,"column":38},"end":{"line":102,"column":39}},"loc":{"start":{"line":102,"column":45},"end":{"line":102,"column":49}},"line":102},"7":{"name":"(anonymous_7)","decl":{"start":{"line":103,"column":46},"end":{"line":103,"column":52}},"loc":{"start":{"line":103,"column":52},"end":{"line":103,"column":55}},"line":103},"8":{"name":"(anonymous_8)","decl":{"start":{"line":115,"column":31},"end":{"line":115,"column":32}},"loc":{"start":{"line":115,"column":39},"end":{"line":118,"column":6}},"line":115},"9":{"name":"(anonymous_9)","decl":{"start":{"line":117,"column":30},"end":{"line":117,"column":31}},"loc":{"start":{"line":117,"column":37},"end":{"line":117,"column":59}},"line":117},"10":{"name":"(anonymous_10)","decl":{"start":{"line":131,"column":29},"end":{"line":131,"column":36}},"loc":{"start":{"line":131,"column":68},"end":{"line":156,"column":1}},"line":131},"11":{"name":"(anonymous_11)","decl":{"start":{"line":159,"column":22},"end":{"line":159,"column":29}},"loc":{"start":{"line":159,"column":61},"end":{"line":181,"column":1}},"line":159},"12":{"name":"(anonymous_12)","decl":{"start":{"line":184,"column":26},"end":{"line":184,"column":33}},"loc":{"start":{"line":184,"column":65},"end":{"line":210,"column":1}},"line":184},"13":{"name":"(anonymous_13)","decl":{"start":{"line":213,"column":24},"end":{"line":213,"column":31}},"loc":{"start":{"line":213,"column":63},"end":{"line":236,"column":1}},"line":213},"14":{"name":"(anonymous_14)","decl":{"start":{"line":239,"column":35},"end":{"line":239,"column":42}},"loc":{"start":{"line":239,"column":74},"end":{"line":271,"column":1}},"line":239}},"branchMap":{"0":{"loc":{"start":{"line":20,"column":16},"end":{"line":20,"column":null}},"type":"binary-expr","locations":[{"start":{"line":20,"column":16},"end":{"line":20,"column":44}},{"start":{"line":20,"column":44},"end":{"line":20,"column":null}}],"line":20},"1":{"loc":{"start":{"line":39,"column":17},"end":{"line":39,"column":null}},"type":"binary-expr","locations":[{"start":{"line":39,"column":17},"end":{"line":39,"column":43}},{"start":{"line":39,"column":43},"end":{"line":39,"column":null}}],"line":39},"2":{"loc":{"start":{"line":66,"column":18},"end":{"line":66,"column":null}},"type":"binary-expr","locations":[{"start":{"line":66,"column":18},"end":{"line":66,"column":47}},{"start":{"line":66,"column":47},"end":{"line":66,"column":null}}],"line":66},"3":{"loc":{"start":{"line":69,"column":4},"end":{"line":95,"column":null}},"type":"if","locations":[{"start":{"line":69,"column":4},"end":{"line":95,"column":null}},{"start":{"line":78,"column":4},"end":{"line":95,"column":null}}],"line":69},"4":{"loc":{"start":{"line":78,"column":4},"end":{"line":95,"column":null}},"type":"if","locations":[{"start":{"line":78,"column":4},"end":{"line":95,"column":null}},{"start":{"line":88,"column":11},"end":{"line":95,"column":null}}],"line":78},"5":{"loc":{"start":{"line":99,"column":4},"end":{"line":99,"column":null}},"type":"if","locations":[{"start":{"line":99,"column":4},"end":{"line":99,"column":null}},{"start":{},"end":{}}],"line":99},"6":{"loc":{"start":{"line":125,"column":15},"end":{"line":125,"column":null}},"type":"cond-expr","locations":[{"start":{"line":125,"column":40},"end":{"line":125,"column":56}},{"start":{"line":125,"column":56},"end":{"line":125,"column":null}}],"line":125},"7":{"loc":{"start":{"line":137,"column":4},"end":{"line":137,"column":null}},"type":"if","locations":[{"start":{"line":137,"column":4},"end":{"line":137,"column":null}},{"start":{},"end":{}}],"line":137},"8":{"loc":{"start":{"line":162,"column":4},"end":{"line":162,"column":null}},"type":"if","locations":[{"start":{"line":162,"column":4},"end":{"line":162,"column":null}},{"start":{},"end":{}}],"line":162},"9":{"loc":{"start":{"line":249,"column":4},"end":{"line":249,"column":null}},"type":"if","locations":[{"start":{"line":249,"column":4},"end":{"line":249,"column":null}},{"start":{},"end":{}}],"line":249},"10":{"loc":{"start":{"line":252,"column":4},"end":{"line":252,"column":null}},"type":"if","locations":[{"start":{"line":252,"column":4},"end":{"line":252,"column":null}},{"start":{},"end":{}}],"line":252}},"s":{"0":1,"1":1,"2":0,"3":1,"4":0,"5":0,"6":0,"7":0,"8":0,"9":0,"10":0,"11":0,"12":0,"13":0,"14":1,"15":0,"16":0,"17":0,"18":0,"19":0,"20":0,"21":1,"22":3,"23":3,"24":3,"25":3,"26":3,"27":1,"28":2,"29":1,"30":1,"31":3,"32":3,"33":0,"34":3,"35":4,"36":3,"37":4,"38":3,"39":3,"40":4,"41":3,"42":3,"43":0,"44":0,"45":1,"46":2,"47":2,"48":2,"49":2,"50":2,"51":1,"52":1,"53":1,"54":0,"55":0,"56":1,"57":2,"58":2,"59":2,"60":1,"61":1,"62":1,"63":1,"64":1,"65":0,"66":1,"67":1,"68":1,"69":1,"70":1,"71":1,"72":1,"73":0,"74":0,"75":1,"76":1,"77":1,"78":1,"79":1,"80":1,"81":1,"82":0,"83":1,"84":0,"85":0,"86":0,"87":0,"88":0,"89":0,"90":0,"91":0,"92":0,"93":0,"94":0,"95":0,"96":0,"97":0,"98":0,"99":0},"f":{"0":0,"1":0,"2":0,"3":0,"4":0,"5":3,"6":4,"7":4,"8":4,"9":3,"10":2,"11":2,"12":1,"13":1,"14":0},"b":{"0":[0,0],"1":[0,0],"2":[3,1],"3":[1,2],"4":[1,1],"5":[0,3],"6":[0,0],"7":[1,1],"8":[1,1],"9":[0,0],"10":[0,0]},"meta":{"lastBranch":11,"lastFunction":15,"lastStatement":100,"seen":{"s:5:15:5:Infinity":0,"s:8:0:14:Infinity":1,"f:8:20:8:21":0,"s:9:2:13:Infinity":2,"s:17:0:48:Infinity":3,"f:17:24:17:31":1,"s:18:2:47:Infinity":4,"s:19:10:19:Infinity":5,"s:20:16:20:Infinity":6,"b:20:16:20:44:20:44:20:Infinity":0,"s:21:22:21:Infinity":7,"s:24:19:28:Infinity":8,"s:30:27:32:Infinity":9,"f:32:13:32:20":2,"s:32:20:32:49":10,"s:34:4:40:Infinity":11,"f:37:25:37:26":3,"s:37:32:37:44":12,"b:39:17:39:43:39:43:39:Infinity":1,"s:42:4:46:Infinity":13,"s:51:0:60:Infinity":14,"f:51:20:51:27":4,"s:52:2:59:Infinity":15,"s:53:18:53:Infinity":16,"s:54:19:54:Infinity":17,"s:55:4:55:Infinity":18,"s:57:4:57:Infinity":19,"s:58:4:58:Infinity":20,"s:63:0:128:Infinity":21,"f:63:20:63:27":5,"s:64:2:127:Infinity":22,"s:65:10:65:Infinity":23,"s:66:18:66:Infinity":24,"b:66:18:66:47:66:47:66:Infinity":2,"s:68:25:68:Infinity":25,"b:69:4:95:Infinity:78:4:95:Infinity":3,"s:69:4:95:Infinity":26,"s:70:6:70:Infinity":27,"b:78:4:95:Infinity:88:11:95:Infinity":4,"s:78:4:95:Infinity":28,"s:80:6:80:Infinity":29,"s:90:6:90:Infinity":30,"s:97:22:97:Infinity":31,"b:99:4:99:Infinity:undefined:undefined:undefined:undefined":5,"s:99:4:99:Infinity":32,"s:99:32:99:Infinity":33,"s:102:24:102:Infinity":34,"f:102:38:102:39":6,"s:102:45:102:49":35,"s:103:30:103:Infinity":36,"f:103:46:103:52":7,"s:103:52:103:55":37,"s:105:20:112:Infinity":38,"s:115:17:118:Infinity":39,"f:115:31:115:32":8,"s:115:39:118:6":40,"f:117:30:117:31":9,"s:117:37:117:59":41,"s:120:4:120:Infinity":42,"s:122:4:122:Infinity":43,"s:123:4:126:Infinity":44,"b:125:40:125:56:125:56:125:Infinity":6,"s:131:0:156:Infinity":45,"f:131:29:131:36":10,"s:132:2:155:Infinity":46,"s:133:19:133:Infinity":47,"s:134:10:134:Infinity":48,"s:136:21:136:Infinity":49,"b:137:4:137:Infinity:undefined:undefined:undefined:undefined":7,"s:137:4:137:Infinity":50,"s:137:19:137:Infinity":51,"s:139:20:146:Infinity":52,"s:148:4:151:Infinity":53,"s:153:4:153:Infinity":54,"s:154:4:154:Infinity":55,"s:159:0:181:Infinity":56,"f:159:22:159:29":11,"s:160:2:180:Infinity":57,"s:161:18:161:Infinity":58,"b:162:4:162:Infinity:undefined:undefined:undefined:undefined":8,"s:162:4:162:Infinity":59,"s:162:12:162:Infinity":60,"s:164:10:164:Infinity":61,"s:165:18:165:Infinity":62,"s:168:20:175:Infinity":63,"s:177:4:177:Infinity":64,"s:179:4:179:Infinity":65,"s:184:0:210:Infinity":66,"f:184:26:184:33":12,"s:185:2:209:Infinity":67,"s:186:53:186:Infinity":68,"s:187:10:187:Infinity":69,"s:191:21:191:Infinity":70,"s:193:19:199:Infinity":71,"s:201:4:205:Infinity":72,"s:207:4:207:Infinity":73,"s:208:4:208:Infinity":74,"s:213:0:236:Infinity":75,"f:213:24:213:31":13,"s:214:2:235:Infinity":76,"s:215:44:215:Infinity":77,"s:216:10:216:Infinity":78,"s:218:21:218:Infinity":79,"s:220:19:226:Infinity":80,"s:228:4:232:Infinity":81,"s:234:4:234:Infinity":82,"s:239:0:271:Infinity":83,"f:239:35:239:42":14,"s:240:2:270:Infinity":84,"s:241:19:241:Infinity":85,"s:242:10:242:Infinity":86,"s:245:4:245:Infinity":87,"s:248:19:248:Infinity":88,"b:249:4:249:Infinity:undefined:undefined:undefined:undefined":9,"s:249:4:249:Infinity":89,"s:249:17:249:Infinity":90,"s:251:21:251:Infinity":91,"b:252:4:252:Infinity:undefined:undefined:undefined:undefined":10,"s:252:4:252:Infinity":92,"s:252:19:252:Infinity":93,"s:256:17:256:Infinity":94,"s:257:4:262:Infinity":95,"s:258:6:258:Infinity":96,"s:260:6:260:Infinity":97,"s:264:4:267:Infinity":98,"s:269:4:269:Infinity":99}}}
,"/Users/lonnyangell/dev/chainOverflow/server/src/middleware/x402.ts": {"path":"/Users/lonnyangell/dev/chainOverflow/server/src/middleware/x402.ts","statementMap":{"0":{"start":{"line":5,"column":22},"end":{"line":5,"column":null}},"1":{"start":{"line":9,"column":22},"end":{"line":9,"column":null}},"2":{"start":{"line":15,"column":30},"end":{"line":53,"column":null}},"3":{"start":{"line":16,"column":2},"end":{"line":52,"column":null}},"4":{"start":{"line":18,"column":27},"end":{"line":18,"column":null}},"5":{"start":{"line":19,"column":4},"end":{"line":21,"column":null}},"6":{"start":{"line":20,"column":6},"end":{"line":20,"column":null}},"7":{"start":{"line":23,"column":23},"end":{"line":23,"column":null}},"8":{"start":{"line":24,"column":4},"end":{"line":24,"column":null}},"9":{"start":{"line":24,"column":21},"end":{"line":24,"column":null}},"10":{"start":{"line":26,"column":34},"end":{"line":26,"column":null}},"11":{"start":{"line":27,"column":4},"end":{"line":27,"column":null}},"12":{"start":{"line":27,"column":43},"end":{"line":27,"column":null}},"13":{"start":{"line":29,"column":30},"end":{"line":29,"column":null}},"14":{"start":{"line":32,"column":4},"end":{"line":34,"column":null}},"15":{"start":{"line":33,"column":6},"end":{"line":33,"column":null}},"16":{"start":{"line":36,"column":4},"end":{"line":36,"column":null}},"17":{"start":{"line":36,"column":19},"end":{"line":36,"column":null}},"18":{"start":{"line":39,"column":4},"end":{"line":42,"column":null}},"19":{"start":{"line":40,"column":6},"end":{"line":40,"column":null}},"20":{"start":{"line":40,"column":43},"end":{"line":40,"column":null}},"21":{"start":{"line":41,"column":6},"end":{"line":41,"column":null}},"22":{"start":{"line":45,"column":19},"end":{"line":45,"column":null}},"23":{"start":{"line":46,"column":27},"end":{"line":46,"column":null}},"24":{"start":{"line":48,"column":30},"end":{"line":48,"column":null}},"25":{"start":{"line":49,"column":4},"end":{"line":49,"column":null}},"26":{"start":{"line":49,"column":15},"end":{"line":49,"column":null}},"27":{"start":{"line":51,"column":4},"end":{"line":51,"column":null}},"28":{"start":{"line":55,"column":23},"end":{"line":74,"column":null}},"29":{"start":{"line":56,"column":19},"end":{"line":56,"column":null}},"30":{"start":{"line":57,"column":21},"end":{"line":57,"column":null}},"31":{"start":{"line":58,"column":21},"end":{"line":58,"column":null}},"32":{"start":{"line":61,"column":17},"end":{"line":61,"column":null}},"33":{"start":{"line":62,"column":25},"end":{"line":62,"column":null}},"34":{"start":{"line":64,"column":2},"end":{"line":64,"column":null}},"35":{"start":{"line":65,"column":2},"end":{"line":73,"column":null}}},"fnMap":{"0":{"name":"(anonymous_0)","decl":{"start":{"line":15,"column":30},"end":{"line":15,"column":36}},"loc":{"start":{"line":15,"column":36},"end":{"line":53,"column":null}},"line":15},"1":{"name":"(anonymous_1)","decl":{"start":{"line":16,"column":9},"end":{"line":16,"column":16}},"loc":{"start":{"line":16,"column":68},"end":{"line":52,"column":null}},"line":16},"2":{"name":"(anonymous_2)","decl":{"start":{"line":55,"column":23},"end":{"line":55,"column":24}},"loc":{"start":{"line":55,"column":56},"end":{"line":74,"column":null}},"line":55}},"branchMap":{"0":{"loc":{"start":{"line":5,"column":22},"end":{"line":5,"column":null}},"type":"binary-expr","locations":[{"start":{"line":5,"column":22},"end":{"line":5,"column":51}},{"start":{"line":5,"column":51},"end":{"line":5,"column":null}}],"line":5},"1":{"loc":{"start":{"line":19,"column":4},"end":{"line":21,"column":null}},"type":"if","locations":[{"start":{"line":19,"column":4},"end":{"line":21,"column":null}},{"start":{},"end":{}}],"line":19},"2":{"loc":{"start":{"line":24,"column":4},"end":{"line":24,"column":null}},"type":"if","locations":[{"start":{"line":24,"column":4},"end":{"line":24,"column":null}},{"start":{},"end":{}}],"line":24},"3":{"loc":{"start":{"line":27,"column":4},"end":{"line":27,"column":null}},"type":"if","locations":[{"start":{"line":27,"column":4},"end":{"line":27,"column":null}},{"start":{},"end":{}}],"line":27},"4":{"loc":{"start":{"line":27,"column":8},"end":{"line":27,"column":43}},"type":"binary-expr","locations":[{"start":{"line":27,"column":8},"end":{"line":27,"column":29}},{"start":{"line":27,"column":29},"end":{"line":27,"column":43}}],"line":27},"5":{"loc":{"start":{"line":32,"column":4},"end":{"line":34,"column":null}},"type":"if","locations":[{"start":{"line":32,"column":4},"end":{"line":34,"column":null}},{"start":{},"end":{}}],"line":32},"6":{"loc":{"start":{"line":36,"column":4},"end":{"line":36,"column":null}},"type":"if","locations":[{"start":{"line":36,"column":4},"end":{"line":36,"column":null}},{"start":{},"end":{}}],"line":36},"7":{"loc":{"start":{"line":39,"column":4},"end":{"line":42,"column":null}},"type":"if","locations":[{"start":{"line":39,"column":4},"end":{"line":42,"column":null}},{"start":{},"end":{}}],"line":39},"8":{"loc":{"start":{"line":39,"column":8},"end":{"line":39,"column":70}},"type":"binary-expr","locations":[{"start":{"line":39,"column":8},"end":{"line":39,"column":43}},{"start":{"line":39,"column":43},"end":{"line":39,"column":70}}],"line":39},"9":{"loc":{"start":{"line":40,"column":6},"end":{"line":40,"column":null}},"type":"if","locations":[{"start":{"line":40,"column":6},"end":{"line":40,"column":null}},{"start":{},"end":{}}],"line":40},"10":{"loc":{"start":{"line":40,"column":10},"end":{"line":40,"column":43}},"type":"binary-expr","locations":[{"start":{"line":40,"column":10},"end":{"line":40,"column":22}},{"start":{"line":40,"column":22},"end":{"line":40,"column":43}}],"line":40},"11":{"loc":{"start":{"line":45,"column":19},"end":{"line":45,"column":null}},"type":"cond-expr","locations":[{"start":{"line":45,"column":38},"end":{"line":45,"column":64}},{"start":{"line":45,"column":64},"end":{"line":45,"column":null}}],"line":45},"12":{"loc":{"start":{"line":46,"column":27},"end":{"line":46,"column":null}},"type":"cond-expr","locations":[{"start":{"line":46,"column":68},"end":{"line":46,"column":77}},{"start":{"line":46,"column":77},"end":{"line":46,"column":null}}],"line":46},"13":{"loc":{"start":{"line":49,"column":4},"end":{"line":49,"column":null}},"type":"if","locations":[{"start":{"line":49,"column":4},"end":{"line":49,"column":null}},{"start":{},"end":{}}],"line":49},"14":{"loc":{"start":{"line":51,"column":41},"end":{"line":51,"column":75}},"type":"binary-expr","locations":[{"start":{"line":51,"column":41},"end":{"line":51,"column":51}},{"start":{"line":51,"column":51},"end":{"line":51,"column":75}}],"line":51},"15":{"loc":{"start":{"line":58,"column":21},"end":{"line":58,"column":null}},"type":"cond-expr","locations":[{"start":{"line":58,"column":34},"end":{"line":58,"column":53}},{"start":{"line":58,"column":53},"end":{"line":58,"column":null}}],"line":58},"16":{"loc":{"start":{"line":61,"column":17},"end":{"line":61,"column":null}},"type":"cond-expr","locations":[{"start":{"line":61,"column":36},"end":{"line":61,"column":62}},{"start":{"line":61,"column":62},"end":{"line":61,"column":null}}],"line":61},"17":{"loc":{"start":{"line":62,"column":25},"end":{"line":62,"column":null}},"type":"cond-expr","locations":[{"start":{"line":62,"column":66},"end":{"line":62,"column":75}},{"start":{"line":62,"column":75},"end":{"line":62,"column":null}}],"line":62}},"s":{"0":1,"1":1,"2":1,"3":1,"4":14,"5":14,"6":7,"7":7,"8":7,"9":2,"10":5,"11":5,"12":2,"13":3,"14":3,"15":0,"16":3,"17":3,"18":3,"19":3,"20":2,"21":1,"22":0,"23":14,"24":14,"25":0,"26":0,"27":0,"28":1,"29":4,"30":4,"31":4,"32":4,"33":4,"34":4,"35":4},"f":{"0":1,"1":14,"2":4},"b":{"0":[1,1],"1":[7,7],"2":[2,5],"3":[2,3],"4":[5,3],"5":[0,3],"6":[0,3],"7":[3,0],"8":[3,0],"9":[2,1],"10":[3,3],"11":[0,0],"12":[0,0],"13":[0,0],"14":[0,0],"15":[3,1],"16":[0,4],"17":[0,4]},"meta":{"lastBranch":18,"lastFunction":3,"lastStatement":36,"seen":{"s:5:22:5:Infinity":0,"b:5:22:5:51:5:51:5:Infinity":0,"s:9:22:9:Infinity":1,"s:15:30:53:Infinity":2,"f:15:30:15:36":0,"s:16:2:52:Infinity":3,"f:16:9:16:16":1,"s:18:27:18:Infinity":4,"b:19:4:21:Infinity:undefined:undefined:undefined:undefined":1,"s:19:4:21:Infinity":5,"s:20:6:20:Infinity":6,"s:23:23:23:Infinity":7,"b:24:4:24:Infinity:undefined:undefined:undefined:undefined":2,"s:24:4:24:Infinity":8,"s:24:21:24:Infinity":9,"s:26:34:26:Infinity":10,"b:27:4:27:Infinity:undefined:undefined:undefined:undefined":3,"s:27:4:27:Infinity":11,"b:27:8:27:29:27:29:27:43":4,"s:27:43:27:Infinity":12,"s:29:30:29:Infinity":13,"b:32:4:34:Infinity:undefined:undefined:undefined:undefined":5,"s:32:4:34:Infinity":14,"s:33:6:33:Infinity":15,"b:36:4:36:Infinity:undefined:undefined:undefined:undefined":6,"s:36:4:36:Infinity":16,"s:36:19:36:Infinity":17,"b:39:4:42:Infinity:undefined:undefined:undefined:undefined":7,"s:39:4:42:Infinity":18,"b:39:8:39:43:39:43:39:70":8,"b:40:6:40:Infinity:undefined:undefined:undefined:undefined":9,"s:40:6:40:Infinity":19,"b:40:10:40:22:40:22:40:43":10,"s:40:43:40:Infinity":20,"s:41:6:41:Infinity":21,"s:45:19:45:Infinity":22,"b:45:38:45:64:45:64:45:Infinity":11,"s:46:27:46:Infinity":23,"b:46:68:46:77:46:77:46:Infinity":12,"s:48:30:48:Infinity":24,"b:49:4:49:Infinity:undefined:undefined:undefined:undefined":13,"s:49:4:49:Infinity":25,"s:49:15:49:Infinity":26,"s:51:4:51:Infinity":27,"b:51:41:51:51:51:51:51:75":14,"s:55:23:74:Infinity":28,"f:55:23:55:24":2,"s:56:19:56:Infinity":29,"s:57:21:57:Infinity":30,"s:58:21:58:Infinity":31,"b:58:34:58:53:58:53:58:Infinity":15,"s:61:17:61:Infinity":32,"b:61:36:61:62:61:62:61:Infinity":16,"s:62:25:62:Infinity":33,"b:62:66:62:75:62:75:62:Infinity":17,"s:64:2:64:Infinity":34,"s:65:2:73:Infinity":35}}}
,"/Users/lonnyangell/dev/chainOverflow/server/src/services/contract.ts": {"path":"/Users/lonnyangell/dev/chainOverflow/server/src/services/contract.ts","statementMap":{"0":{"start":{"line":6,"column":0},"end":{"line":6,"column":null}},"1":{"start":{"line":8,"column":6},"end":{"line":17,"column":null}},"2":{"start":{"line":19,"column":18},"end":{"line":30,"column":null}},"3":{"start":{"line":32,"column":21},"end":{"line":32,"column":null}},"4":{"start":{"line":34,"column":14},"end":{"line":34,"column":null}},"5":{"start":{"line":35,"column":21},"end":{"line":35,"column":null}},"6":{"start":{"line":37,"column":13},"end":{"line":40,"column":null}},"7":{"start":{"line":42,"column":13},"end":{"line":46,"column":null}},"8":{"start":{"line":51,"column":29},"end":{"line":57,"column":null}},"9":{"start":{"line":63,"column":2},"end":{"line":66,"column":null}},"10":{"start":{"line":64,"column":4},"end":{"line":64,"column":null}},"11":{"start":{"line":65,"column":4},"end":{"line":65,"column":null}},"12":{"start":{"line":68,"column":2},"end":{"line":68,"column":null}},"13":{"start":{"line":70,"column":15},"end":{"line":70,"column":null}},"14":{"start":{"line":72,"column":2},"end":{"line":72,"column":null}},"15":{"start":{"line":73,"column":2},"end":{"line":73,"column":null}},"16":{"start":{"line":80,"column":2},"end":{"line":122,"column":null}},"17":{"start":{"line":81,"column":4},"end":{"line":81,"column":null}},"18":{"start":{"line":84,"column":20},"end":{"line":87,"column":null}},"19":{"start":{"line":89,"column":4},"end":{"line":91,"column":null}},"20":{"start":{"line":90,"column":6},"end":{"line":90,"column":null}},"21":{"start":{"line":93,"column":15},"end":{"line":95,"column":null}},"22":{"start":{"line":97,"column":22},"end":{"line":97,"column":null}},"23":{"start":{"line":98,"column":25},"end":{"line":98,"column":null}},"24":{"start":{"line":100,"column":4},"end":{"line":104,"column":null}},"25":{"start":{"line":101,"column":18},"end":{"line":101,"column":null}},"26":{"start":{"line":102,"column":6},"end":{"line":102,"column":null}},"27":{"start":{"line":103,"column":6},"end":{"line":103,"column":null}},"28":{"start":{"line":106,"column":4},"end":{"line":111,"column":null}},"29":{"start":{"line":107,"column":6},"end":{"line":110,"column":null}},"30":{"start":{"line":113,"column":4},"end":{"line":113,"column":null}},"31":{"start":{"line":114,"column":4},"end":{"line":114,"column":null}},"32":{"start":{"line":116,"column":4},"end":{"line":116,"column":null}},"33":{"start":{"line":117,"column":4},"end":{"line":121,"column":null}}},"fnMap":{"0":{"name":"releaseBounty","decl":{"start":{"line":62,"column":22},"end":{"line":62,"column":36}},"loc":{"start":{"line":62,"column":79},"end":{"line":74,"column":null}},"line":62},"1":{"name":"verifyPayment","decl":{"start":{"line":79,"column":22},"end":{"line":79,"column":36}},"loc":{"start":{"line":79,"column":76},"end":{"line":123,"column":null}},"line":79}},"branchMap":{"0":{"loc":{"start":{"line":34,"column":14},"end":{"line":34,"column":null}},"type":"cond-expr","locations":[{"start":{"line":34,"column":55},"end":{"line":34,"column":65}},{"start":{"line":34,"column":65},"end":{"line":34,"column":null}}],"line":34},"1":{"loc":{"start":{"line":35,"column":21},"end":{"line":35,"column":null}},"type":"cond-expr","locations":[{"start":{"line":35,"column":62},"end":{"line":35,"column":88}},{"start":{"line":35,"column":88},"end":{"line":35,"column":null}}],"line":35},"2":{"loc":{"start":{"line":51,"column":29},"end":{"line":57,"column":null}},"type":"cond-expr","locations":[{"start":{"line":51,"column":29},"end":{"line":56,"column":null}},{"start":{"line":57,"column":4},"end":{"line":57,"column":null}}],"line":51},"3":{"loc":{"start":{"line":63,"column":2},"end":{"line":66,"column":null}},"type":"if","locations":[{"start":{"line":63,"column":2},"end":{"line":66,"column":null}},{"start":{},"end":{}}],"line":63},"4":{"loc":{"start":{"line":89,"column":4},"end":{"line":91,"column":null}},"type":"if","locations":[{"start":{"line":89,"column":4},"end":{"line":91,"column":null}},{"start":{},"end":{}}],"line":89},"5":{"loc":{"start":{"line":100,"column":4},"end":{"line":104,"column":null}},"type":"if","locations":[{"start":{"line":100,"column":4},"end":{"line":104,"column":null}},{"start":{},"end":{}}],"line":100},"6":{"loc":{"start":{"line":100,"column":8},"end":{"line":100,"column":37}},"type":"binary-expr","locations":[{"start":{"line":100,"column":8},"end":{"line":100,"column":22}},{"start":{"line":100,"column":22},"end":{"line":100,"column":37}}],"line":100},"7":{"loc":{"start":{"line":101,"column":63},"end":{"line":101,"column":102}},"type":"binary-expr","locations":[{"start":{"line":101,"column":63},"end":{"line":101,"column":79}},{"start":{"line":101,"column":79},"end":{"line":101,"column":102}}],"line":101},"8":{"loc":{"start":{"line":106,"column":4},"end":{"line":111,"column":null}},"type":"if","locations":[{"start":{"line":106,"column":4},"end":{"line":111,"column":null}},{"start":{},"end":{}}],"line":106}},"s":{"0":2,"1":2,"2":2,"3":2,"4":2,"5":2,"6":2,"7":2,"8":2,"9":1,"10":0,"11":0,"12":1,"13":1,"14":1,"15":1,"16":2,"17":2,"18":2,"19":2,"20":0,"21":2,"22":2,"23":2,"24":2,"25":0,"26":0,"27":0,"28":2,"29":1,"30":1,"31":1,"32":0,"33":0},"f":{"0":1,"1":2},"b":{"0":[1,1],"1":[1,1],"2":[1,1],"3":[0,1],"4":[0,2],"5":[0,2],"6":[2,0],"7":[0,0],"8":[1,1]},"meta":{"lastBranch":9,"lastFunction":2,"lastStatement":34,"seen":{"s:6:0:6:Infinity":0,"s:8:6:17:Infinity":1,"s:19:18:30:Infinity":2,"s:32:21:32:Infinity":3,"s:34:14:34:Infinity":4,"b:34:55:34:65:34:65:34:Infinity":0,"s:35:21:35:Infinity":5,"b:35:62:35:88:35:88:35:Infinity":1,"s:37:13:40:Infinity":6,"s:42:13:46:Infinity":7,"s:51:29:57:Infinity":8,"b:51:29:56:Infinity:57:4:57:Infinity":2,"f:62:22:62:36":0,"b:63:2:66:Infinity:undefined:undefined:undefined:undefined":3,"s:63:2:66:Infinity":9,"s:64:4:64:Infinity":10,"s:65:4:65:Infinity":11,"s:68:2:68:Infinity":12,"s:70:15:70:Infinity":13,"s:72:2:72:Infinity":14,"s:73:2:73:Infinity":15,"f:79:22:79:36":1,"s:80:2:122:Infinity":16,"s:81:4:81:Infinity":17,"s:84:20:87:Infinity":18,"b:89:4:91:Infinity:undefined:undefined:undefined:undefined":4,"s:89:4:91:Infinity":19,"s:90:6:90:Infinity":20,"s:93:15:95:Infinity":21,"s:97:22:97:Infinity":22,"s:98:25:98:Infinity":23,"b:100:4:104:Infinity:undefined:undefined:undefined:undefined":5,"s:100:4:104:Infinity":24,"b:100:8:100:22:100:22:100:37":6,"s:101:18:101:Infinity":25,"b:101:63:101:79:101:79:101:102":7,"s:102:6:102:Infinity":26,"s:103:6:103:Infinity":27,"b:106:4:111:Infinity:undefined:undefined:undefined:undefined":8,"s:106:4:111:Infinity":28,"s:107:6:110:Infinity":29,"s:113:4:113:Infinity":30,"s:114:4:114:Infinity":31,"s:116:4:116:Infinity":32,"s:117:4:121:Infinity":33}}}
,"/Users/lonnyangell/dev/chainOverflow/server/src/services/wallet.ts": {"path":"/Users/lonnyangell/dev/chainOverflow/server/src/services/wallet.ts","statementMap":{"0":{"start":{"line":5,"column":0},"end":{"line":5,"column":null}},"1":{"start":{"line":11,"column":22},"end":{"line":22,"column":null}},"2":{"start":{"line":12,"column":14},"end":{"line":12,"column":null}},"3":{"start":{"line":13,"column":2},"end":{"line":20,"column":null}},"4":{"start":{"line":14,"column":10},"end":{"line":14,"column":null}},"5":{"start":{"line":15,"column":4},"end":{"line":15,"column":null}},"6":{"start":{"line":16,"column":4},"end":{"line":16,"column":null}},"7":{"start":{"line":17,"column":4},"end":{"line":17,"column":null}},"8":{"start":{"line":18,"column":4},"end":{"line":18,"column":null}},"9":{"start":{"line":19,"column":4},"end":{"line":19,"column":null}},"10":{"start":{"line":21,"column":2},"end":{"line":21,"column":null}},"11":{"start":{"line":24,"column":13},"end":{"line":24,"column":null}},"12":{"start":{"line":25,"column":31},"end":{"line":25,"column":null}},"13":{"start":{"line":27,"column":0},"end":{"line":27,"column":null}}},"fnMap":{"0":{"name":"(anonymous_0)","decl":{"start":{"line":11,"column":22},"end":{"line":11,"column":28}},"loc":{"start":{"line":11,"column":28},"end":{"line":22,"column":null}},"line":11}},"branchMap":{"0":{"loc":{"start":{"line":13,"column":2},"end":{"line":20,"column":null}},"type":"if","locations":[{"start":{"line":13,"column":2},"end":{"line":20,"column":null}},{"start":{},"end":{}}],"line":13},"1":{"loc":{"start":{"line":13,"column":6},"end":{"line":13,"column":38}},"type":"binary-expr","locations":[{"start":{"line":13,"column":6},"end":{"line":13,"column":14}},{"start":{"line":13,"column":14},"end":{"line":13,"column":38}}],"line":13}},"s":{"0":2,"1":2,"2":2,"3":2,"4":0,"5":0,"6":0,"7":0,"8":0,"9":0,"10":2,"11":2,"12":2,"13":2},"f":{"0":2},"b":{"0":[0,2],"1":[2,2]},"meta":{"lastBranch":2,"lastFunction":1,"lastStatement":14,"seen":{"s:5:0:5:Infinity":0,"s:11:22:22:Infinity":1,"f:11:22:11:28":0,"s:12:14:12:Infinity":2,"b:13:2:20:Infinity:undefined:undefined:undefined:undefined":0,"s:13:2:20:Infinity":3,"b:13:6:13:14:13:14:13:38":1,"s:14:10:14:Infinity":4,"s:15:4:15:Infinity":5,"s:16:4:16:Infinity":6,"s:17:4:17:Infinity":7,"s:18:4:18:Infinity":8,"s:19:4:19:Infinity":9,"s:21:2:21:Infinity":10,"s:24:13:24:Infinity":11,"s:25:31:25:Infinity":12,"s:27:0:27:Infinity":13}}}
,"/Users/lonnyangell/dev/chainOverflow/src/App.tsx": {"path":"/Users/lonnyangell/dev/chainOverflow/src/App.tsx","statementMap":{"0":{"start":{"line":15,"column":22},"end":{"line":30,"column":null}},"1":{"start":{"line":16,"column":2},"end":{"line":28,"column":null}}},"fnMap":{"0":{"name":"(anonymous_0)","decl":{"start":{"line":15,"column":22},"end":{"line":15,"column":28}},"loc":{"start":{"line":15,"column":28},"end":{"line":30,"column":null}},"line":15}},"branchMap":{},"s":{"0":1,"1":1},"f":{"0":1},"b":{},"meta":{"lastBranch":0,"lastFunction":1,"lastStatement":2,"seen":{"s:15:22:30:Infinity":0,"f:15:22:15:28":0,"s:16:2:28:Infinity":1}}}
,"/Users/lonnyangell/dev/chainOverflow/src/types.ts": {"path":"/Users/lonnyangell/dev/chainOverflow/src/types.ts","statementMap":{},"fnMap":{},"branchMap":{},"s":{},"f":{},"b":{},"meta":{"lastBranch":0,"lastFunction":0,"lastStatement":0,"seen":{}}}
,"/Users/lonnyangell/dev/chainOverflow/src/components/Hero.tsx": {"path":"/Users/lonnyangell/dev/chainOverflow/src/components/Hero.tsx","statementMap":{"0":{"start":{"line":3,"column":23},"end":{"line":27,"column":null}},"1":{"start":{"line":4,"column":2},"end":{"line":25,"column":null}}},"fnMap":{"0":{"name":"(anonymous_0)","decl":{"start":{"line":3,"column":23},"end":{"line":3,"column":29}},"loc":{"start":{"line":3,"column":29},"end":{"line":27,"column":null}},"line":3}},"branchMap":{},"s":{"0":0,"1":0},"f":{"0":0},"b":{},"meta":{"lastBranch":0,"lastFunction":1,"lastStatement":2,"seen":{"s:3:23:27:Infinity":0,"f:3:23:3:29":0,"s:4:2:25:Infinity":1}}}
,"/Users/lonnyangell/dev/chainOverflow/src/components/Navbar.tsx": {"path":"/Users/lonnyangell/dev/chainOverflow/src/components/Navbar.tsx","statementMap":{"0":{"start":{"line":5,"column":25},"end":{"line":58,"column":null}},"1":{"start":{"line":6,"column":8},"end":{"line":6,"column":null}},"2":{"start":{"line":6,"column":38},"end":{"line":6,"column":51}},"3":{"start":{"line":7,"column":8},"end":{"line":7,"column":null}},"4":{"start":{"line":7,"column":44},"end":{"line":7,"column":63}},"5":{"start":{"line":8,"column":8},"end":{"line":8,"column":null}},"6":{"start":{"line":8,"column":45},"end":{"line":8,"column":65}},"7":{"start":{"line":9,"column":8},"end":{"line":9,"column":null}},"8":{"start":{"line":9,"column":42},"end":{"line":9,"column":59}},"9":{"start":{"line":10,"column":8},"end":{"line":10,"column":null}},"10":{"start":{"line":10,"column":45},"end":{"line":10,"column":65}},"11":{"start":{"line":11,"column":8},"end":{"line":11,"column":null}},"12":{"start":{"line":11,"column":42},"end":{"line":11,"column":59}},"13":{"start":{"line":13,"column":2},"end":{"line":56,"column":null}},"14":{"start":{"line":27,"column":29},"end":{"line":27,"column":null}},"15":{"start":{"line":39,"column":57},"end":{"line":39,"column":79}}},"fnMap":{"0":{"name":"(anonymous_0)","decl":{"start":{"line":5,"column":25},"end":{"line":5,"column":31}},"loc":{"start":{"line":5,"column":31},"end":{"line":58,"column":null}},"line":5},"1":{"name":"(anonymous_1)","decl":{"start":{"line":6,"column":27},"end":{"line":6,"column":28}},"loc":{"start":{"line":6,"column":38},"end":{"line":6,"column":51}},"line":6},"2":{"name":"(anonymous_2)","decl":{"start":{"line":7,"column":33},"end":{"line":7,"column":34}},"loc":{"start":{"line":7,"column":44},"end":{"line":7,"column":63}},"line":7},"3":{"name":"(anonymous_3)","decl":{"start":{"line":8,"column":34},"end":{"line":8,"column":35}},"loc":{"start":{"line":8,"column":45},"end":{"line":8,"column":65}},"line":8},"4":{"name":"(anonymous_4)","decl":{"start":{"line":9,"column":31},"end":{"line":9,"column":32}},"loc":{"start":{"line":9,"column":42},"end":{"line":9,"column":59}},"line":9},"5":{"name":"(anonymous_5)","decl":{"start":{"line":10,"column":34},"end":{"line":10,"column":35}},"loc":{"start":{"line":10,"column":45},"end":{"line":10,"column":65}},"line":10},"6":{"name":"(anonymous_6)","decl":{"start":{"line":11,"column":31},"end":{"line":11,"column":32}},"loc":{"start":{"line":11,"column":42},"end":{"line":11,"column":59}},"line":11},"7":{"name":"(anonymous_7)","decl":{"start":{"line":27,"column":22},"end":{"line":27,"column":23}},"loc":{"start":{"line":27,"column":29},"end":{"line":27,"column":null}},"line":27},"8":{"name":"(anonymous_8)","decl":{"start":{"line":39,"column":51},"end":{"line":39,"column":57}},"loc":{"start":{"line":39,"column":57},"end":{"line":39,"column":79}},"line":39}},"branchMap":{"0":{"loc":{"start":{"line":20,"column":58},"end":{"line":20,"column":80}},"type":"cond-expr","locations":[{"start":{"line":20,"column":72},"end":{"line":20,"column":76}},{"start":{"line":20,"column":76},"end":{"line":20,"column":80}}],"line":20},"1":{"loc":{"start":{"line":21,"column":13},"end":{"line":21,"column":null}},"type":"cond-expr","locations":[{"start":{"line":21,"column":27},"end":{"line":21,"column":33}},{"start":{"line":21,"column":33},"end":{"line":21,"column":null}}],"line":21},"2":{"loc":{"start":{"line":29,"column":19},"end":{"line":29,"column":null}},"type":"cond-expr","locations":[{"start":{"line":29,"column":33},"end":{"line":29,"column":73}},{"start":{"line":29,"column":73},"end":{"line":29,"column":null}}],"line":29},"3":{"loc":{"start":{"line":46,"column":12},"end":{"line":48,"column":null}},"type":"cond-expr","locations":[{"start":{"line":47,"column":16},"end":{"line":47,"column":null}},{"start":{"line":48,"column":16},"end":{"line":48,"column":null}}],"line":46},"4":{"loc":{"start":{"line":51,"column":11},"end":{"line":53,"column":null}},"type":"cond-expr","locations":[{"start":{"line":52,"column":14},"end":{"line":52,"column":null}},{"start":{"line":53,"column":14},"end":{"line":53,"column":null}}],"line":51}},"s":{"0":1,"1":4,"2":4,"3":4,"4":4,"5":4,"6":4,"7":4,"8":4,"9":4,"10":4,"11":4,"12":4,"13":4,"14":0,"15":1},"f":{"0":4,"1":4,"2":4,"3":4,"4":4,"5":4,"6":4,"7":0,"8":1},"b":{"0":[0,4],"1":[0,4],"2":[0,4],"3":[1,3],"4":[1,3]},"meta":{"lastBranch":5,"lastFunction":9,"lastStatement":16,"seen":{"s:5:25:58:Infinity":0,"f:5:25:5:31":0,"s:6:8:6:Infinity":1,"f:6:27:6:28":1,"s:6:38:6:51":2,"s:7:8:7:Infinity":3,"f:7:33:7:34":2,"s:7:44:7:63":4,"s:8:8:8:Infinity":5,"f:8:34:8:35":3,"s:8:45:8:65":6,"s:9:8:9:Infinity":7,"f:9:31:9:32":4,"s:9:42:9:59":8,"s:10:8:10:Infinity":9,"f:10:34:10:35":5,"s:10:45:10:65":10,"s:11:8:11:Infinity":11,"f:11:31:11:32":6,"s:11:42:11:59":12,"s:13:2:56:Infinity":13,"b:20:72:20:76:20:76:20:80":0,"b:21:27:21:33:21:33:21:Infinity":1,"f:27:22:27:23":7,"s:27:29:27:Infinity":14,"b:29:33:29:73:29:73:29:Infinity":2,"f:39:51:39:57":8,"s:39:57:39:79":15,"b:47:16:47:Infinity:48:16:48:Infinity":3,"b:52:14:52:Infinity:53:14:53:Infinity":4}}}
,"/Users/lonnyangell/dev/chainOverflow/src/components/QuestionCard.tsx": {"path":"/Users/lonnyangell/dev/chainOverflow/src/components/QuestionCard.tsx","statementMap":{"0":{"start":{"line":14,"column":50},"end":{"line":115,"column":null}},"1":{"start":{"line":15,"column":34},"end":{"line":15,"column":null}},"2":{"start":{"line":16,"column":8},"end":{"line":16,"column":null}},"3":{"start":{"line":16,"column":43},"end":{"line":16,"column":61}},"4":{"start":{"line":17,"column":8},"end":{"line":17,"column":null}},"5":{"start":{"line":19,"column":2},"end":{"line":113,"column":null}},"6":{"start":{"line":22,"column":52},"end":{"line":22,"column":82}},"7":{"start":{"line":26,"column":52},"end":{"line":26,"column":83}},"8":{"start":{"line":42,"column":25},"end":{"line":42,"column":null}},"9":{"start":{"line":54,"column":27},"end":{"line":54,"column":null}},"10":{"start":{"line":64,"column":16},"end":{"line":66,"column":null}}},"fnMap":{"0":{"name":"(anonymous_0)","decl":{"start":{"line":14,"column":50},"end":{"line":14,"column":51}},"loc":{"start":{"line":14,"column":68},"end":{"line":115,"column":null}},"line":14},"1":{"name":"(anonymous_1)","decl":{"start":{"line":16,"column":32},"end":{"line":16,"column":33}},"loc":{"start":{"line":16,"column":43},"end":{"line":16,"column":61}},"line":16},"2":{"name":"(anonymous_2)","decl":{"start":{"line":22,"column":46},"end":{"line":22,"column":52}},"loc":{"start":{"line":22,"column":52},"end":{"line":22,"column":82}},"line":22},"3":{"name":"(anonymous_3)","decl":{"start":{"line":26,"column":46},"end":{"line":26,"column":52}},"loc":{"start":{"line":26,"column":52},"end":{"line":26,"column":83}},"line":26},"4":{"name":"(anonymous_4)","decl":{"start":{"line":42,"column":19},"end":{"line":42,"column":25}},"loc":{"start":{"line":42,"column":25},"end":{"line":42,"column":null}},"line":42},"5":{"name":"(anonymous_5)","decl":{"start":{"line":54,"column":21},"end":{"line":54,"column":27}},"loc":{"start":{"line":54,"column":27},"end":{"line":54,"column":null}},"line":54},"6":{"name":"(anonymous_6)","decl":{"start":{"line":63,"column":33},"end":{"line":63,"column":34}},"loc":{"start":{"line":64,"column":16},"end":{"line":66,"column":null}},"line":64}},"branchMap":{"0":{"loc":{"start":{"line":36,"column":11},"end":{"line":37,"column":null}},"type":"binary-expr","locations":[{"start":{"line":36,"column":11},"end":{"line":36,"column":null}},{"start":{"line":37,"column":12},"end":{"line":37,"column":null}}],"line":36},"1":{"loc":{"start":{"line":47,"column":44},"end":{"line":47,"column":75}},"type":"cond-expr","locations":[{"start":{"line":47,"column":58},"end":{"line":47,"column":73}},{"start":{"line":47,"column":73},"end":{"line":47,"column":75}}],"line":47},"2":{"loc":{"start":{"line":51,"column":9},"end":{"line":58,"column":null}},"type":"binary-expr","locations":[{"start":{"line":51,"column":9},"end":{"line":51,"column":null}},{"start":{"line":52,"column":10},"end":{"line":58,"column":null}}],"line":51},"3":{"loc":{"start":{"line":57,"column":13},"end":{"line":57,"column":null}},"type":"cond-expr","locations":[{"start":{"line":57,"column":26},"end":{"line":57,"column":40}},{"start":{"line":57,"column":40},"end":{"line":57,"column":null}}],"line":57},"4":{"loc":{"start":{"line":82,"column":9},"end":{"line":110,"column":null}},"type":"binary-expr","locations":[{"start":{"line":82,"column":9},"end":{"line":82,"column":null}},{"start":{"line":83,"column":10},"end":{"line":110,"column":null}}],"line":82}},"s":{"0":1,"1":5,"2":5,"3":5,"4":5,"5":5,"6":1,"7":0,"8":0,"9":1,"10":10},"f":{"0":5,"1":5,"2":1,"3":0,"4":0,"5":1,"6":10},"b":{"0":[5,0],"1":[4,1],"2":[5,2],"3":[1,1],"4":[5,5]},"meta":{"lastBranch":5,"lastFunction":7,"lastStatement":11,"seen":{"s:14:50:115:Infinity":0,"f:14:50:14:51":0,"s:15:34:15:Infinity":1,"s:16:8:16:Infinity":2,"f:16:32:16:33":1,"s:16:43:16:61":3,"s:17:8:17:Infinity":4,"s:19:2:113:I
[...]
ne":184,"column":35},"end":{"line":212,"column":null}},"line":184},"18":{"name":"(anonymous_18)","decl":{"start":{"line":214,"column":26},"end":{"line":214,"column":33}},"loc":{"start":{"line":214,"column":77},"end":{"line":312,"column":null}},"line":214},"19":{"name":"(anonymous_19)","decl":{"start":{"line":307,"column":50},"end":{"line":307,"column":57}},"loc":{"start":{"line":307,"column":57},"end":{"line":307,"column":85}},"line":307},"20":{"name":"(anonymous_20)","decl":{"start":{"line":314,"column":21},"end":{"line":314,"column":33}},"loc":{"start":{"line":314,"column":33},"end":{"line":325,"column":null}},"line":314},"21":{"name":"(anonymous_21)","decl":{"start":{"line":327,"column":21},"end":{"line":327,"column":28}},"loc":{"start":{"line":327,"column":38},"end":{"line":347,"column":null}},"line":327},"22":{"name":"(anonymous_22)","decl":{"start":{"line":350,"column":17},"end":{"line":350,"column":24}},"loc":{"start":{"line":350,"column":48},"end":{"line":370,"column":null}},"line":350},"23":{"name":"(anonymous_23)","decl":{"start":{"line":372,"column":18},"end":{"line":372,"column":19}},"loc":{"start":{"line":372,"column":33},"end":{"line":378,"column":null}},"line":372},"24":{"name":"(anonymous_24)","decl":{"start":{"line":374,"column":43},"end":{"line":374,"column":44}},"loc":{"start":{"line":375,"column":10},"end":{"line":375,"column":null}},"line":375},"25":{"name":"(anonymous_25)","decl":{"start":{"line":380,"column":26},"end":{"line":380,"column":33}},"loc":{"start":{"line":380,"column":59},"end":{"line":395,"column":null}},"line":380},"26":{"name":"(anonymous_26)","decl":{"start":{"line":399,"column":33},"end":{"line":399,"column":39}},"loc":{"start":{"line":399,"column":39},"end":{"line":399,"column":51}},"line":399},"27":{"name":"(anonymous_27)","decl":{"start":{"line":400,"column":18},"end":{"line":400,"column":19}},"loc":{"start":{"line":400,"column":30},"end":{"line":402,"column":null}},"line":400}},"branchMap":{"0":{"loc":{"start":{"line":64,"column":22},"end":{"line":64,"column":null}},"type":"cond-expr","locations":[{"start":{"line":64,"column":29},"end":{"line":64,"column":63}},{"start":{"line":64,"column":63},"end":{"line":64,"column":null}}],"line":64},"1":{"loc":{"start":{"line":73,"column":18},"end":{"line":73,"column":null}},"type":"cond-expr","locations":[{"start":{"line":73,"column":47},"end":{"line":73,"column":83}},{"start":{"line":73,"column":83},"end":{"line":73,"column":null}}],"line":73},"2":{"loc":{"start":{"line":73,"column":83},"end":{"line":73,"column":null}},"type":"binary-expr","locations":[{"start":{"line":73,"column":83},"end":{"line":73,"column":93}},{"start":{"line":73,"column":93},"end":{"line":73,"column":null}}],"line":73},"3":{"loc":{"start":{"line":79,"column":21},"end":{"line":79,"column":null}},"type":"cond-expr","locations":[{"start":{"line":79,"column":33},"end":{"line":79,"column":52}},{"start":{"line":79,"column":52},"end":{"line":79,"column":null}}],"line":79},"4":{"loc":{"start":{"line":83,"column":13},"end":{"line":83,"column":30}},"type":"binary-expr","locations":[{"start":{"line":83,"column":13},"end":{"line":83,"column":26}},{"start":{"line":83,"column":26},"end":{"line":83,"column":30}}],"line":83},"5":{"loc":{"start":{"line":105,"column":10},"end":{"line":105,"column":null}},"type":"if","locations":[{"start":{"line":105,"column":10},"end":{"line":105,"column":null}},{"start":{},"end":{}}],"line":105},"6":{"loc":{"start":{"line":113,"column":18},"end":{"line":113,"column":null}},"type":"cond-expr","locations":[{"start":{"line":113,"column":47},"end":{"line":113,"column":83}},{"start":{"line":113,"column":83},"end":{"line":113,"column":null}}],"line":113},"7":{"loc":{"start":{"line":113,"column":83},"end":{"line":113,"column":null}},"type":"binary-expr","locations":[{"start":{"line":113,"column":83},"end":{"line":113,"column":93}},{"start":{"line":113,"column":93},"end":{"line":113,"column":null}}],"line":113},"8":{"loc":{"start":{"line":119,"column":21},"end":{"line":119,"column":null}},"type":"cond-expr","locations":[{"start":{"line":119,"column":33},"end":{"line":119,"column":52}},{"start":{"line":119,"column":52},"end":{"line":119,"column":null}}],"line":119},"9":{"loc":{"start":{"line":122,"column":45},"end":{"line":122,"column":62}},"type":"binary-expr","locations":[{"start":{"line":122,"column":45},"end":{"line":122,"column":58}},{"start":{"line":122,"column":58},"end":{"line":122,"column":62}}],"line":122},"10":{"loc":{"start":{"line":154,"column":8},"end":{"line":158,"column":null}},"type":"if","locations":[{"start":{"line":154,"column":8},"end":{"line":158,"column":null}},{"start":{"line":156,"column":15},"end":{"line":158,"column":null}}],"line":154},"11":{"loc":{"start":{"line":167,"column":27},"end":{"line":167,"column":74}},"type":"binary-expr","locations":[{"start":{"line":167,"column":27},"end":{"line":167,"column":41}},{"start":{"line":167,"column":41},"end":{"line":167,"column":74}}],"line":167},"12":{"loc":{"start":{"line":179,"column":10},"end":{"line":179,"column":null}},"type":"cond-expr","locations":[{"start":{"line":179,"column":24},"end":{"line":179,"column":59}},{"start":{"line":179,"column":59},"end":{"line":179,"column":null}}],"line":179},"13":{"loc":{"start":{"line":198,"column":22},"end":{"line":198,"column":null}},"type":"binary-expr","locations":[{"start":{"line":198,"column":22},"end":{"line":198,"column":33}},{"start":{"line":198,"column":33},"end":{"line":198,"column":null}}],"line":198},"14":{"loc":{"start":{"line":210,"column":16},"end":{"line":210,"column":81}},"type":"cond-expr","locations":[{"start":{"line":210,"column":41},"end":{"line":210,"column":57}},{"start":{"line":210,"column":57},"end":{"line":210,"column":81}}],"line":210},"15":{"loc":{"start":{"line":214,"column":47},"end":{"line":214,"column":77}},"type":"default-arg","locations":[{"start":{"line":214,"column":70},"end":{"line":214,"column":77}}],"line":214},"16":{"loc":{"start":{"line":224,"column":8},"end":{"line":304,"column":null}},"type":"if","locations":[{"start":{"line":224,"column":8},"end":{"line":304,"column":null}},{"start":{},"end":{}}],"line":224},"17":{"loc":{"start":{"line":230,"column":10},"end":{"line":232,"column":null}},"type":"if","locations":[{"start":{"line":230,"column":10},"end":{"line":232,"column":null}},{"start":{},"end":{}}],"line":230},"18":{"loc":{"start":{"line":236,"column":10},"end":{"line":238,"column":null}},"type":"if","locations":[{"start":{"line":236,"column":10},"end":{"line":238,"column":null}},{"start":{},"end":{}}],"line":236},"19":{"loc":{"start":{"line":244,"column":61},"end":{"line":244,"column":112}},"type":"cond-expr","locations":[{"start":{"line":244,"column":76},"end":{"line":244,"column":95}},{"start":{"line":244,"column":95},"end":{"line":244,"column":112}}],"line":244},"20":{"loc":{"start":{"line":250,"column":12},"end":{"line":287,"column":null}},"type":"if","locations":[{"start":{"line":250,"column":12},"end":{"line":287,"column":null}},{"start":{"line":275,"column":19},"end":{"line":287,"column":null}}],"line":250},"21":{"loc":{"start":{"line":259,"column":33},"end":{"line":261,"column":null}},"type":"cond-expr","locations":[{"start":{"line":260,"column":18},"end":{"line":260,"column":null}},{"start":{"line":261,"column":18},"end":{"line":261,"column":null}}],"line":259},"22":{"loc":{"start":{"line":260,"column":18},"end":{"line":260,"column":null}},"type":"binary-expr","locations":[{"start":{"line":260,"column":18},"end":{"line":260,"column":62}},{"start":{"line":260,"column":62},"end":{"line":260,"column":null}}],"line":260},"23":{"loc":{"start":{"line":306,"column":8},"end":{"line":309,"column":null}},"type":"if","locations":[{"start":{"line":306,"column":8},"end":{"line":309,"column":null}},{"start":{},"end":{}}],"line":306},"24":{"loc":{"start":{"line":308,"column":26},"end":{"line":308,"column":79}},"type":"binary-expr","locations":[{"start":{"line":308,"column":26},"end":{"line":308,"column":39}},{"start":{"line":308,"column":39},"end":{"line":308,"column":79}}],"line":308},"25":{"loc":{"start":{"line":315,"column":8},"end":{"line":324,"column":null}},"type":"if","locations":[{"start":{"line":315,"column":8},"end":{"line":324,"column":null}},{"start":{"line":322,"column":15},"end":{"line":324,"column":null}}],"line":315},"26":{"loc":{"start":{"line":359,"column":22},"end":{"line":359,"column":null}},"type":"binary-expr","locations":[{"start":{"line":359,"column":22},"end":{"line":359,"column":33}},{"start":{"line":359,"column":33},"end":{"line":359,"column":null}}],"line":359},"27":{"loc":{"start":{"line":366,"column":16},"end":{"line":366,"column":80}},"type":"cond-expr","locations":[{"start":{"line":366,"column":41},"end":{"line":366,"column":57}},{"start":{"line":366,"column":57},"end":{"line":366,"column":80}}],"line":366},"28":{"loc":{"start":{"line":375,"column":10},"end":{"line":375,"column":null}},"type":"cond-expr","locations":[{"start":{"line":375,"column":24},"end":{"line":375,"column":59}},{"start":{"line":375,"column":59},"end":{"line":375,"column":null}}],"line":375}},"s":{"0":1,"1":1,"2":1,"3":4,"4":4,"5":4,"6":4,"7":4,"8":4,"9":2,"10":4,"11":2,"12":1,"13":4,"14":0,"15":0,"16":1,"17":1,"18":1,"19":1,"20":0,"21":1,"22":1,"23":1,"24":1,"25":1,"26":1,"27":0,"28":1,"29":0,"30":1,"31":0,"32":0,"33":4,"34":2,"35":0,"36":0,"37":0,"38":0,"39":1,"40":1,"41":1,"42":1,"43":1,"44":1,"45":1,"46":1,"47":0,"48":0,"49":2,"50":2,"51":2,"52":2,"53":2,"54":2,"55":2,"56":2,"57":2,"58":2,"59":2,"60":0,"61":0,"62":0,"63":3,"64":3,"65":1,"66":1,"67":1,"68":1,"69":0,"70":1,"71":1,"72":0,"73":1,"74":1,"75":1,"76":1,"77":1,"78":0,"79":0,"80":0,"81":0,"82":1,"83":1,"84":1,"85":0,"86":0,"87":3,"88":0,"89":0,"90":0,"91":3,"92":2,"93":1,"94":1,"95":1,"96":0,"97":1,"98":1,"99":1,"100":1,"101":1,"102":5,"103":5,"104":5,"105":5,"106":1,"107":1,"108":1,"109":1,"110":1,"111":1,"112":0,"113":0,"114":1,"115":1,"116":1,"117":1,"118":1,"119":1,"120":1,"121":1,"122":1,"123":0,"124":0,"125":1,"126":1,"127":49},"f":{"0":1,"1":4,"2":2,"3":2,"4":1,"5":1,"6":1,"7":0,"8":0,"9":4,"10":2,"11":0,"12":1,"13":1,"14":1,"15":2,"16":2,"17":2,"18":3,"19":0,"20":2,"21":1,"22":1,"23":1,"24":1,"25":1,"26":1,"27":49},"b":{"0":[0,4],"1":[1,1],"2":[1,1],"3":[1,1],"4":[2,1],"5":[0,1],"6":[1,0],"7":[0,0],"8":[1,0],"9":[1,0],"10":[0,0],"11":[1,1],"12":[2,0],"13":[2,0],"14":[0,0],"15":[3],"16":[1,2],"17":[0,1],"18":[0,1],"19":[0,1],"20":[0,1],"21":[0,0],"22":[0,0],"23":[0,3],"24":[0,0],"25":[1,1],"26":[1,0],"27":[0,0],"28":[1,0]},"meta":{"lastBranch":29,"lastFunction":28,"lastStatement":128,"seen":{"s:7:17:7:Infinity":0,"s:48:13:405:Infinity":1,"f:50:4:50:5":0,"s:50:19:396:Infinity":2,"f:61:17:61:24":1,"s:62:8:62:Infinity":3,"s:63:8:98:Infinity":4,"s:64:22:64:Infinity":5,"b:64:29:64:63:64:63:64:Infinity":0,"s:65:27:65:Infinity":6,"s:66:23:66:Infinity":7,"s:69:40:80:Infinity":8,"f:69:49:69:50":2,"s:69:62:80:12":9,"b:73:47:73:83:73:83:73:Infinity":1,"b:73:83:73:93:73:93:73:Infinity":2,"b:79:33:79:52:79:52:79:Infinity":3,"s:82:36:92:Infinity":10,"f:82:49:82:50":3,"s:82:50:91:Infinity":11,"b:83:13:83:26:83:26:83:30":4,"f:83:34:83:35":4,"s:83:47:91:14":12,"s:94:10:94:Infinity":13,"s:96:10:96:Infinity":14,"s:97:10:97:Infinity":15,"f:101:21:101:28":5,"s:102:8:102:Infinity":16,"s:103:8:145:Infinity":17,"s:104:27:104:Infinity":18,"b:105:10:105:Infinity:undefined:undefined:undefined:undefined":5,"s:105:10:105:Infinity":19,"s:105:28:105:Infinity":20,"s:106:20:106:Infinity":21,"s:109:37:120:Infinity":22,"b:113:47:113:83:113:83:113:Infinity":6,"b:113:83:113:93:113:93:113:Infinity":7,"b:119:33:119:52:119:52:119:Infinity":8,"s:122:16:130:Infinity":23,"b:122:45:122:58:122:58:122:62":9,"f:122:66:122:67":6,"s:122:79:130:12":24,"s:133:41:133:Infinity":25,"s:134:33:134:Infinity":26,"f:134:50:134:51":7,"s:134:60:134:74":27,"s:135:31:135:Infinity":28,"f:135:46:135:47":8,"s:135:56:135:78":29,"s:137:10:141:Infinity":30,"s:143:10:143:Infinity":31,"s:144:10:144:Infinity":32,"f:148:18:148:19":9,"s:148:31:148:Infinity":33,"f:150:22:150:23":10,"s:150:34:150:Infinity":34,"f:152:22:152:23":11,"s:153:8:153:Infinity":35,"b:154:8:158:Infinity:156:15:158:Infinity":10,"s:154:8:158:Infinity":36,"s:155:10:155:Infinity":37,"s:157:10:157:Infinity":38,"f:161:21:161:28":12,"s:162:8:162:Infinity":39,"s:163:8:173:Infinity":40,"s:164:31:164:Infinity":41,"s:165:32:165:Infinity":42,"s:166:30:168:Infinity":43,"f:167:20:167:21":13,"s:167:27:167:74":44,"b:167:27:167:41:167:41:167:74":11,"f:168:17:168:18":14,"s:168:24:168:28":45,"s:169:10:169:Infinity":46,"s:171:10:171:Infinity":47,"s:172:10:172:Infinity":48,"f:176:20:176:21":15,"s:177:30:177:Infinity":49,"s:178:33:180:Infinity":50,"f:178:47:178:48":16,"s:179:10:179:Infinity":51,"b:179:24:179:59:179:59:179:Infinity":12,"s:181:8:181:Infinity":52,"f:184:19:184:26":17,"s:185:28:185:Infinity":53,"s:186:8:186:Infinity":54,"s:187:8:211:Infinity":55,"s:189:27:189:Infinity":56,"s:192:10:202:Infinity":57,"b:198:22:198:33:198:33:198:Infinity":13,"s:205:10:205:Infinity":58,"s:206:10:206:Infinity":59,"s:208:10:208:Infinity":60,"s:209:10:209:Infinity":61,"s:210:10:210:Infinity":62,"b:210:41:210:57:210:57:210:81":14,"f:214:26:214:33":18,"b:214:70:214:77":15,"s:216:23:222:Infinity":63,"b:224:8:304:Infinity:undefined:undefined:undefined:undefined":16,"s:224:8:304:Infinity":64,"s:225:23:225:Infinity":65,"s:226:10:226:Infinity":66,"s:228:67:228:Infinity":67,"b:230:10:232:Infinity:undefined:undefined:undefined:undefined":17,"s:230:10:232:Infinity":68,"s:231:12:231:Infinity":69,"s:235:23:235:Infinity":70,"b:236:10:238:Infinity:undefined:undefined:undefined:undefined":18,"s:236:10:238:Infinity":71,"s:237:12:237:Infinity":72,"s:240:27:240:Infinity":73,"s:241:25:241:Infinity":74,"s:243:10:245:Infinity":75,"b:244:76:244:95:244:95:244:112":19,"s:247:10:303:Infinity":76,"b:250:12:287:Infinity:275:19:287:Infinity":20,"s:250:12:287:Infinity":77,"s:252:28:255:Infinity":78,"s:259:33:261:Infinity":79,"b:260:18:260:Infinity:261:18:261:Infinity":21,"b:260:18:260:62:260:62:260:Infinity":22,"s:262:31:262:Infinity":80,"s:264:14:274:Infinity":81,"s:277:14:286:Infinity":82,"s:289:12:289:Infinity":83,"s:292:12:299:Infinity":84,"s:301:12:301:Infinity":85,"s:302:12:302:Infinity":86,"b:306:8:309:Infinity:undefined:undefined:undefined:undefined":23,"s:306:8:309:Infinity":87,"s:307:22:307:Infinity":88,"f:307:50:307:57":19,"s:307:57:307:85":89,"s:308:10:308:Infinity":90,"b:308:26:308:39:308:39:308:79":24,"s:311:8:311:Infinity":91,"f:314:21:314:33":20,"b:315:8:324:Infinity:322:15:324:Infinity":25,"s:315:8:324:Infinity":92,"s:316:10:321:Infinity":93,"s:317:29:317:Infinity":94,"s:318:12:318:Infinity":95,"s:320:12:320:Infinity":96,"s:323:10:323:Infinity":97,"f:327:21:327:28":21,"s:328:30:328:Infinity":98,"s:329:41:329:Infinity":99,"s:330:8:345:Infinity":100,"s:330:21:330:24":101,"s:331:24:331:Infinity":102,"s:332:26:332:Infinity":103,"s:333:22:333:Infinity":104,"s:334:10:344:Infinity":105,"s:346:8:346:Infinity":106,"f:350:17:350:24":22,"s:351:28:351:Infinity":107,"s:352:8:352:Infinity":108,"s:353:8:369:Infinity":109,"s:354:10:361:Infinity":110,"b:359:22:359:33:359:33:359:Infinity":26,"s:363:10:363:Infinity":111,"s:365:10:365:Infinity":112,"s:366:10:366:Infinity":113,"b:366:41:366:57:366:57:366:80":27,"s:368:10:368:Infinity":114,"f:372:18:372:19":23,"s:373:28:373:Infinity":115,"s:374:31:376:Infinity":116,"f:374:43:374:44":24,"s:375:10:375:Infinity":117,"b:375:24:375:59:375:59:375:Infinity":28,"s:377:8:377:Infinity":118,"f:380:26:380:33":25,"s:381:8:381:Infinity":119,"s:382:8:394:Infinity":120,"s:383:10:385:Infinity":121,"s:388:10:388:Infinity":122,"s:390:10:390:Infinity":123,"s:391:10:391:Infinity":124,"s:393:10:393:Infinity":125,"f:399:33:399:39":26,"s:399:39:399:51":126,"f:400:18:400:19":27,"s:400:30:402:Infinity":127}}}
,"/Users/lonnyangell/dev/chainOverflow/src/utils/format.ts": {"path":"/Users/lonnyangell/dev/chainOverflow/src/utils/format.ts","statementMap":{"0":{"start":{"line":6,"column":28},"end":{"line":18,"column":null}},"1":{"start":{"line":7,"column":2},"end":{"line":7,"column":null}},"2":{"start":{"line":7,"column":12},"end":{"line":7,"column":null}},"3":{"start":{"line":8,"column":2},"end":{"line":17,"column":null}},"4":{"start":{"line":9,"column":16},"end":{"line":9,"column":null}},"5":{"start":{"line":11,"column":4},"end":{"line":14,"column":null}},"6":{"start":{"line":16,"column":4},"end":{"line":16,"column":null}},"7":{"start":{"line":23,"column":30},"end":{"line":26,"column":null}},"8":{"start":{"line":24,"column":2},"end":{"line":24,"column":null}},"9":{"start":{"line":24,"column":39},"end":{"line":24,"column":null}},"10":{"start":{"line":25,"column":2},"end":{"line":25,"column":null}},"11":{"start":{"line":31,"column":26},"end":{"line":49,"column":null}},"12":{"start":{"line":32,"column":2},"end":{"line":32,"column":null}},"13":{"start":{"line":32,"column":18},"end":{"line":32,"column":null}},"14":{"start":{"line":33,"column":2},"end":{"line":48,"column":null}},"15":{"start":{"line":34,"column":17},"end":{"line":34,"column":null}},"16":{"start":{"line":36,"column":4},"end":{"line":38,"column":null}},"17":{"start":{"line":37,"column":6},"end":{"line":37,"column":null}},"18":{"start":{"line":39,"column":4},"end":{"line":45,"column":null}},"19":{"start":{"line":47,"column":4},"end":{"line":47,"column":null}}},"fnMap":{"0":{"name":"(anonymous_0)","decl":{"start":{"line":6,"column":28},"end":{"line":6,"column":29}},"loc":{"start":{"line":6,"column":62},"end":{"line":18,"column":null}},"line":6},"1":{"name":"(anonymous_1)","decl":{"start":{"line":23,"column":30},"end":{"line":23,"column":31}},"loc":{"start":{"line":23,"column":59},"end":{"line":26,"column":null}},"line":23},"2":{"name":"(anonymous_2)","decl":{"start":{"line":31,"column":26},"end":{"line":31,"column":27}},"loc":{"start":{"line":31,"column":57},"end":{"line":49,"column":null}},"line":31}},"branchMap":{"0":{"loc":{"start":{"line":7,"column":2},"end":{"line":7,"column":null}},"type":"if","locations":[{"start":{"line":7,"column":2},"end":{"line":7,"column":null}},{"start":{},"end":{}}],"line":7},"1":{"loc":{"start":{"line":24,"column":2},"end":{"line":24,"column":null}},"type":"if","locations":[{"start":{"line":24,"column":2},"end":{"line":24,"column":null}},{"start":{},"end":{}}],"line":24},"2":{"loc":{"start":{"line":24,"column":6},"end":{"line":24,"column":39}},"type":"binary-expr","locations":[{"start":{"line":24,"column":6},"end":{"line":24,"column":18}},{"start":{"line":24,"column":18},"end":{"line":24,"column":39}}],"line":24},"3":{"loc":{"start":{"line":32,"column":2},"end":{"line":32,"column":null}},"type":"if","locations":[{"start":{"line":32,"column":2},"end":{"line":32,"column":null}},{"start":{},"end":{}}],"line":32},"4":{"loc":{"start":{"line":36,"column":4},"end":{"line":38,"column":null}},"type":"if","locations":[{"start":{"line":36,"column":4},"end":{"line":38,"column":null}},{"start":{},"end":{}}],"line":36}},"s":{"0":4,"1":7,"2":2,"3":5,"4":5,"5":5,"6":1,"7":4,"8":13,"9":7,"10":6,"11":4,"12":13,"13":1,"14":12,"15":12,"16":12,"17":11,"18":1,"19":0},"f":{"0":7,"1":13,"2":13},"b":{"0":[2,5],"1":[7,6],"2":[13,12],"3":[1,12],"4":[11,1]},"meta":{"lastBranch":5,"lastFunction":3,"lastStatement":20,"seen":{"s:6:28:18:Infinity":0,"f:6:28:6:29":0,"b:7:2:7:Infinity:undefined:undefined:undefined:undefined":0,"s:7:2:7:Infinity":1,"s:7:12:7:Infinity":2,"s:8:2:17:Infinity":3,"s:9:16:9:Infinity":4,"s:11:4:14:Infinity":5,"s:16:4:16:Infinity":6,"s:23:30:26:Infinity":7,"f:23:30:23:31":1,"b:24:2:24:Infinity:undefined:undefined:undefined:undefined":1,"s:24:2:24:Infinity":8,"b:24:6:24:18:24:18:24:39":2,"s:24:39:24:Infinity":9,"s:25:2:25:Infinity":10,"s:31:26:49:Infinity":11,"f:31:26:31:27":2,"b:32:2:32:Infinity:undefined:undefined:undefined:undefined":3,"s:32:2:32:Infinity":12,"s:32:18:32:Infinity":13,"s:33:2:48:Infinity":14,"s:34:17:34:Infinity":15,"b:36:4:38:Infinity:undefined:undefined:undefined:undefined":4,"s:36:4:38:Infinity":16,"s:37:6:37:Infinity":17,"s:39:4:45:Infinity":18,"s:47:4:47:Infinity":19}}}
}
