{"/Users/lonnyangell/dev/chainOverflow/server/src/db.ts": {"path":"/Users/lonnyangell/dev/chainOverflow/server/src/db.ts","statementMap":{"0":{"start":{"line":4,"column":26},"end":{"line":4,"column":null}},"1":{"start":{"line":6,"column":22},"end":{"line":49,"column":null}},"2":{"start":{"line":7,"column":4},"end":{"line":7,"column":null}},"3":{"start":{"line":7,"column":12},"end":{"line":7,"column":null}},"4":{"start":{"line":9,"column":4},"end":{"line":12,"column":null}},"5":{"start":{"line":14,"column":4},"end":{"line":45,"column":null}},"6":{"start":{"line":47,"column":4},"end":{"line":47,"column":null}},"7":{"start":{"line":48,"column":4},"end":{"line":48,"column":null}},"8":{"start":{"line":51,"column":21},"end":{"line":54,"column":null}},"9":{"start":{"line":52,"column":4},"end":{"line":52,"column":null}},"10":{"start":{"line":52,"column":13},"end":{"line":52,"column":null}},"11":{"start":{"line":53,"column":4},"end":{"line":53,"column":null}}},"fnMap":{"0":{"name":"(anonymous_0)","decl":{"start":{"line":6,"column":22},"end":{"line":6,"column":34}},"loc":{"start":{"line":6,"column":34},"end":{"line":49,"column":null}},"line":6},"1":{"name":"(anonymous_1)","decl":{"start":{"line":51,"column":21},"end":{"line":51,"column":27}},"loc":{"start":{"line":51,"column":27},"end":{"line":54,"column":null}},"line":51}},"branchMap":{"0":{"loc":{"start":{"line":7,"column":4},"end":{"line":7,"column":null}},"type":"if","locations":[{"start":{"line":7,"column":4},"end":{"line":7,"column":null}},{"start":{},"end":{}}],"line":7},"1":{"loc":{"start":{"line":52,"column":4},"end":{"line":52,"column":null}},"type":"if","locations":[{"start":{"line":52,"column":4},"end":{"line":52,"column":null}},{"start":{},"end":{}}],"line":52}},"s":{"0":1,"1":1,"2":2,"3":1,"4":1,"5":1,"6":1,"7":1,"8":1,"9":9,"10":0,"11":9},"f":{"0":2,"1":9},"b":{"0":[1,1],"1":[0,9]},"meta":{"lastBranch":2,"lastFunction":2,"lastStatement":12,"seen":{"s:4:26:4:Infinity":0,"s:6:22:49:Infinity":1,"f:6:22:6:34":0,"b:7:4:7:Infinity:undefined:undefined:undefined:undefined":0,"s:7:4:7:Infinity":2,"s:7:12:7:Infinity":3,"s:9:4:12:Infinity":4,"s:14:4:45:Infinity":5,"s:47:4:47:Infinity":6,"s:48:4:48:Infinity":7,"s:51:21:54:Infinity":8,"f:51:21:51:27":1,"b:52:4:52:Infinity:undefined:undefined:undefined:undefined":1,"s:52:4:52:Infinity":9,"s:52:13:52:Infinity":10,"s:53:4:53:Infinity":11}}}
,"/Users/lonnyangell/dev/chainOverflow/server/src/index.ts": {"path":"/Users/lonnyangell/dev/chainOverflow/server/src/index.ts","statementMap":{"0":{"start":{"line":7,"column":0},"end":{"line":7,"column":null}},"1":{"start":{"line":10,"column":13},"end":{"line":10,"column":null}},"2":{"start":{"line":11,"column":13},"end":{"line":11,"column":null}},"3":{"start":{"line":13,"column":0},"end":{"line":13,"column":null}},"4":{"start":{"line":15,"column":0},"end":{"line":15,"column":null}},"5":{"start":{"line":16,"column":0},"end":{"line":16,"column":null}},"6":{"start":{"line":18,"column":0},"end":{"line":18,"column":null}},"7":{"start":{"line":20,"column":0},"end":{"line":22,"column":null}},"8":{"start":{"line":21,"column":4},"end":{"line":21,"column":null}},"9":{"start":{"line":25,"column":0},"end":{"line":37,"column":null}},"10":{"start":{"line":26,"column":4},"end":{"line":34,"column":null}},"11":{"start":{"line":27,"column":23},"end":{"line":29,"column":null}},"12":{"start":{"line":28,"column":12},"end":{"line":28,"column":null}},"13":{"start":{"line":31,"column":8},"end":{"line":33,"column":null}},"14":{"start":{"line":32,"column":12},"end":{"line":32,"column":null}},"15":{"start":{"line":36,"column":4},"end":{"line":36,"column":null}},"16":{"start":{"line":39,"column":0},"end":{"line":41,"column":null}},"17":{"start":{"line":40,"column":4},"end":{"line":40,"column":null}},"18":{"start":{"line":43,"column":0},"end":{"line":45,"column":null}},"19":{"start":{"line":44,"column":4},"end":{"line":44,"column":null}}},"fnMap":{"0":{"name":"(anonymous_0)","decl":{"start":{"line":20,"column":13},"end":{"line":20,"column":14}},"loc":{"start":{"line":20,"column":27},"end":{"line":22,"column":1}},"line":20},"1":{"name":"(anonymous_1)","decl":{"start":{"line":25,"column":14},"end":{"line":25,"column":20}},"loc":{"start":{"line":25,"column":20},"end":{"line":35,"column":1}},"line":25},"2":{"name":"(anonymous_2)","decl":{"start":{"line":27,"column":40},"end":{"line":27,"column":46}},"loc":{"start":{"line":27,"column":46},"end":{"line":29,"column":9}},"line":27},"3":{"name":"(anonymous_3)","decl":{"start":{"line":31,"column":27},"end":{"line":31,"column":28}},"loc":{"start":{"line":31,"column":41},"end":{"line":33,"column":9}},"line":31},"4":{"name":"(anonymous_4)","decl":{"start":{"line":35,"column":9},"end":{"line":35,"column":16}},"loc":{"start":{"line":35,"column":16},"end":{"line":37,"column":1}},"line":35},"5":{"name":"(anonymous_5)","decl":{"start":{"line":39,"column":33},"end":{"line":39,"column":34}},"loc":{"start":{"line":39,"column":54},"end":{"line":41,"column":1}},"line":39},"6":{"name":"(anonymous_6)","decl":{"start":{"line":43,"column":32},"end":{"line":43,"column":33}},"loc":{"start":{"line":43,"column":41},"end":{"line":45,"column":1}},"line":43}},"branchMap":{"0":{"loc":{"start":{"line":11,"column":13},"end":{"line":11,"column":null}},"type":"binary-expr","locations":[{"start":{"line":11,"column":13},"end":{"line":11,"column":33}},{"start":{"line":11,"column":33},"end":{"line":11,"column":null}}],"line":11},"1":{"loc":{"start":{"line":13,"column":28},"end":{"line":13,"column":65}},"type":"binary-expr","locations":[{"start":{"line":13,"column":28},"end":{"line":13,"column":52}},{"start":{"line":13,"column":52},"end":{"line":13,"column":65}}],"line":13},"2":{"loc":{"start":{"line":26,"column":4},"end":{"line":34,"column":null}},"type":"if","locations":[{"start":{"line":26,"column":4},"end":{"line":34,"column":null}},{"start":{},"end":{}}],"line":26}},"s":{"0":1,"1":1,"2":1,"3":1,"4":1,"5":1,"6":1,"7":1,"8":1,"9":1,"10":1,"11":0,"12":0,"13":0,"14":0,"15":0,"16":1,"17":0,"18":1,"19":0},"f":{"0":1,"1":1,"2":0,"3":0,"4":0,"5":0,"6":0},"b":{"0":[1,1],"1":[1,0],"2":[0,1]},"meta":{"lastBranch":3,"lastFunction":7,"lastStatement":20,"seen":{"s:7:0:7:Infinity":0,"s:10:13:10:Infinity":1,"s:11:13:11:Infinity":2,"b:11:13:11:33:11:33:11:Infinity":0,"s:13:0:13:Infinity":3,"b:13:28:13:52:13:52:13:65":1,"s:15:0:15:Infinity":4,"s:16:0:16:Infinity":5,"s:18:0:18:Infinity":6,"s:20:0:22:Infinity":7,"f:20:13:20:14":0,"s:21:4:21:Infinity":8,"s:25:0:37:Infinity":9,"f:25:14:25:20":1,"b:26:4:34:Infinity:undefined:undefined:undefined:undefined":2,"s:26:4:34:Infinity":10,"s:27:23:29:Infinity":11,"f:27:40:27:46":2,"s:28:12:28:Infinity":12,"s:31:8:33:Infinity":13,"f:31:27:31:28":3,"s:32:12:32:Infinity":14,"f:35:9:35:16":4,"s:36:4:36:Infinity":15,"s:39:0:41:Infinity":16,"f:39:33:39:34":5,"s:40:4:40:Infinity":17,"s:43:0:45:Infinity":18,"f:43:32:43:33":6,"s:44:4:44:Infinity":19}}}
,"/Users/lonnyangell/dev/chainOverflow/server/src/routes.ts": {"path":"/Users/lonnyangell/dev/chainOverflow/server/src/routes.ts","statementMap":{"0":{"start":{"line":5,"column":15},"end":{"line":5,"column":null}},"1":{"start":{"line":8,"column":0},"end":{"line":41,"column":null}},"2":{"start":{"line":9,"column":4},"end":{"line":40,"column":null}},"3":{"start":{"line":10,"column":14},"end":{"line":10,"column":null}},"4":{"start":{"line":13,"column":26},"end":{"line":17,"column":null}},"5":{"start":{"line":19,"column":8},"end":{"line":19,"column":null}},"6":{"start":{"line":19,"column":36},"end":{"line":19,"column":null}},"7":{"start":{"line":22,"column":28},"end":{"line":22,"column":null}},"8":{"start":{"line":22,"column":47},"end":{"line":22,"column":51}},"9":{"start":{"line":23,"column":29},"end":{"line":23,"column":null}},"10":{"start":{"line":23,"column":51},"end":{"line":23,"column":54}},"11":{"start":{"line":25,"column":24},"end":{"line":29,"column":null}},"12":{"start":{"line":32,"column":21},"end":{"line":35,"column":null}},"13":{"start":{"line":32,"column":41},"end":{"line":35,"column":10}},"14":{"start":{"line":34,"column":41},"end":{"line":34,"column":63}},"15":{"start":{"line":37,"column":8},"end":{"line":37,"column":null}},"16":{"start":{"line":39,"column":8},"end":{"line":39,"column":null}},"17":{"start":{"line":44,"column":0},"end":{"line":65,"column":null}},"18":{"start":{"line":45,"column":4},"end":{"line":64,"column":null}},"19":{"start":{"line":46,"column":23},"end":{"line":46,"column":null}},"20":{"start":{"line":47,"column":14},"end":{"line":47,"column":null}},"21":{"start":{"line":49,"column":25},"end":{"line":49,"column":null}},"22":{"start":{"line":50,"column":8},"end":{"line":50,"column":null}},"23":{"start":{"line":50,"column":23},"end":{"line":50,"column":null}},"24":{"start":{"line":52,"column":24},"end":{"line":56,"column":null}},"25":{"start":{"line":58,"column":8},"end":{"line":61,"column":null}},"26":{"start":{"line":63,"column":8},"end":{"line":63,"column":null}},"27":{"start":{"line":68,"column":0},"end":{"line":87,"column":null}},"28":{"start":{"line":69,"column":4},"end":{"line":86,"column":null}},"29":{"start":{"line":70,"column":22},"end":{"line":70,"column":null}},"30":{"start":{"line":71,"column":8},"end":{"line":71,"column":null}},"31":{"start":{"line":71,"column":16},"end":{"line":71,"column":null}},"32":{"start":{"line":73,"column":14},"end":{"line":73,"column":null}},"33":{"start":{"line":74,"column":22},"end":{"line":74,"column":null}},"34":{"start":{"line":77,"column":24},"end":{"line":81,"column":null}},"35":{"start":{"line":83,"column":8},"end":{"line":83,"column":null}},"36":{"start":{"line":85,"column":8},"end":{"line":85,"column":null}},"37":{"start":{"line":90,"column":0},"end":{"line":112,"column":null}},"38":{"start":{"line":91,"column":4},"end":{"line":111,"column":null}},"39":{"start":{"line":92,"column":57},"end":{"line":92,"column":null}},"40":{"start":{"line":93,"column":14},"end":{"line":93,"column":null}},"41":{"start":{"line":97,"column":25},"end":{"line":97,"column":null}},"42":{"start":{"line":99,"column":23},"end":{"line":102,"column":null}},"43":{"start":{"line":104,"column":8},"end":{"line":108,"column":null}},"44":{"start":{"line":110,"column":8},"end":{"line":110,"column":null}},"45":{"start":{"line":115,"column":0},"end":{"line":135,"column":null}},"46":{"start":{"line":116,"column":4},"end":{"line":134,"column":null}},"47":{"start":{"line":117,"column":48},"end":{"line":117,"column":null}},"48":{"start":{"line":118,"column":14},"end":{"line":118,"column":null}},"49":{"start":{"line":120,"column":25},"end":{"line":120,"column":null}},"50":{"start":{"line":122,"column":23},"end":{"line":125,"column":null}},"51":{"start":{"line":127,"column":8},"end":{"line":131,"column":null}},"52":{"start":{"line":133,"column":8},"end":{"line":133,"column":null}}},"fnMap":{"0":{"name":"(anonymous_0)","decl":{"start":{"line":8,"column":20},"end":{"line":8,"column":27}},"loc":{"start":{"line":8,"column":40},"end":{"line":41,"column":1}},"line":8},"1":{"name":"(anonymous_1)","decl":{"start":{"line":22,"column":42},"end":{"line":22,"column":47}},"loc":{"start":{"line":22,"column":47},"end":{"line":22,"column":51}},"line":22},"2":{"name":"(anonymous_2)","decl":{"start":{"line":23,"column":45},"end":{"line":23,"column":51}},"loc":{"start":{"line":23,"column":51},"end":{"line":23,"column":54}},"line":23},"3":{"name":"(anonymous_3)","decl":{"start":{"line":32,"column":35},"end":{"line":32,"column":41}},"loc":{"start":{"line":32,"column":41},"end":{"line":35,"column":10}},"line":32},"4":{"name":"(anonymous_4)","decl":{"start":{"line":34,"column":36},"end":{"line":34,"column":41}},"loc":{"start":{"line":34,"column":41},"end":{"line":34,"column":63}},"line":34},"5":{"name":"(anonymous_5)","decl":{"start":{"line":44,"column":29},"end":{"line":44,"column":36}},"loc":{"start":{"line":44,"column":49},"end":{"line":65,"column":1}},"line":44},"6":{"name":"(anonymous_6)","decl":{"start":{"line":68,"column":22},"end":{"line":68,"column":29}},"loc":{"start":{"line":68,"column":42},"end":{"line":87,"column":1}},"line":68},"7":{"name":"(anonymous_7)","decl":{"start":{"line":90,"column":42},"end":{"line":90,"column":49}},"loc":{"start":{"line":90,"column":62},"end":{"line":112,"column":1}},"line":90},"8":{"name":"(anonymous_8)","decl":{"start":{"line":115,"column":40},"end":{"line":115,"column":47}},"loc":{"start":{"line":115,"column":60},"end":{"line":135,"column":1}},"line":115}},"branchMap":{"0":{"loc":{"start":{"line":19,"column":8},"end":{"line":19,"column":null}},"type":"if","locations":[{"start":{"line":19,"column":8},"end":{"line":19,"column":null}},{"start":{},"end":{}}],"line":19},"1":{"loc":{"start":{"line":50,"column":8},"end":{"line":50,"column":null}},"type":"if","locations":[{"start":{"line":50,"column":8},"end":{"line":50,"column":null}},{"start":{},"end":{}}],"line":50},"2":{"loc":{"start":{"line":71,"column":8},"end":{"line":71,"column":null}},"type":"if","locations":[{"start":{"line":71,"column":8},"end":{"line":71,"column":null}},{"start":{},"end":{}}],"line":71}},"s":{"0":1,"1":1,"2":1,"3":1,"4":1,"5":1,"6":0,"7":1,"8":1,"9":1,"10":1,"11":1,"12":1,"13":1,"14":1,"15":1,"16":0,"17":1,"18":2,"19":2,"20":2,"21":2,"22":2,"23":1,"24":1,"25":1,"26":0,"27":1,"28":2,"29":2,"30":2,"31":1,"32":1,"33":1,"34":1,"35":1,"36":0,"37":1,"38":1,"39":1,"40":1,"41":1,"42":1,"43":1,"44":0,"45":1,"46":1,"47":1,"48":1,"49":1,"50":1,"51":1,"52":0},"f":{"0":1,"1":1,"2":1,"3":1,"4":1,"5":2,"6":2,"7":1,"8":1},"b":{"0":[0,1],"1":[1,1],"2":[1,1]},"meta":{"lastBranch":3,"lastFunction":9,"lastStatement":53,"seen":{"s:5:15:5:Infinity":0,"s:8:0:41:Infinity":1,"f:8:20:8:27":0,"s:9:4:40:Infinity":2,"s:10:14:10:Infinity":3,"s:13:26:17:Infinity":4,"b:19:8:19:Infinity:undefined:undefined:undefined:undefined":0,"s:19:8:19:Infinity":5,"s:19:36:19:Infinity":6,"s:22:28:22:Infinity":7,"f:22:42:22:47":1,"s:22:47:22:51":8,"s:23:29:23:Infinity":9,"f:23:45:23:51":2,"s:23:51:23:54":10,"s:25:24:29:Infinity":11,"s:32:21:35:Infinity":12,"f:32:35:32:41":3,"s:32:41:35:10":13,"f:34:36:34:41":4,"s:34:41:34:63":14,"s:37:8:37:Infinity":15,"s:39:8:39:Infinity":16,"s:44:0:65:Infinity":17,"f:44:29:44:36":5,"s:45:4:64:Infinity":18,"s:46:23:46:Infinity":19,"s:47:14:47:Infinity":20,"s:49:25:49:Infinity":21,"b:50:8:50:Infinity:undefined:undefined:undefined:undefined":1,"s:50:8:50:Infinity":22,"s:50:23:50:Infinity":23,"s:52:24:56:Infinity":24,"s:58:8:61:Infinity":25,"s:63:8:63:Infinity":26,"s:68:0:87:Infinity":27,"f:68:22:68:29":6,"s:69:4:86:Infinity":28,"s:70:22:70:Infinity":29,"b:71:8:71:Infinity:undefined:undefined:undefined:undefined":2,"s:71:8:71:Infinity":30,"s:71:16:71:Infinity":31,"s:73:14:73:Infinity":32,"s:74:22:74:Infinity":33,"s:77:24:81:Infinity":34,"s:83:8:83:Infinity":35,"s:85:8:85:Infinity":36,"s:90:0:112:Infinity":37,"f:90:42:90:49":7,"s:91:4:111:Infinity":38,"s:92:57:92:Infinity":39,"s:93:14:93:Infinity":40,"s:97:25:97:Infinity":41,"s:99:23:102:Infinity":42,"s:104:8:108:Infinity":43,"s:110:8:110:Infinity":44,"s:115:0:135:Infinity":45,"f:115:40:115:47":8,"s:116:4:134:Infinity":46,"s:117:48:117:Infinity":47,"s:118:14:118:Infinity":48,"s:120:25:120:Infinity":49,"s:122:23:125:Infinity":50,"s:127:8:131:Infinity":51,"s:133:8:133:Infinity":52}}}
,"/Users/lonnyangell/dev/chainOverflow/server/src/middleware/x402.ts": {"path":"/Users/lonnyangell/dev/chainOverflow/server/src/middleware/x402.ts","statementMap":{"0":{"start":{"line":6,"column":24},"end":{"line":6,"column":null}},"1":{"start":{"line":9,"column":30},"end":{"line":32,"column":null}},"2":{"start":{"line":11,"column":23},"end":{"line":11,"column":null}},"3":{"start":{"line":13,"column":4},"end":{"line":15,"column":null}},"4":{"start":{"line":14,"column":8},"end":{"line":14,"column":null}},"5":{"start":{"line":18,"column":34},"end":{"line":18,"column":null}},"6":{"start":{"line":19,"column":4},"end":{"line":21,"column":null}},"7":{"start":{"line":20,"column":8},"end":{"line":20,"column":null}},"8":{"start":{"line":23,"column":30},"end":{"line":23,"column":null}},"9":{"start":{"line":27,"column":4},"end":{"line":31,"column":null}},"10":{"start":{"line":28,"column":8},"end":{"line":28,"column":null}},"11":{"start":{"line":30,"column":8},"end":{"line":30,"column":null}},"12":{"start":{"line":35,"column":23},"end":{"line":47,"column":null}},"13":{"start":{"line":37,"column":20},"end":{"line":37,"column":null}},"14":{"start":{"line":38,"column":21},"end":{"line":38,"column":null}},"15":{"start":{"line":40,"column":4},"end":{"line":40,"column":null}},"16":{"start":{"line":41,"column":4},"end":{"line":46,"column":null}},"17":{"start":{"line":49,"column":24},"end":{"line":53,"column":null}},"18":{"start":{"line":52,"column":4},"end":{"line":52,"column":null}}},"fnMap":{"0":{"name":"(anonymous_0)","decl":{"start":{"line":9,"column":30},"end":{"line":9,"column":37}},"loc":{"start":{"line":9,"column":89},"end":{"line":32,"column":null}},"line":9},"1":{"name":"(anonymous_1)","decl":{"start":{"line":35,"column":23},"end":{"line":35,"column":24}},"loc":{"start":{"line":35,"column":42},"end":{"line":47,"column":null}},"line":35},"2":{"name":"(anonymous_2)","decl":{"start":{"line":49,"column":24},"end":{"line":49,"column":25}},"loc":{"start":{"line":49,"column":61},"end":{"line":53,"column":null}},"line":49}},"branchMap":{"0":{"loc":{"start":{"line":13,"column":4},"end":{"line":15,"column":null}},"type":"if","locations":[{"start":{"line":13,"column":4},"end":{"line":15,"column":null}},{"start":{},"end":{}}],"line":13},"1":{"loc":{"start":{"line":19,"column":4},"end":{"line":21,"column":null}},"type":"if","locations":[{"start":{"line":19,"column":4},"end":{"line":21,"column":null}},{"start":{},"end":{}}],"line":19},"2":{"loc":{"start":{"line":19,"column":8},"end":{"line":19,"column":43}},"type":"binary-expr","locations":[{"start":{"line":19,"column":8},"end":{"line":19,"column":29}},{"start":{"line":19,"column":29},"end":{"line":19,"column":43}}],"line":19},"3":{"loc":{"start":{"line":27,"column":4},"end":{"line":31,"column":null}},"type":"if","locations":[{"start":{"line":27,"column":4},"end":{"line":31,"column":null}},{"start":{"line":29,"column":11},"end":{"line":31,"column":null}}],"line":27},"4":{"loc":{"start":{"line":52,"column":11},"end":{"line":52,"column":null}},"type":"binary-expr","locations":[{"start":{"line":52,"column":11},"end":{"line":52,"column":25}},{"start":{"line":52,"column":25},"end":{"line":52,"column":null}}],"line":52}},"s":{"0":1,"1":1,"2":7,"3":7,"4":2,"5":5,"6":5,"7":2,"8":3,"9":3,"10":2,"11":1,"12":1,"13":4,"14":4,"15":4,"16":4,"17":1,"18":3},"f":{"0":7,"1":4,"2":3},"b":{"0":[2,5],"1":[2,3],"2":[5,3],"3":[2,1],"4":[3,3]},"meta":{"lastBranch":5,"lastFunction":3,"lastStatement":19,"seen":{"s:6:24:6:Infinity":0,"s:9:30:32:Infinity":1,"f:9:30:9:37":0,"s:11:23:11:Infinity":2,"b:13:4:15:Infinity:undefined:undefined:undefined:undefined":0,"s:13:4:15:Infinity":3,"s:14:8:14:Infinity":4,"s:18:34:18:Infinity":5,"b:19:4:21:Infinity:undefined:undefined:undefined:undefined":1,"s:19:4:21:Infinity":6,"b:19:8:19:29:19:29:19:43":2,"s:20:8:20:Infinity":7,"s:23:30:23:Infinity":8,"b:27:4:31:Infinity:29:11:31:Infinity":3,"s:27:4:31:Infinity":9,"s:28:8:28:Infinity":10,"s:30:8:30:Infinity":11,"s:35:23:47:Infinity":12,"f:35:23:35:24":1,"s:37:20:37:Infinity":13,"s:38:21:38:Infinity":14,"s:40:4:40:Infinity":15,"s:41:4:46:Infinity":16,"s:49:24:53:Infinity":17,"f:49:24:49:25":2,"s:52:4:52:Infinity":18,"b:52:11:52:25:52:25:52:Infinity":4}}}
,"/Users/lonnyangell/dev/chainOverflow/src/App.tsx": {"path":"/Users/lonnyangell/dev/chainOverflow/src/App.tsx","statementMap":{"0":{"start":{"line":15,"column":22},"end":{"line":30,"column":null}},"1":{"start":{"line":16,"column":2},"end":{"line":28,"column":null}}},"fnMap":{"0":{"name":"(anonymous_0)","decl":{"start":{"line":15,"column":22},"end":{"line":15,"column":28}},"loc":{"start":{"line":15,"column":28},"end":{"line":30,"column":null}},"line":15}},"branchMap":{},"s":{"0":1,"1":1},"f":{"0":1},"b":{},"meta":{"lastBranch":0,"lastFunction":1,"lastStatement":2,"seen":{"s:15:22:30:Infinity":0,"f:15:22:15:28":0,"s:16:2:28:Infinity":1}}}
,"/Users/lonnyangell/dev/chainOverflow/src/types.ts": {"path":"/Users/lonnyangell/dev/chainOverflow/src/types.ts","statementMap":{},"fnMap":{},"branchMap":{},"s":{},"f":{},"b":{},"meta":{"lastBranch":0,"lastFunction":0,"lastStatement":0,"seen":{}}}
,"/Users/lonnyangell/dev/chainOverflow/src/components/Hero.tsx": {"path":"/Users/lonnyangell/dev/chainOverflow/src/components/Hero.tsx","statementMap":{"0":{"start":{"line":4,"column":23},"end":{"line":44,"column":null}},"1":{"start":{"line":5,"column":10},"end":{"line":5,"column":null}},"2":{"start":{"line":5,"column":46},"end":{"line":5,"column":65}},"3":{"start":{"line":6,"column":34},"end":{"line":6,"column":null}},"4":{"start":{"line":8,"column":23},"end":{"line":12,"column":null}},"5":{"start":{"line":9,"column":8},"end":{"line":9,"column":null}},"6":{"start":{"line":10,"column":8},"end":{"line":10,"column":null}},"7":{"start":{"line":11,"column":8},"end":{"line":11,"column":null}},"8":{"start":{"line":14,"column":4},"end":{"line":42,"column":null}}},"fnMap":{"0":{"name":"(anonymous_0)","decl":{"start":{"line":4,"column":23},"end":{"line":4,"column":29}},"loc":{"start":{"line":4,"column":29},"end":{"line":44,"column":null}},"line":4},"1":{"name":"(anonymous_1)","decl":{"start":{"line":5,"column":35},"end":{"line":5,"column":36}},"loc":{"start":{"line":5,"column":46},"end":{"line":5,"column":65}},"line":5},"2":{"name":"(anonymous_2)","decl":{"start":{"line":8,"column":23},"end":{"line":8,"column":35}},"loc":{"start":{"line":8,"column":35},"end":{"line":12,"column":null}},"line":8}},"branchMap":{"0":{"loc":{"start":{"line":39,"column":21},"end":{"line":39,"column":null}},"type":"cond-expr","locations":[{"start":{"line":39,"column":33},"end":{"line":39,"column":70}},{"start":{"line":39,"column":70},"end":{"line":39,"column":null}}],"line":39}},"s":{"0":0,"1":0,"2":0,"3":0,"4":0,"5":0,"6":0,"7":0,"8":0},"f":{"0":0,"1":0,"2":0},"b":{"0":[0,0]},"meta":{"lastBranch":1,"lastFunction":3,"lastStatement":9,"seen":{"s:4:23:44:Infinity":0,"f:4:23:4:29":0,"s:5:10:5:Infinity":1,"f:5:35:5:36":1,"s:5:46:5:65":2,"s:6:34:6:Infinity":3,"s:8:23:12:Infinity":4,"f:8:23:8:35":2,"s:9:8:9:Infinity":5,"s:10:8:10:Infinity":6,"s:11:8:11:Infinity":7,"s:14:4:42:Infinity":8,"b:39:33:39:70:39:70:39:Infinity":0}}}
,"/Users/lonnyangell/dev/chainOverflow/src/components/Navbar.tsx": {"path":"/Users/lonnyangell/dev/chainOverflow/src/components/Navbar.tsx","statementMap":{"0":{"start":{"line":5,"column":25},"end":{"line":58,"column":null}},"1":{"start":{"line":6,"column":8},"end":{"line":6,"column":null}},"2":{"start":{"line":6,"column":38},"end":{"line":6,"column":51}},"3":{"start":{"line":7,"column":8},"end":{"line":7,"column":null}},"4":{"start":{"line":7,"column":44},"end":{"line":7,"column":63}},"5":{"start":{"line":8,"column":8},"end":{"line":8,"column":null}},"6":{"start":{"line":8,"column":45},"end":{"line":8,"column":65}},"7":{"start":{"line":9,"column":8},"end":{"line":9,"column":null}},"8":{"start":{"line":9,"column":42},"end":{"line":9,"column":59}},"9":{"start":{"line":10,"column":8},"end":{"line":10,"column":null}},"10":{"start":{"line":10,"column":45},"end":{"line":10,"column":65}},"11":{"start":{"line":11,"column":8},"end":{"line":11,"column":null}},"12":{"start":{"line":11,"column":42},"end":{"line":11,"column":59}},"13":{"start":{"line":13,"column":2},"end":{"line":56,"column":null}},"14":{"start":{"line":27,"column":29},"end":{"line":27,"column":null}},"15":{"start":{"line":39,"column":57},"end":{"line":39,"column":79}}},"fnMap":{"0":{"name":"(anonymous_0)","decl":{"start":{"line":5,"column":25},"end":{"line":5,"column":31}},"loc":{"start":{"line":5,"column":31},"end":{"line":58,"column":null}},"line":5},"1":{"name":"(anonymous_1)","decl":{"start":{"line":6,"column":27},"end":{"line":6,"column":28}},"loc":{"start":{"line":6,"column":38},"end":{"line":6,"column":51}},"line":6},"2":{"name":"(anonymous_2)","decl":{"start":{"line":7,"column":33},"end":{"line":7,"column":34}},"loc":{"start":{"line":7,"column":44},"end":{"line":7,"column":63}},"line":7},"3":{"name":"(anonymous_3)","decl":{"start":{"line":8,"column":34},"end":{"line":8,"column":35}},"loc":{"start":{"line":8,"column":45},"end":{"line":8,"column":65}},"line":8},"4":{"name":"(anonymous_4)","decl":{"start":{"line":9,"column":31},"end":{"line":9,"column":32}},"loc":{"start":{"line":9,"column":42},"end":{"line":9,"column":59}},"line":9},"5":{"name":"(anonymous_5)","decl":{"start":{"line":10,"column":34},"end":{"line":10,"column":35}},"loc":{"start":{"line":10,"column":45},"end":{"line":10,"column":65}},"line":10},"6":{"name":"(anonymous_6)","decl":{"start":{"line":11,"column":31},"end":{"line":11,"column":32}},"loc":{"start":{"line":11,"column":42},"end":{"line":11,"column":59}},"line":11},"7":{"name":"(anonymous_7)","decl":{"start":{"line":27,"column":22},"end":{"line":27,"column":23}},"loc":{"start":{"line":27,"column":29},"end":{"line":27,"column":null}},"line":27},"8":{"name":"(anonymous_8)","decl":{"start":{"line":39,"column":51},"end":{"line":39,"column":57}},"loc":{"start":{"line":39,"column":57},"end":{"line":39,"column":79}},"line":39}},"branchMap":{"0":{"loc":{"start":{"line":20,"column":58},"end":{"line":20,"column":80}},"type":"cond-expr","locations":[{"start":{"line":20,"column":72},"end":{"line":20,"column":76}},{"start":{"line":20,"column":76},"end":{"line":20,"column":80}}],"line":20},"1":{"loc":{"start":{"line":21,"column":13},"end":{"line":21,"column":null}},"type":"cond-expr","locations":[{"start":{"line":21,"column":27},"end":{"line":21,"column":33}},{"start":{"line":21,"column":33},"end":{"line":21,"column":null}}],"line":21},"2":{"loc":{"start":{"line":29,"column":19},"end":{"line":29,"column":null}},"type":"cond-expr","locations":[{"start":{"line":29,"column":33},"end":{"line":29,"column":73}},{"start":{"line":29,"column":73},"end":{"line":29,"column":null}}],"line":29},"3":{"loc":{"start":{"line":46,"column":12},"end":{"line":48,"column":null}},"type":"cond-expr","locations":[{"start":{"line":47,"column":16},"end":{"line":47,"column":null}},{"start":{"line":48,"column":16},"end":{"line":48,"column":null}}],"line":46},"4":{"loc":{"start":{"line":51,"column":11},"end":{"line":53,"column":null}},"type":"cond-expr","locations":[{"start":{"line":52,"column":14},"end":{"line":52,"column":null}},{"start":{"line":53,"column":14},"end":{"line":53,"column":null}}],"line":51}},"s":{"0":1,"1":4,"2":4,"3":4,"4":4,"5":4,"6":4,"7":4,"8":4,"9":4,"10":4,"11":4,"12":4,"13":4,"14":0,"15":1},"f":{"0":4,"1":4,"2":4,"3":4,"4":4,"5":4,"6":4,"7":0,"8":1},"b":{"0":[0,4],"1":[0,4],"2":[0,4],"3":[1,3],"4":[1,3]},"meta":{"lastBranch":5,"lastFunction":9,"lastStatement":16,"seen":{"s:5:25:58:Infinity":0,"f:5:25:5:31":0,"s:6:8:6:Infinity":1,"f:6:27:6:28":1,"s:6:38:6:51":2,"s:7:8:7:Infinity":3,"f:7:33:7:34":2,"s:7:44:7:63":4,"s:8:8:8:Infinity":5,"f:8:34:8:35":3,"s:8:45:8:65":6,"s:9:8:9:Infinity":7,"f:9:31:9:32":4,"s:9:42:9:59":8,"s:10:8:10:Infinity":9,"f:10:34:10:35":5,"s:10:45:10:65":10,"s:11:8:11:Infinity":11,"f:11:31:11:32":6,"s:11:42:11:59":12,"s:13:2:56:Infinity":13,"b:20:72:20:76:20:76:20:80":0,"b:21:27:21:33:21:33:21:Infinity":1,"f:27:22:27:23":7,"s:27:29:27:Infinity":14,"b:29:33:29:73:29:73:29:Infinity":2,"f:39:51:39:57":8,"s:39:57:39:79":15,"b:47:16:47:Infinity:48:16:48:Infinity":3,"b:52:14:52:Infinity:53:14:53:Infinity":4}}}
,"/Users/lonnyangell/dev/chainOverflow/src/components/QuestionCard.tsx": {"path":"/Users/lonnyangell/dev/chainOverflow/src/components/QuestionCard.tsx","statementMap":{"0":{"start":{"line":13,"column":50},"end":{"line":112,"column":null}},"1":{"start":{"line":14,"column":34},"end":{"line":14,"column":null}},"2":{"start":{"line":15,"column":8},"end":{"line":15,"column":null}},"3":{"start":{"line":15,"column":43},"end":{"line":15,"column":61}},"4":{"start":{"line":16,"column":8},"end":{"line":16,"column":null}},"5":{"start":{"line":18,"column":2},"end":{"line":110,"column":null}},"6":{"start":{"line":21,"column":52},"end":{"line":21,"column":82}},"7":{"start":{"line":25,"column":52},"end":{"line":25,"column":83}},"8":{"start":{"line":39,"column":25},"end":{"line":39,"column":null}},"9":{"start":{"line":51,"column":27},"end":{"line":51,"column":null}},"10":{"start":{"line":61,"column":16},"end":{"line":63,"column":null}}},"fnMap":{"0":{"name":"(anonymous_0)","decl":{"start":{"line":13,"column":50},"end":{"line":13,"column":51}},"loc":{"start":{"line":13,"column":68},"end":{"line":112,"column":null}},"line":13},"1":{"name":"(anonymous_1)","decl":{"start":{"line":15,"column":32},"end":{"line":15,"column":33}},"loc":{"start":{"line":15,"column":43},"end":{"line":15,"column":61}},"line":15},"2":{"name":"(anonymous_2)","decl":{"start":{"line":21,"column":46},"end":{"line":21,"column":52}},"loc":{"start":{"line":21,"column":52},"end":{"line":21,"column":82}},"line":21},"3":{"name":"(anonymous_3)","decl":{"start":{"line":25,"column":46},"end":{"line":25,"column":52}},"loc":{"start":{"line":25,"column":52},"end":{"line":25,"column":83}},"line":25},"4":{"name":"(anonymous_4)","decl":{"start":{"line":39,"column":19},"end":{"line":39,"column":25}},"loc":{"start":{"line":39,"column":25},"end":{"line":39,"column":null}},"line":39},"5":{"name":"(anonymous_5)","decl":{"start":{"line":51,"column":21},"end":{"line":51,"column":27}},"loc":{"start":{"line":51,"column":27},"end":{"line":51,"column":null}},"line":51},"6":{"name":"(anonymous_6)","decl":{"start":{"line":60,"column":33},"end":{"line":60,"column":34}},"loc":{"start":{"line":61,"column":16},"end":{"line":63,"column":null}},"line":61}},"branchMap":{"0":{"loc":{"start":{"line":35,"column":11},"end":{"line":35,"column":null}},"type":"binary-expr","locations":[{"start":{"line":35,"column":11},"end":{"line":35,"column":30}},{"start":{"line":35,"column":30},"end":{"line":35,"column":null}}],"line":35},"1":{"loc":{"start":{"line":44,"column":44},"end":{"line":44,"column":75}},"type":"cond-expr","locations":[{"start":{"line":44,"column":58},"end":{"line":44,"column":73}},{"start":{"line":44,"column":73},"end":{"line":44,"column":75}}],"line":44},"2":{"loc":{"start":{"line":48,"column":9},"end":{"line":55,"column":null}},"type":"binary-expr","locations":[{"start":{"line":48,"column":9},"end":{"line":48,"column":null}},{"start":{"line":49,"column":10},"end":{"line":55,"column":null}}],"line":48},"3":{"loc":{"start":{"line":54,"column":13},"end":{"line":54,"column":null}},"type":"cond-expr","locations":[{"start":{"line":54,"column":26},"end":{"line":54,"column":40}},{"start":{"line":54,"column":40},"end":{"line":54,"column":null}}],"line":54},"4":{"loc":{"start":{"line":79,"column":9},"end":{"line":107,"column":null}},"type":"binary-expr","locations":[{"start":{"line":79,"column":9},"end":{"line":79,"column":null}},{"start":{"line":80,"column":10},"end":{"line":107,"column":null}}],"line":79}},"s":{"0":1,"1":5,"2":5,"3":5,"4":5,"5":5,"6":1,"7":0,"8":0,"9":1,"10":10},"f":{"0":5,"1":5,"2":1,"3":0,"4":0,"5":1,"6":10},"b":{"0":[5,0],"1":[4,1],"2":[5,2],"3":[1,1],"4":[5,5]},"meta":{"lastBranch":5,"lastFunction":7,"lastStatement":11,"seen":{"s:13:50:112:Infinity":0,"f:13:50:13:51":0,"s:14:34:14:Infinity":1,"s:15:8:15:Infinity":2,"f:15:32:15:33":1,"s:15:43:15:61":3,"s:16:8:16:Infinity":4,"s:18:2:110:Infinity":5,"f:21:46:21:52":2,"s:21:52:21:82":6,"f:25:46:25:52":3,"s:25:52:25:83":7,"b:35:11:35:30:35:30:35:Infinity":0,"f:39:19:39:25":4,"s:39:25:39:Infinity":8,"b:44:58:44:73:44:73:44:75":1,"b:48:9:48:Infinity:49:10:55:Infinity":2,"f:51:21:51:27":5,"s:51:27:51:Infinity":9,"b:54:26:54:40:54:40:54:Infinity":3,"f:60:33:60:34":6,"s:61:16:63:Infinity":10,"b:79:9:79:Infinity:80:10:107:Infinity":4}}}
,"/Users/lonnyangell/dev/chainOverflow/src/components/QuestionModal.tsx": {"path":"/Users/lonnyangell/dev/chainOverflow/src/components/QuestionModal.tsx","statementMap":{"0":{"start":{"line":6,"column":32},"end":{"line":177,"column":null}},"1":{"start":{"line":7,"column":8},"end":{"line":7,"column":null}},"2":{"start":{"line":7,"column":42},"end":{"line":7,"column":59}},"3":{"start":{"line":8,"column":8},"end":{"line":8,"column":null}},"4":{"start":{"line":8,"column":45},"end":{"line":8,"column":65}},"5":{"start":{"line":9,"column":8},"end":{"line":9,"column":null}},"6":{"start":{"line":9,"column":42},"end":{"line":9,"column":59}},"7":{"start":{"line":10,"column":8},"end":{"line":10,"column":null}},"8":{"start":{"line":10,"column":42},"end":{"line":10,"column":59}},"9":{"start":{"line":12,"column":30},"end":{"line":17,"column":null}},"10":{"start":{"line":18,"column":30},"end":{"line":18,"column":null}},"11":{"start":{"line":20,"column":23},"end":{"line":24,"column":null}},"12":{"start":{"line":21,"column":4},"end":{"line":21,"column":null}},"13":{"start":{"line":22,"column":4},"end":{"line":22,"column":null}},"14":{"start":{"line":23,"column":4},"end":{"line":23,"column":null}},"15":{"start":{"line":26,"column":2},"end":{"line":26,"column":null}},"16":{"start":{"line":26,"column":20},"end":{"line":26,"column":null}},"17":{"start":{"line":28,"column":2},"end":{"line":175,"column":null}},"18":{"start":{"line":33,"column":8},"end":{"line":33,"column":null}},"19":{"start":{"line":33,"column":58},"end":{"line":33,"column":null}},"20":{"start":{"line":48,"column":27},"end":{"line":48,"column":null}},"21":{"start":{"line":60,"column":31},"end":{"line":60,"column":null}},"22":{"start":{"line":71,"column":31},"end":{"line":71,"column":null}},"23":{"start":{"line":81,"column":31},"end":{"line":81,"column":null}},"24":{"start":{"line":100,"column":33},"end":{"line":100,"column":null}},"25":{"start":{"line":107,"column":33},"end":{"line":107,"column":null}},"26":{"start":{"line":117,"column":33},"end":{"line":117,"column":null}}},"fnMap":{"0":{"name":"(anonymous_0)","decl":{"start":{"line":6,"column":32},"end":{"line":6,"column":38}},"loc":{"start":{"line":6,"column":38},"end":{"line":177,"column":null}},"line":6},"1":{"name":"(anonymous_1)","decl":{"start":{"line":7,"column":31},"end":{"line":7,"column":32}},"loc":{"start":{"line":7,"column":42},"end":{"line":7,"column":59}},"line":7},"2":{"name":"(anonymous_2)","decl":{"start":{"line":8,"column":34},"end":{"line":8,"column":35}},"loc":{"start":{"line":8,"column":45},"end":{"line":8,"column":65}},"line":8},"3":{"name":"(anonymous_3)","decl":{"start":{"line":9,"column":31},"end":{"line":9,"column":32}},"loc":{"start":{"line":9,"column":42},"end":{"line":9,"column":59}},"line":9},"4":{"name":"(anonymous_4)","decl":{"start":{"line":10,"column":31},"end":{"line":10,"column":32}},"loc":{"start":{"line":10,"column":42},"end":{"line":10,"column":59}},"line":10},"5":{"name":"(anonymous_5)","decl":{"start":{"line":20,"column":23},"end":{"line":20,"column":30}},"loc":{"start":{"line":20,"column":53},"end":{"line":24,"column":null}},"line":20},"6":{"name":"(anonymous_6)","decl":{"start":{"line":32,"column":15},"end":{"line":32,"column":16}},"loc":{"start":{"line":32,"column":22},"end":{"line":34,"column":null}},"line":32},"7":{"name":"(anonymous_7)","decl":{"start":{"line":48,"column":21},"end":{"line":48,"column":27}},"loc":{"start":{"line":48,"column":27},"end":{"line":48,"column":null}},"line":48},"8":{"name":"(anonymous_8)","decl":{"start":{"line":60,"column":24},"end":{"line":60,"column":25}},"loc":{"start":{"line":60,"column":31},"end":{"line":60,"column":null}},"line":60},"9":{"name":"(anonymous_9)","decl":{"start":{"line":71,"column":24},"end":{"line":71,"column":25}},"loc":{"start":{"line":71,"column":31},"end":{"line":71,"column":null}},"line":71},"10":{"name":"(anonymous_10)","decl":{"start":{"line":81,"column":24},"end":{"line":81,"column":25}},"loc":{"start":{"line":81,"column":31},"end":{"line":81,"column":null}},"line":81},"11":{"name":"(anonymous_11)","decl":{"start":{"line":100,"column":27},"end":{"line":100,"column":33}},"loc":{"start":{"line":100,"column":33},"end":{"line":100,"column":null}},"line":100},"12":{"name":"(anonymous_12)","decl":{"start":{"line":107,"column":27},"end":{"line":107,"column":33}},"loc":{"start":{"line":107,"column":33},"end":{"line":107,"column":null}},"line":107},"13":{"name":"(anonymous_13)","decl":{"start":{"line":117,"column":26},"end":{"line":117,"column":27}},"loc":{"start":{"line":117,"column":33},"end":{"line":117,"column":null}},"line":117}},"branchMap":{"0":{"loc":{"start":{"line":26,"column":2},"end":{"line":26,"column":null}},"type":"if","locations":[{"start":{"line":26,"column":2},"end":{"line":26,"column":null}},{"start":{},"end":{}}],"line":26},"1":{"loc":{"start":{"line":33,"column":8},"end":{"line":33,"column":null}},"type":"if","locations":[{"start":{"line":33,"column":8},"end":{"line":33,"column":null}},{"start":{},"end":{}}],"line":33},"2":{"loc":{"start":{"line":33,"column":12},"end":{"line":33,"column":58}},"type":"binary-expr","locations":[{"start":{"line":33,"column":12},"end":{"line":33,"column":44}},{"start":{"line":33,"column":44},"end":{"line":33,"column":58}}],"line":33},"3":{"loc":{"start":{"line":99,"column":40},"end":{"line":99,"column":76}},"type":"cond-expr","locations":[{"start":{"line":99,"column":63},"end":{"line":99,"column":74}},{"start":{"line":99,"column":74},"end":{"line":99,"column":76}}],"line":99},"4":{"loc":{"start":{"line":106,"column":40},"end":{"line":106,"column":78}},"type":"cond-expr","locations":[{"start":{"line":106,"column":65},"end":{"line":106,"column":76}},{"start":{"line":106,"column":76},"end":{"line":106,"column":78}}],"line":106},"5":{"loc":{"start":{"line":113,"column":13},"end":{"line":131,"column":null}},"type":"cond-expr","locations":[{"start":{"line":114,"column":14},"end":{"line":121,"column":null}},{"start":{"line":123,"column":14},"end":{"line":131,"column":null}}],"line":113},"6":{"loc":{"start":{"line":124,"column":17},"end":{"line":129,"column":null}},"type":"cond-expr","locations":[{"start":{"line":125,"column":18},"end":{"line":125,"column":null}},{"start":{"line":127,"column":18},"end":{"line":129,"column":null}}],"line":124},"7":{"loc":{"start":{"line":144,"column":23},"end":{"line":144,"column":null}},"type":"cond-expr","locations":[{"start":{"line":144,"column":37},"end":{"line":144,"column":43}},{"start":{"line":144,"column":43},"end":{"line":144,"column":null}}],"line":144},"8":{"loc":{"start":{"line":145,"column":22},"end":{"line":145,"column":null}},"type":"cond-expr","locations":[{"start":{"line":145,"column":36},"end":{"line":145,"column":52}},{"start":{"line":145,"column":52},"end":{"line":145,"column":null}}],"line":145},"9":{"loc":{"start":{"line":149,"column":13},"end":{"line":165,"column":null}},"type":"cond-expr","locations":[{"start":{"line":150,"column":14},"end":{"line":163,"column":null}},{"start":{"line":165,"column":14},"end":{"line":165,"column":null}}],"line":149}},"s":{"0":1,"1":8,"2":8,"3":8,"4":8,"5":8,"6":8,"7":8,"8":8,"9":8,"10":8,"11":8,"12":1,"13":1,"14":1,"15":8,"16":1,"17":7,"18":1,"19":0,"20":1,"21":1,"22":1,"23":1,"24":0,"25":0,"26":0},"f":{"0":8,"1":8,"2":8,"3":8,"4":8,"5":1,"6":1,"7":1,"8":1,"9":1,"10":1,"11":0,"12":0,"13":0},"b":{"0":[1,7],"1":[0,1],"2":[1,0],"3":[7,0],"4":[0,7],"5":[7,0],"6":[0,0],"7":[1,6],"8":[1,6],"9":[1,6]},"meta":{"lastBranch":10,"lastFunction":14,"lastStatement":27,"seen":{"s:6:32:177:Infinity":0,"f:6:32:6:38":0,"s:7:8:7:Infinity":1,"f:7:31:7:32":1,"s:7:42:7:59":2,"s:8:8:8:Infinity":3,"f:8:34:8:35":2,"s:8:45:8:65":4,"s:9:8:9:Infinity":5,"f:9:31:9:32":3,"s:9:42:9:59":6,"s:10:8:10:Infinity":7,"f:10:31:10:32":4,"s:10:42:10:59":8,"s:12:30:17:Infinity":9,"s:18:30:18:Infinity":10,"s:20:23:24:Infinity":11,"f:20:23:20:30":5,"s:21:4:21:Infinity":12,"s:22:4:22:Infinity":13,"s:23:4:23:Infinity":14,"b:26:2:26:Infinity:undefined:undefined:undefined:undefined":0,"s:26:2:26:Infinity":15,"s:26:20:26:Infinity":16,"s:28:2:175:Infinity":17,"f:32:15:32:16":6,"b:33:8:33:Infinity:undefined:undefined:undefined:undefined":1,"s:33:8:33:Infinity":18,"b:33:12:33:44:33:44:33:58":2,"s:33:58:33:Infinity":19,"f:48:21:48:27":7,"s:48:27:48:Infinity":20,"f:60:24:60:25":8,"s:60:31:60:Infinity":21,"f:71:24:71:25":9,"s:71:31:71:Infinity":22,"f:81:24:81:25":10,"s:81:31:81:Infinity":23,"b:99:63:99:74:99:74:99:76":3,"f:100:27:100:33":11,"s:100:33:100:Infinity":24,"b:106:65:106:76:106:76:106:78":4,"f:107:27:107:33":12,"s:107:33:107:Infinity":25,"b:114:14:121:Infinity:123:14:131:Infinity":5,"f:117:26:117:27":13,"s:117:33:117:Infinity":26,"b:125:18:125:Infinity:127:18:129:Infinity":6,"b:144:37:144:43:144:43:144:Infinity":7,"b:145:36:145:52:145:52:145:Infinity":8,"b:150:14:163:Infinity:165:14:165:Infinity":9}}}
,"/Users/lonnyangell/dev/chainOverflow/src/components/Sidebar.tsx": {"path":"/Users/lonnyangell/dev/chainOverflow/src/components/Sidebar.tsx","statementMap":{"0":{"start":{"line":4,"column":26},"end":{"line":55,"column":null}},"1":{"start":{"line":5,"column":10},"end":{"line":5,"column":null}},"2":{"start":{"line":5,"column":42},"end":{"line":5,"column":57}},"3":{"start":{"line":6,"column":24},"end":{"line":6,"column":null}},"4":{"start":{"line":6,"column":48},"end":{"line":6,"column":56}},"5":{"start":{"line":8,"column":4},"end":{"line":53,"column":null}},"6":{"start":{"line":14,"column":24},"end":{"line":31,"column":null}}},"fnMap":{"0":{"name":"(anonymous_0)","decl":{"start":{"line":4,"column":26},"end":{"line":4,"column":32}},"loc":{"start":{"line":4,"column":32},"end":{"line":55,"column":null}},"line":4},"1":{"name":"(anonymous_1)","decl":{"start":{"line":5,"column":31},"end":{"line":5,"column":32}},"loc":{"start":{"line":5,"column":42},"end":{"line":5,"column":57}},"line":5},"2":{"name":"(anonymous_2)","decl":{"start":{"line":6,"column":41},"end":{"line":6,"column":42}},"loc":{"start":{"line":6,"column":48},"end":{"line":6,"column":56}},"line":6},"3":{"name":"(anonymous_3)","decl":{"start":{"line":13,"column":37},"end":{"line":13,"column":38}},"loc":{"start":{"line":14,"column":24},"end":{"line":31,"column":null}},"line":14}},"branchMap":{},"s":{"0":1,"1":0,"2":0,"3":0,"4":0,"5":0,"6":0},"f":{"0":0,"1":0,"2":0,"3":0},"b":{},"meta":{"lastBranch":0,"lastFunction":4,"lastStatement":7,"seen":{"s:4:26:55:Infinity":0,"f:4:26:4:32":0,"s:5:10:5:Infinity":1,"f:5:31:5:32":1,"s:5:42:5:57":2,"s:6:24:6:Infinity":3,"f:6:41:6:42":2,"s:6:48:6:56":4,"s:8:4:53:Infinity":5,"f:13:37:13:38":3,"s:14:24:31:Infinity":6}}}
,"/Users/lonnyangell/dev/chainOverflow/src/pages/Home.tsx": {"path":"/Users/lonnyangell/dev/chainOverflow/src/pages/Home.tsx","statementMap":{"0":{"start":{"line":7,"column":23},"end":{"line":125,"column":null}},"1":{"start":{"line":8,"column":8},"end":{"line":8,"column":null}},"2":{"start":{"line":8,"column":40},"end":{"line":8,"column":55}},"3":{"start":{"line":9,"column":8},"end":{"line":9,"column":null}},"4":{"start":{"line":9,"column":42},"end":{"line":9,"column":59}},"5":{"start":{"line":10,"column":8},"end":{"line":10,"column":null}},"6":{"start":{"line":10,"column":42},"end":{"line":10,"column":59}},"7":{"start":{"line":11,"column":8},"end":{"line":11,"column":null}},"8":{"start":{"line":11,"column":44},"end":{"line":11,"column":63}},"9":{"start":{"line":12,"column":8},"end":{"line":12,"column":null}},"10":{"start":{"line":12,"column":40},"end":{"line":12,"column":55}},"11":{"start":{"line":13,"column":8},"end":{"line":13,"column":null}},"12":{"start":{"line":13,"column":40},"end":{"line":13,"column":55}},"13":{"start":{"line":15,"column":2},"end":{"line":17,"column":null}},"14":{"start":{"line":16,"column":4},"end":{"line":16,"column":null}},"15":{"start":{"line":19,"column":8},"end":{"line":32,"column":null}},"16":{"start":{"line":20,"column":4},"end":{"line":20,"column":null}},"17":{"start":{"line":20,"column":22},"end":{"line":20,"column":null}},"18":{"start":{"line":22,"column":18},"end":{"line":22,"column":null}},"19":{"start":{"line":24,"column":4},"end":{"line":31,"column":null}},"20":{"start":{"line":26,"column":8},"end":{"line":28,"column":null}},"21":{"start":{"line":28,"column":29},"end":{"line":28,"column":62}},"22":{"start":{"line":29,"column":26},"end":{"line":29,"column":null}},"23":{"start":{"line":30,"column":6},"end":{"line":30,"column":null}},"24":{"start":{"line":34,"column":2},"end":{"line":123,"column":null}},"25":{"start":{"line":92,"column":43},"end":{"line":92,"column":83}},"26":{"start":{"line":112,"column":35},"end":{"line":112,"column":null}}},"fnMap":{"0":{"name":"(anonymous_0)","decl":{"start":{"line":7,"column":23},"end":{"line":7,"column":29}},"loc":{"start":{"line":7,"column":29},"end":{"line":125,"column":null}},"line":7},"1":{"name":"(anonymous_1)","decl":{"start":{"line":8,"column":29},"end":{"line":8,"column":30}},"loc":{"start":{"line":8,"column":40},"end":{"line":8,"column":55}},"line":8},"2":{"name":"(anonymous_2)","decl":{"start":{"line":9,"column":31},"end":{"line":9,"column":32}},"loc":{"start":{"line":9,"column":42},"end":{"line":9,"column":59}},"line":9},"3":{"name":"(anonymous_3)","decl":{"start":{"line":10,"column":31},"end":{"line":10,"column":32}},"loc":{"start":{"line":10,"column":42},"end":{"line":10,"column":59}},"line":10},"4":{"name":"(anonymous_4)","decl":{"start":{"line":11,"column":33},"end":{"line":11,"column":34}},"loc":{"start":{"line":11,"column":44},"end":{"line":11,"column":63}},"line":11},"5":{"name":"(anonymous_5)","decl":{"start":{"line":12,"column":29},"end":{"line":12,"column":30}},"loc":{"start":{"line":12,"column":40},"end":{"line":12,"column":55}},"line":12},"6":{"name":"(anonymous_6)","decl":{"start":{"line":13,"column":29},"end":{"line":13,"column":30}},"loc":{"start":{"line":13,"column":40},"end":{"line":13,"column":55}},"line":13},"7":{"name":"(anonymous_7)","decl":{"start":{"line":15,"column":12},"end":{"line":15,"column":18}},"loc":{"start":{"line":15,"column":18},"end":{"line":17,"column":5}},"line":15},"8":{"name":"(anonymous_8)","decl":{"start":{"line":19,"column":36},"end":{"line":19,"column":42}},"loc":{"start":{"line":19,"column":42},"end":{"line":32,"column":5}},"line":19},"9":{"name":"(anonymous_9)","decl":{"start":{"line":24,"column":28},"end":{"line":24,"column":29}},"loc":{"start":{"line":24,"column":35},"end":{"line":31,"column":5}},"line":24},"10":{"name":"(anonymous_10)","decl":{"start":{"line":28,"column":20},"end":{"line":28,"column":21}},"loc":{"start":{"line":28,"column":29},"end":{"line":28,"column":62}},"line":28},"11":{"name":"(anonymous_11)","decl":{"start":{"line":92,"column":36},"end":{"line":92,"column":37}},"loc":{"start":{"line":92,"column":43},"end":{"line":92,"column":83}},"line":92},"12":{"name":"(anonymous_12)","decl":{"start":{"line":112,"column":29},"end":{"line":112,"column":35}},"loc":{"start":{"line":112,"column":35},"end":{"line":112,"column":null}},"line":112}},"branchMap":{"0":{"loc":{"start":{"line":20,"column":4},"end":{"line":20,"column":null}},"type":"if","locations":[{"start":{"line":20,"column":4},"end":{"line":20,"column":null}},{"start":{},"end":{}}],"line":20},"1":{"loc":{"start":{"line":26,"column":8},"end":{"line":28,"column":null}},"type":"binary-expr","locations":[{"start":{"line":26,"column":8},"end":{"line":26,"column":null}},{"start":{"line":27,"column":8},"end":{"line":27,"column":null}},{"start":{"line":28,"column":8},"end":{"line":28,"column":null}}],"line":26},"2":{"loc":{"start":{"line":30,"column":13},"end":{"line":30,"column":null}},"type":"binary-expr","locations":[{"start":{"line":30,"column":13},"end":{"line":30,"column":29}},{"start":{"line":30,"column":29},"end":{"line":30,"column":null}}],"line":30},"3":{"loc":{"start":{"line":49,"column":17},"end":{"line":49,"column":null}},"type":"cond-expr","locations":[{"start":{"line":49,"column":31},"end":{"line":49,"column":80}},{"start":{"line":49,"column":80},"end":{"line":49,"column":null}}],"line":49},"4":{"loc":{"start":{"line":51,"column":15},"end":{"line":62,"column":null}},"type":"binary-expr","locations":[{"start":{"line":51,"column":15},"end":{"line":51,"column":null}},{"start":{"line":52,"column":16},"end":{"line":62,"column":null}}],"line":51},"5":{"loc":{"start":{"line":75,"column":13},"end":{"line":117,"column":null}},"type":"cond-expr","locations":[{"start":{"line":76,"column":14},"end":{"line":90,"column":null}},{"start":{"line":91,"column":16},"end":{"line":117,"column":null}}],"line":75},"6":{"loc":{"start":{"line":91,"column":16},"end":{"line":117,"column":null}},"type":"cond-expr","locations":[{"start":{"line":92,"column":14},"end":{"line":92,"column":null}},{"start":{"line":94,"column":14},"end":{"line":117,"column":null}}],"line":91},"7":{"loc":{"start":{"line":104,"column":19},"end":{"line":106,"column":null}},"type":"cond-expr","locations":[{"start":{"line":105,"column":22},"end":{"line":105,"column":null}},{"start":{"line":106,"column":22},"end":{"line":106,"column":null}}],"line":104},"8":{"loc":{"start":{"line":108,"column":17},"end":{"line":115,"column":null}},"type":"binary-expr","locations":[{"start":{"line":108,"column":17},"end":{"line":108,"column":null}},{"start":{"line":109,"column":18},"end":{"line":115,"column":null}}],"line":108}},"s":{"0":1,"1":3,"2":3,"3":3,"4":3,"5":3,"6":3,"7":3,"8":3,"9":3,"10":3,"11":3,"12":3,"13":3,"14":3,"15":3,"16":3,"17":2,"18":1,"19":1,"20":2,"21":0,"22":2,"23":2,"24":3,"25":2,"26":0},"f":{"0":3,"1":3,"2":3,"3":3,"4":3,"5":3,"6":3,"7":3,"8":3,"9":2,"10":0,"11":2,"12":0},"b":{"0":[2,1],"1":[2,1,1],"2":[2,1],"3":[1,2],"4":[3,0],"5":[1,2],"6":[2,0],"7":[0,0],"8":[0,0]},"meta":{"lastBranch":9,"lastFunction":13,"lastStatement":27,"seen":{"s:7:23:125:Infinity":0,"f:7:23:7:29":0,"s:8:8:8:Infinity":1,"f:8:29:8:30":1,"s:8:40:8:55":2,"s:9:8:9:Infinity":3,"f:9:31:9:32":2,"s:9:42:9:59":4,"s:10:8:10:Infinity":5,"f:10:31:10:32":3,"s:10:42:10:59":6,"s:11:8:11:Infinity":7,"f:11:33:11:34":4,"s:11:44:11:63":8,"s:12:8:12:Infinity":9,"f:12:29:12:30":5,"s:12:40:12:55":10,"s:13:8:13:Infinity":11,"f:13:29:13:30":6,"s:13:40:13:55":12,"s:15:2:17:Infinity":13,"f:15:12:15:18":7,"s:16:4:16:Infinity":14,"s:19:8:32:Infinity":15,"f:19:36:19:42":8,"b:20:4:20:Infinity:undefined:undefined:undefined:undefined":0,"s:20:4:20:Infinity":16,"s:20:22:20:Infinity":17,"s:22:18:22:Infinity":18,"s:24:4:31:Infinity":19,"f:24:28:24:29":9,"s:26:8:28:Infinity":20,"b:26:8:26:Infinity:27:8:27:Infinity:28:8:28:Infinity":1,"f:28:20:28:21":10,"s:28:29:28:62":21,"s:29:26:29:Infinity":22,"s:30:6:30:Infinity":23,"b:30:13:30:29:30:29:30:Infinity":2,"s:34:2:123:Infinity":24,"b:49:31:49:80:49:80:49:Infinity":3,"b:51:15:51:Infinity:52:16:62:Infinity":4,"b:76:14:90:Infinity:91:16:117:Infinity":5,"b:92:14:92:Infinity:94:14:117:Infinity":6,"f:92:36:92:37":11,"s:92:43:92:83":25,"b:105:22:105:Infinity:106:22:106:Infinity":7,"b:108:17:108:Infinity:109:18:115:Infinity":8,"f:112:29:112:35":12,"s:112:35:112:Infinity":26}}}
,"/Users/lonnyangell/dev/chainOverflow/src/pages/QuestionDetail.tsx": {"path":"/Users/lonnyangell/dev/chainOverflow/src/pages/QuestionDetail.tsx","statementMap":{"0":{"start":{"line":9,"column":33},"end":{"line":280,"column":null}},"1":{"start":{"line":10,"column":13},"end":{"line":10,"column":null}},"2":{"start":{"line":11,"column":20},"end":{"line":11,"column":null}},"3":{"start":{"line":13,"column":8},"end":{"line":13,"column":null}},"4":{"start":{"line":13,"column":40},"end":{"line":13,"column":55}},"5":{"start":{"line":14,"column":8},"end":{"line":14,"column":null}},"6":{"start":{"line":14,"column":41},"end":{"line":14,"column":54}},"7":{"start":{"line":15,"column":8},"end":{"line":15,"column":null}},"8":{"start":{"line":15,"column":43},"end":{"line":15,"column":61}},"9":{"start":{"line":16,"column":8},"end":{"line":16,"column":null}},"10":{"start":{"line":16,"column":41},"end":{"line":16,"column":57}},"11":{"start":{"line":17,"column":8},"end":{"line":17,"column":null}},"12":{"start":{"line":17,"column":40},"end":{"line":17,"column":55}},"13":{"start":{"line":18,"column":8},"end":{"line":18,"column":null}},"14":{"start":{"line":18,"column":42},"end":{"line":18,"column":59}},"15":{"start":{"line":19,"column":8},"end":{"line":19,"column":null}},"16":{"start":{"line":19,"column":44},"end":{"line":19,"column":63}},"17":{"start":{"line":20,"column":8},"end":{"line":20,"column":null}},"18":{"start":{"line":20,"column":40},"end":{"line":20,"column":55}},"19":{"start":{"line":21,"column":8},"end":{"line":21,"column":null}},"20":{"start":{"line":21,"column":38},"end":{"line":21,"column":51}},"21":{"start":{"line":23,"column":19},"end":{"line":26,"column":null}},"22":{"start":{"line":24,"column":10},"end":{"line":24,"column":null}},"23":{"start":{"line":24,"column":32},"end":{"line":24,"column":50}},"24":{"start":{"line":27,"column":18},"end":{"line":30,"column":null}},"25":{"start":{"line":28,"column":10},"end":{"line":28,"column":null}},"26":{"start":{"line":28,"column":35},"end":{"line":28,"column":61}},"27":{"start":{"line":32,"column":46},"end":{"line":32,"column":null}},"28":{"start":{"line":33,"column":30},"end":{"line":33,"column":null}},"29":{"start":{"line":35,"column":2},"end":{"line":39,"column":null}},"30":{"start":{"line":36,"column":4},"end":{"line":38,"column":null}},"31":{"start":{"line":37,"column":6},"end":{"line":37,"column":null}},"32":{"start":{"line":41,"column":2},"end":{"line":48,"column":null}},"33":{"start":{"line":42,"column":4},"end":{"line":46,"column":null}},"34":{"start":{"line":50,"column":2},"end":{"line":63,"column":null}},"35":{"start":{"line":51,"column":4},"end":{"line":61,"column":null}},"36":{"start":{"line":65,"column":29},"end":{"line":67,"column":null}},"37":{"start":{"line":66,"column":4},"end":{"line":66,"column":null}},"38":{"start":{"line":69,"column":27},"end":{"line":71,"column":null}},"39":{"start":{"line":70,"column":4},"end":{"line":70,"column":null}},"40":{"start":{"line":73,"column":29},"end":{"line":79,"column":null}},"41":{"start":{"line":74,"column":4},"end":{"line":74,"column":null}},"42":{"start":{"line":75,"column":4},"end":{"line":75,"column":null}},"43":{"start":{"line":75,"column":34},"end":{"line":75,"column":null}},"44":{"start":{"line":77,"column":4},"end":{"line":77,"column":null}},"45":{"start":{"line":78,"column":4},"end":{"line":78,"column":null}},"46":{"start":{"line":81,"column":2},"end":{"line":278,"column":null}},"47":{"start":{"line":88,"column":58},"end":{"line":88,"column":81}},"48":{"start":{"line":92,"column":58},"end":{"line":92,"column":82}},"49":{"start":{"line":117,"column":18},"end":{"line":119,"column":null}},"50":{"start":{"line":155,"column":12},"end":{"line":198,"column":null}},"51":{"start":{"line":179,"column":62},"end":{"line":179,"column":94}},"52":{"start":{"line":183,"column":62},"end":{"line":183,"column":95}},"53":{"start":{"line":210,"column":61},"end":{"line":210,"column":98}},"54":{"start":{"line":230,"column":37},"end":{"line":230,"column":null}},"55":{"start":{"line":237,"column":37},"end":{"line":237,"column":null}},"56":{"start":{"line":247,"column":37},"end":{"line":247,"column":null}}},"fnMap":{"0":{"name":"(anonymous_0)","decl":{"start":{"line":9,"column":33},"end":{"line":9,"column":39}},"loc":{"start":{"line":9,"column":39},"end":{"line":280,"column":null}},"line":9},"1":{"name":"(anonymous_1)","decl":{"start":{"line":13,"column":29},"end":{"line":13,"column":30}},"loc":{"start":{"line":13,"column":40},"end":{"line":13,"column":55}},"line":13},"2":{"name":"(anonymous_2)","decl":{"start":{"line":14,"column":30},"end":{"line":14,"column":31}},"loc":{"start":{"line":14,"column":41},"end":{"line":14,"column":54}},"line":14},"3":{"name":"(anonymous_3)","decl":{"start":{"line":15,"column":32},"end":{"line":15,"column":33}},"loc":{"start":{"line":15,"column":43},"end":{"line":15,"column":61}},"line":15},"4":{"name":"(anonymous_4)","decl":{"start":{"line":16,"column":30},"end":{"line":16,"column":31}},"loc":{"start":{"line":16,"column":41},"end":{"line":16,"column":57}},"line":16},"5":{"name":"(anonymous_5)","decl":{"start":{"line":17,"column":29},"end":{"line":17,"column":30}},"loc":{"start":{"line":17,"column":40},"end":{"line":17,"column":55}},"line":17},"6":{"name":"(anonymous_6)","decl":{"start":{"line":18,"column":31},"end":{"line":18,"column":32}},"loc":{"start":{"line":18,"column":42},"end":{"line":18,"column":59}},"line":18},"7":{"name":"(anonymous_7)","decl":{"start":{"line":19,"column":33},"end":{"line":19,"column":34}},"loc":{"start":{"line":19,"column":44},"end":{"line":19,"column":63}},"line":19},"8":{"name":"(anonymous_8)","decl":{"start":{"line":20,"column":29},"end":{"line":20,"column":30}},"loc":{"start":{"line":20,"column":40},"end":{"line":20,"column":55}},"line":20},"9":{"name":"(anonymous_9)","decl":{"start":{"line":21,"column":27},"end":{"line":21,"column":28}},"loc":{"start":{"line":21,"column":38},"end":{"line":21,"column":51}},"line":21},"10":{"name":"(anonymous_10)","decl":{"start":{"line":24,"column":4},"end":{"line":24,"column":10}},"loc":{"start":{"line":24,"column":10},"end":{"line":24,"column":null}},"line":24},"11":{"name":"(anonymous_11)","decl":{"start":{"line":24,"column":25},"end":{"line":24,"column":26}},"loc":{"start":{"line":24,"column":32},"end":{"line":24,"column":50}},"line":24},"12":{"name":"(anonymous_12)","decl":{"start":{"line":28,"column":4},"end":{"line":28,"column":10}},"loc":{"start":{"line":28,"column":10},"end":{"line":28,"column":null}},"line":28},"13":{"name":"(anonymous_13)","decl":{"start":{"line":28,"column":28},"end":{"line":28,"column":29}},"loc":{"start":{"line":28,"column":35},"end":{"line":28,"column":61}},"line":28},"14":{"name":"(anonymous_14)","decl":{"start":{"line":35,"column":18},"end":{"line":35,"column":24}},"loc":{"start":{"line":35,"column":24},"end":{"line":39,"column":5}},"line":35},"15":{"name":"(anonymous_15)","decl":{"start":{"line":65,"column":29},"end":{"line":65,"column":30}},"loc":{"start":{"line":65,"column":48},"end":{"line":67,"column":null}},"line":65},"16":{"name":"(anonymous_16)","decl":{"start":{"line":69,"column":27},"end":{"line":69,"column":28}},"loc":{"start":{"line":69,"column":64},"end":{"line":71,"column":null}},"line":69},"17":{"name":"(anonymous_17)","decl":{"start":{"line":73,"column":29},"end":{"line":73,"column":36}},"loc":{"start":{"line":73,"column":59},"end":{"line":79,"column":null}},"line":73},"18":{"name":"(anonymous_18)","decl":{"start":{"line":88,"column":52},"end":{"line":88,"column":58}},"loc":{"start":{"line":88,"column":58},"end":{"line":88,"column":81}},"line":88},"19":{"name":"(anonymous_19)","decl":{"start":{"line":92,"column":52},"end":{"line":92,"column":58}},"loc":{"start":{"line":92,"column":58},"end":{"line":92,"column":82}},"line":92},"20":{"name":"(anonymous_20)","decl":{"start":{"line":116,"column":35},"end":{"line":116,"column":36}},"loc":{"start":{"line":117,"column":18},"end":{"line":119,"column":null}},"line":117},"21":{"name":"(anonymous_21)","decl":{"start":{"line":154,"column":23},"end":{"line":154,"column":24}},"loc":{"start":{"line":155,"column":12},"end":{"line":198,"column":null}},"line":155},"22":{"name":"(anonymous_22)","decl":{"start":{"line":179,"column":56},"end":{"line":179,"column":62}},"loc":{"start":{"line":179,"column":62},"end":{"line":179,"column":94}},"line":179},"23":{"name":"(anonymous_23)","decl":{"start":{"line":183,"column":56},"end":{"line":183,"column":62}},"loc":{"start":{"line":183,"column":62},"end":{"line":183,"column":95}},"line":183},"24":{"name":"(anonymous_24)","decl":{"start":{"line":210,"column":55},"end":{"line":210,"column":61}},"loc":{"start":{"line":210,"column":61},"end":{"line":210,"column":98}},"line":210},"25":{"name":"(anonymous_25)","decl":{"start":{"line":230,"column":31},"end":{"line":230,"column":37}},"loc":{"start":{"line":230,"column":37},"end":{"line":230,"column":null}},"line":230},"26":{"name":"(anonymous_26)","decl":{"start":{"line":237,"column":31},"end":{"line":237,"column":37}},"loc":{"start":{"line":237,"column":37},"end":{"line":237,"column":null}},"line":237},"27":{"name":"(anonymous_27)","decl":{"start":{"line":247,"column":30},"end":{"line":247,"column":31}},"loc":{"start":{"line":247,"column":37},"end":{"line":247,"column":null}},"line":247}},"branchMap":{"0":{"loc":{"start":{"line":36,"column":4},"end":{"line":38,"column":null}},"type":"if","locations":[{"start":{"line":36,"column":4},"end":{"line":38,"column":null}},{"start":{},"end":{}}],"line":36},"1":{"loc":{"start":{"line":41,"column":2},"end":{"line":48,"column":null}},"type":"if","locations":[{"start":{"line":41,"column":2},"end":{"line":48,"column":null}},{"start":{},"end":{}}],"line":41},"2":{"loc":{"start":{"line":50,"column":2},"end":{"line":63,"column":null}},"type":"if","locations":[{"start":{"line":50,"column":2},"end":{"line":63,"column":null}},{"start":{},"end":{}}],"line":50},"3":{"loc":{"start":{"line":75,"column":4},"end":{"line":75,"column":null}},"type":"if","locations":[{"start":{"line":75,"column":4},"end":{"line":75,"column":null}},{"start":{},"end":{}}],"line":75},"4":{"loc":{"start":{"line":101,"column":17},"end":{"line":102,"column":null}},"type":"binary-expr","locations":[{"start":{"line":101,"column":17},"end":{"line":101,"column":null}},{"start":{"line":102,"column":18},"end":{"line":102,"column":null}}],"line":101},"5":{"loc":{"start":{"line":123,"column":15},"end":{"line":142,"column":null}},"type":"binary-expr","locations":[{"start":{"line":123,"column":15},"end":{"line":123,"column":null}},{"start":{"line":124,"column":16},"end":{"line":142,"column":null}}],"line":123},"6":{"loc":{"start":{"line":159,"column":24},"end":{"line":159,"column":null}},"type":"cond-expr","locations":[{"start":{"line":159,"column":44},"end":{"line":159,"column":77}},{"start":{"line":159,"column":77},"end":{"line":159,"column":null}}],"line":159},"7":{"loc":{"start":{"line":160,"column":28},"end":{"line":160,"column":null}},"type":"cond-expr","locations":[{"start":{"line":160,"column":48},"end":{"line":160,"column":76}},{"start":{"line":160,"column":76},"end":{"line":160,"column":null}}],"line":160},"8":{"loc":{"start":{"line":163,"column":15},"end":{"line":175,"column":null}},"type":"binary-expr","locations":[{"start":{"line":163,"column":15},"end":{"line":163,"column":null}},{"start":{"line":164,"column":16},"end":{"line":175,"column":null}}],"line":163},"9":{"loc":{"start":{"line":205,"column":11},"end":{"line":272,"column":null}},"type":"cond-expr","locations":[{"start":{"line":206,"column":12},"end":{"line":213,"column":null}},{"start":{"line":215,"column":12},"end":{"line":272,"column":null}}],"line":205},"10":{"loc":{"start":{"line":229,"column":44},"end":{"line":229,"column":80}},"type":"cond-expr","locations":[{"start":{"line":229,"column":67},"end":{"line":229,"column":78}},{"start":{"line":229,"column":78},"end":{"line":229,"column":80}}],"line":229},"11":{"loc":{"start":{"line":236,"column":44},"end":{"line":236,"column":82}},"type":"cond-expr","locations":[{"start":{"line":236,"column":69},"end":{"line":236,"column":80}},{"start":{"line":236,"column":80},"end":{"line":236,"column":82}}],"line":236},"12":{"loc":{"start":{"line":243,"column":17},"end":{"line":262,"column":null}},"type":"cond-expr","locations":[{"start":{"line":244,"column":18},"end":{"line":252,"column":null}},{"start":{"line":254,"column":18},"end":{"line":262,"column":null}}],"line":243},"13":{"loc":{"start":{"line":255,"column":21},"end":{"line":260,"column":null}},"type":"cond-expr","locations":[{"start":{"line":256,"column":22},"end":{"line":256,"column":null}},{"start":{"line":258,"column":22},"end":{"line":260,"column":null}}],"line":255},"14":{"loc":{"start":{"line":268,"column":26},"end":{"line":268,"column":null}},"type":"binary-expr","locations":[{"start":{"line":268,"column":26},"end":{"line":268,"column":41}},{"start":{"line":268,"column":41},"end":{"line":268,"column":null}}],"line":268},"15":{"loc":{"start":{"line":270,"column":17},"end":{"line":270,"column":null}},"type":"cond-expr","locations":[{"start":{"line":270,"column":31},"end":{"line":270,"column":46}},{"start":{"line":270,"column":46},"end":{"line":270,"column":null}}],"line":270}},"s":{"0":2,"1":6,"2":6,"3":6,"4":6,"5":6,"6":6,"7":6,"8":6,"9":6,"10":6,"11":6,"12":6,"13":6,"14":6,"15":6,"16":6,"17":6,"18":6,"19":6,"20":6,"21":6,"22":6,"23":4,"24":6,"25":6,"26":1,"27":6,"28":6,"29":6,"30":4,"31":4,"32":6,"33":1,"34":5,"35":1,"36":4,"37":0,"38":4,"39":0,"40":4,"41":1,"42":1,"43":0,"44":1,"45":1,"46":4,"47":0,"48":0,"49":1,"50":1,"51":0,"52":0,"53":0,"54":0,"55":0,"56":1},"f":{"0":6,"1":6,"2":6,"3":6,"4":6,"5":6,"6":6,"7":6,"8":6,"9":6,"10":6,"11":4,"12":6,"13":1,"14":4,"15":0,"16":0,"17":1,"18":0,"19":0,"20":1,"21":1,"22":0,"23":0,"24":0,"25":0,"26":0,"27":1},"b":{"0":[4,0],"1":[1,5],"2":[1,4],"3":[0,1],"4":[4,1],"5":[6,1],"6":[1,0],"7":[1,0],"8":[1,1],"9":[0,4],"10":[4,0],"11":[0,4],"12":[4,0],"13":[0,0],"14":[4,4],"15":[0,4]},"meta":{"lastBranch":16,"lastFunction":28,"lastStatement":57,"seen":{"s:9:33:280:Infinity":0,"f:9:33:9:39":0,"s:10:13:10:Infinity":1,"s:11:20:11:Infinity":2,"s:13:8:13:Infinity":3,"f:13:29:13:30":1,"s:13:40:13:55":4,"s:14:8:14:Infinity":5,"f:14:30:14:31":2,"s:14:41:14:54":6,"s:15:8:15:Infinity":7,"f:15:32:15:33":3,"s:15:43:15:61":8,"s:16:8:16:Infinity":9,"f:16:30:16:31":4,"s:16:41:16:57":10,"s:17:8:17:Infinity":11,"f:17:29:17:30":5,"s:17:40:17:55":12,"s:18:8:18:Infinity":13,"f:18:31:18:32":6,"s:18:42:18:59":14,"s:19:8:19:Infinity":15,"f:19:33:19:34":7,"s:19:44:19:63":16,"s:20:8:20:Infinity":17,"f:20:29:20:30":8,"s:20:40:20:55":18,"s:21:8:21:Infinity":19,"f:21:27:21:28":9,"s:21:38:21:51":20,"s:23:19:26:Infinity":21,"f:24:4:24:10":10,"s:24:10:24:Infinity":22,"f:24:25:24:26":11,"s:24:32:24:50":23,"s:27:18:30:Infinity":24,"f:28:4:28:10":12,"s:28:10:28:Infinity":25,"f:28:28:28:29":13,"s:28:35:28:61":26,"s:32:46:32:Infinity":27,"s:33:30:33:Infinity":28,"s:35:2:39:Infinity":29,"f:35:18:35:24":14,"b:36:4:38:Infinity:undefined:undefined:undefined:undefined":0,"s:36:4:38:Infinity":30,"s:37:6:37:Infinity":31,"b:41:2:48:Infinity:undefined:undefined:undefined:undefined":1,"s:41:2:48:Infinity":32,"s:42:4:46:Infinity":33,"b:50:2:63:Infinity:undefined:undefined:undefined:undefined":2,"s:50:2:63:Infinity":34,"s:51:4:61:Infinity":35,"s:65:29:67:Infinity":36,"f:65:29:65:30":15,"s:66:4:66:Infinity":37,"s:69:27:71:Infinity":38,"f:69:27:69:28":16,"s:70:4:70:Infinity":39,"s:73:29:79:Infinity":40,"f:73:29:73:36":17,"s:74:4:74:Infinity":41,"b:75:4:75:Infinity:undefined:undefined:undefined:undefined":3,"s:75:4:75:Infinity":42,"s:75:34:75:Infinity":43,"s:77:4:77:Infinity":44,"s:78:4:78:Infinity":45,"s:81:2:278:Infinity":46,"f:88:52:88:58":18,"s:88:58:88:81":47,"f:92:52:92:58":19,"s:92:58:92:82":48,"b:101:17:101:Infinity:102:18:102:Infinity":4,"f:116:35:116:36":20,"s:117:18:119:Infinity":49,"b:123:15:123:Infinity:124:16:142:Infinity":5,"f:154:23:154:24":21,"s:155:12:198:Infinity":50,"b:159:44:159:77:159:77:159:Infinity":6,"b:160:48:160:76:160:76:160:Infinity":7,"b:163:15:163:Infinity:164:16:175:Infinity":8,"f:179:56:179:62":22,"s:179:62:179:94":51,"f:183:56:183:62":23,"s:183:62:183:95":52,"b:206:12:213:Infinity:215:12:272:Infinity":9,"f:210:55:210:61":24,"s:210:61:210:98":53,"b:229:67:229:78:229:78:229:80":10,"f:230:31:230:37":25,"s:230:37:230:Infinity":54,"b:236:69:236:80:236:80:236:82":11,"f:237:31:237:37":26,"s:237:37:237:Infinity":55,"b:244:18:252:Infinity:254:18:262:Infinity":12,"f:247:30:247:31":27,"s:247:37:247:Infinity":56,"b:256:22:256:Infinity:258:22:260:Infinity":13,"b:268:26:268:41:268:41:268:Infinity":14,"b:270:31:270:46:270:46:270:Infinity":15}}}
,"/Users/lonnyangell/dev/chainOverflow/src/services/ipfs.ts": {"path":"/Users/lonnyangell/dev/chainOverflow/src/services/ipfs.ts","statementMap":{"0":{"start":{"line":14,"column":20},"end":{"line":14,"column":null}},"1":{"start":{"line":16,"column":20},"end":{"line":23,"column":null}},"2":{"start":{"line":17,"column":2},"end":{"line":22,"column":null}},"3":{"start":{"line":18,"column":18},"end":{"line":18,"column":null}},"4":{"start":{"line":19,"column":4},"end":{"line":19,"column":null}},"5":{"start":{"line":21,"column":4},"end":{"line":21,"column":null}},"6":{"start":{"line":25,"column":50},"end":{"line":25,"column":null}},"7":{"start":{"line":27,"column":20},"end":{"line":33,"column":null}},"8":{"start":{"line":28,"column":2},"end":{"line":32,"column":null}},"9":{"start":{"line":29,"column":4},"end":{"line":29,"column":null}},"10":{"start":{"line":31,"column":4},"end":{"line":31,"column":null}},"11":{"start":{"line":35,"column":21},"end":{"line":55,"column":null}},"12":{"start":{"line":37,"column":4},"end":{"line":37,"column":null}},"13":{"start":{"line":37,"column":35},"end":{"line":37,"column":59}},"14":{"start":{"line":38,"column":22},"end":{"line":38,"column":null}},"15":{"start":{"line":39,"column":16},"end":{"line":39,"column":null}},"16":{"start":{"line":40,"column":4},"end":{"line":40,"column":null}},"17":{"start":{"line":41,"column":4},"end":{"line":41,"column":null}},"18":{"start":{"line":42,"column":4},"end":{"line":42,"column":null}},"19":{"start":{"line":45,"column":4},"end":{"line":45,"column":null}},"20":{"start":{"line":45,"column":35},"end":{"line":45,"column":59}},"21":{"start":{"line":46,"column":4},"end":{"line":46,"column":null}},"22":{"start":{"line":49,"column":4},"end":{"line":49,"column":null}},"23":{"start":{"line":49,"column":35},"end":{"line":49,"column":59}},"24":{"start":{"line":50,"column":17},"end":{"line":50,"column":null}},"25":{"start":{"line":51,"column":4},"end":{"line":53,"column":null}},"26":{"start":{"line":52,"column":23},"end":{"line":52,"column":63}},"27":{"start":{"line":53,"column":20},"end":{"line":53,"column":27}},"28":{"start":{"line":60,"column":23},"end":{"line":105,"column":null}},"29":{"start":{"line":62,"column":16},"end":{"line":62,"column":null}},"30":{"start":{"line":63,"column":4},"end":{"line":63,"column":null}},"31":{"start":{"line":63,"column":14},"end":{"line":63,"column":null}},"32":{"start":{"line":65,"column":21},"end":{"line":75,"column":null}},"33":{"start":{"line":77,"column":4},"end":{"line":80,"column":null}},"34":{"start":{"line":78,"column":20},"end":{"line":78,"column":null}},"35":{"start":{"line":79,"column":6},"end":{"line":79,"column":null}},"36":{"start":{"line":82,"column":17},"end":{"line":82,"column":null}},"37":{"start":{"line":83,"column":4},"end":{"line":83,"column":null}},"38":{"start":{"line":86,"column":20},"end":{"line":86,"column":null}},"39":{"start":{"line":87,"column":4},"end":{"line":95,"column":null}},"40":{"start":{"line":88,"column":23},"end":{"line":88,"column":null}},"41":{"start":{"line":89,"column":6},"end":{"line":89,"column":null}},"42":{"start":{"line":89,"column":24},"end":{"line":89,"column":null}},"43":{"start":{"line":90,"column":19},"end":{"line":90,"column":null}},"44":{"start":{"line":91,"column":6},"end":{"line":91,"column":null}},"45":{"start":{"line":93,"column":6},"end":{"line":93,"column":null}},"46":{"start":{"line":94,"column":6},"end":{"line":94,"column":null}},"47":{"start":{"line":103,"column":4},"end":{"line":103,"column":null}},"48":{"start":{"line":110,"column":26},"end":{"line":113,"column":null}},"49":{"start":{"line":111,"column":19},"end":{"line":111,"column":null}},"50":{"start":{"line":112,"column":2},"end":{"line":112,"column":null}},"51":{"start":{"line":115,"column":28},"end":{"line":115,"column":null}},"52":{"start":{"line":115,"column":49},"end":{"line":115,"column":null}},"53":{"start":{"line":116,"column":29},"end":{"line":116,"column":null}},"54":{"start":{"line":116,"column":46},"end":{"line":116,"column":null}},"55":{"start":{"line":117,"column":33},"end":{"line":117,"column":null}},"56":{"start":{"line":117,"column":52},"end":{"line":117,"column":null}},"57":{"start":{"line":119,"column":26},"end":{"line":122,"column":null}},"58":{"start":{"line":120,"column":18},"end":{"line":120,"column":null}},"59":{"start":{"line":121,"column":2},"end":{"line":121,"column":null}}},"fnMap":{"0":{"name":"(anonymous_0)","decl":{"start":{"line":16,"column":20},"end":{"line":16,"column":54}},"loc":{"start":{"line":16,"column":54},"end":{"line":23,"column":null}},"line":16},"1":{"name":"(anonymous_1)","decl":{"start":{"line":27,"column":20},"end":{"line":27,"column":26}},"loc":{"start":{"line":27,"column":26},"end":{"line":33,"column":null}},"line":27},"2":{"name":"(anonymous_2)","decl":{"start":{"line":36,"column":10},"end":{"line":36,"column":17}},"loc":{"start":{"line":36,"column":54},"end":{"line":43,"column":null}},"line":36},"3":{"name":"(anonymous_3)","decl":{"start":{"line":37,"column":22},"end":{"line":37,"column":23}},"loc":{"start":{"line":37,"column":35},"end":{"line":37,"column":59}},"line":37},"4":{"name":"(anonymous_4)","decl":{"start":{"line":44,"column":9},"end":{"line":44,"column":16}},"loc":{"start":{"line":44,"column":56},"end":{"line":47,"column":null}},"line":44},"5":{"name":"(anonymous_5)","decl":{"start":{"line":45,"column":22},"end":{"line":45,"column":23}},"loc":{"start":{"line":45,"column":35},"end":{"line":45,"column":59}},"line":45},"6":{"name":"(anonymous_6)","decl":{"start":{"line":48,"column":10},"end":{"line":48,"column":17}},"loc":{"start":{"line":48,"column":54},"end":{"line":54,"column":null}},"line":48},"7":{"name":"(anonymous_7)","decl":{"start":{"line":49,"column":22},"end":{"line":49,"column":23}},"loc":{"start":{"line":49,"column":35},"end":{"line":49,"column":59}},"line":49},"8":{"name":"(anonymous_8)","decl":{"start":{"line":52,"column":14},"end":{"line":52,"column":15}},"loc":{"start":{"line":52,"column":23},"end":{"line":52,"column":63}},"line":52},"9":{"name":"(anonymous_9)","decl":{"start":{"line":53,"column":11},"end":{"line":53,"column":12}},"loc":{"start":{"line":53,"column":20},"end":{"line":53,"column":27}},"line":53},"10":{"name":"(anonymous_10)","decl":{"start":{"line":61,"column":10},"end":{"line":61,"column":17}},"loc":{"start":{"line":61,"column":54},"end":{"line":84,"column":null}},"line":61},"11":{"name":"(anonymous_11)","decl":{"start":{"line":85,"column":9},"end":{"line":85,"column":16}},"loc":{"start":{"line":85,"column":56},"end":{"line":96,"column":null}},"line":85},"12":{"name":"(anonymous_12)","decl":{"start":{"line":97,"column":10},"end":{"line":97,"column":17}},"loc":{"start":{"line":97,"column":54},"end":{"line":104,"column":null}},"line":97},"13":{"name":"(anonymous_13)","decl":{"start":{"line":110,"column":26},"end":{"line":110,"column":32}},"loc":{"start":{"line":110,"column":32},"end":{"line":113,"column":null}},"line":110},"14":{"name":"(anonymous_14)","decl":{"start":{"line":115,"column":28},"end":{"line":115,"column":29}},"loc":{"start":{"line":115,"column":49},"end":{"line":115,"column":null}},"line":115},"15":{"name":"(anonymous_15)","decl":{"start":{"line":116,"column":29},"end":{"line":116,"column":30}},"loc":{"start":{"line":116,"column":46},"end":{"line":116,"column":null}},"line":116},"16":{"name":"(anonymous_16)","decl":{"start":{"line":117,"column":33},"end":{"line":117,"column":34}},"loc":{"start":{"line":117,"column":52},"end":{"line":117,"column":null}},"line":117},"17":{"name":"(anonymous_17)","decl":{"start":{"line":119,"column":26},"end":{"line":119,"column":27}},"loc":{"start":{"line":119,"column":52},"end":{"line":122,"column":null}},"line":119}},"branchMap":{"0":{"loc":{"start":{"line":19,"column":11},"end":{"line":19,"column":null}},"type":"cond-expr","locations":[{"start":{"line":19,"column":19},"end":{"line":19,"column":39}},{"start":{"line":19,"column":39},"end":{"line":19,"column":null}}],"line":19},"1":{"loc":{"start":{"line":46,"column":11},"end":{"line":46,"column":null}},"type":"binary-expr","locations":[{"start":{"line":46,"column":11},"end":{"line":46,"column":44}},{"start":{"line":46,"column":44},"end":{"line":46,"column":null}}],"line":46},"2":{"loc":{"start":{"line":63,"column":4},"end":{"line":63,"column":null}},"type":"if","locations":[{"start":{"line":63,"column":4},"end":{"line":63,"column":null}},{"start":{},"end":{}}],"line":63},"3":{"loc":{"start":{"line":77,"column":4},"end":{"line":80,"column":null}},"type":"if","locations":[{"start":{"line":77,"column":4},"end":{"line":80,"column":null}},{"start":{},"end":{}}],"line":77},"4":{"loc":{"start":{"line":79,"column":47},"end":{"line":79,"column":81}},"type":"binary-expr","locations":[{"start":{"line":79,"column":47},"end":{"line":79,"column":62}},{"start":{"line":79,"column":62},"end":{"line":79,"column":81}}],"line":79},"5":{"loc":{"start":{"line":86,"column":20},"end":{"line":86,"column":null}},"type":"binary-expr","locations":[{"start":{"line":86,"column":20},"end":{"line":86,"column":59}},{"start":{"line":86,"column":59},"end":{"line":86,"column":null}}],"line":86},"6":{"loc":{"start":{"line":89,"column":6},"end":{"line":89,"column":null}},"type":"if","locations":[{"start":{"line":89,"column":6},"end":{"line":89,"column":null}},{"start":{},"end":{}}],"line":89},"7":{"loc":{"start":{"line":91,"column":13},"end":{"line":91,"column":null}},"type":"binary-expr","locations":[{"start":{"line":91,"column":13},"end":{"line":91,"column":26}},{"start":{"line":91,"column":26},"end":{"line":91,"column":null}}],"line":91},"8":{"loc":{"start":{"line":111,"column":19},"end":{"line":111,"column":null}},"type":"binary-expr","locations":[{"start":{"line":111,"column":19},"end":{"line":111,"column":57}},{"start":{"line":111,"column":57},"end":{"line":111,"column":null}}],"line":111},"9":{"loc":{"start":{"line":112,"column":9},"end":{"line":112,"column":null}},"type":"cond-expr","locations":[{"start":{"line":112,"column":33},"end":{"line":112,"column":50}},{"start":{"line":112,"column":50},"end":{"line":112,"column":null}}],"line":112},"10":{"loc":{"start":{"line":120,"column":18},"end":{"line":120,"column":null}},"type":"binary-expr","locations":[{"start":{"line":120,"column":18},"end":{"line":120,"column":57}},{"start":{"line":120,"column":57},"end":{"line":120,"column":null}}],"line":120}},"s":{"0":4,"1":4,"2":4,"3":4,"4":4,"5":0,"6":4,"7":4,"8":6,"9":6,"10":0,"11":4,"12":6,"13":6,"14":6,"15":6,"16":6,"17":6,"18":6,"19":2,"20":2,"21":2,"22":1,"23":1,"24":1,"25":1,"26":5,"27":2,"28":4,"29":2,"30":2,"31":0,"32":2,"33":2,"34":1,"35":1,"36":1,"37":1,"38":2,"39":2,"40":2,"41":2,"42":1,"43":1,"44":1,"45":0,"46":0,"47":0,"48":4,"49":13,"50":13,"51":4,"52":8,"53":4,"54":4,"55":4,"56":1,"57":4,"58":6,"59":6},"f":{"0":4,"1":6,"2":6,"3":6,"4":2,"5":2,"6":1,"7":1,"8":5,"9":2,"10":2,"11":2,"12":0,"13":13,"14":8,"15":4,"16":1,"17":6},"b":{"0":[0,4],"1":[2,1],"2":[0,2],"3":[1,1],"4":[1,0],"5":[2,0],"6":[1,1],"7":[1,0],"8":[13,0],"9":[4,9],"10":[6,0]},"meta":{"lastBranch":11,"lastFunction":18,"lastStatement":60,"seen":{"s:14:20:14:Infinity":0,"s:16:20:23:Infinity":1,"f:16:20:16:54":0,"s:17:2:22:Infinity":2,"s:18:18:18:Infinity":3,"s:19:4:19:Infinity":4,"b:19:19:19:39:19:39:19:Infinity":0,"s:21:4:21:Infinity":5,"s:25:50:25:Infinity":6,"s:27:20:33:Infinity":7,"f:27:20:27:26":1,"s:28:2:32:Infinity":8,"s:29:4:29:Infinity":9,"s:31:4:31:Infinity":10,"s:35:21:55:Infinity":11,"f:36:10:36:17":2,"s:37:4:37:Infinity":12,"f:37:22:37:23":3,"s:37:35:37:59":13,"s:38:22:38:Infinity":14,"s:39:16:39:Infinity":15,"s:40:4:40:Infinity":16,"s:41:4:41:Infinity":17,"s:42:4:42:Infinity":18,"f:44:9:44:16":4,"s:45:4:45:Infinity":19,"f:45:22:45:23":5,"s:45:35:45:59":20,"s:46:4:46:Infinity":21,"b:46:11:46:44:46:44:46:Infinity":1,"f:48:10:48:17":6,"s:49:4:49:Infinity":22,"f:49:22:49:23":7,"s:49:35:49:59":23,"s:50:17:50:Infinity":24,"s:51:4:53:Infinity":25,"f:52:14:52:15":8,"s:52:23:52:63":26,"f:53:11:53:12":9,"s:53:20:53:27":27,"s:60:23:105:Infinity":28,"f:61:10:61:17":10,"s:62:16:62:Infinity":29,"b:63:4:63:Infinity:undefined:undefined:undefined:undefined":2,"s:63:4:63:Infinity":30,"s:63:14:63:Infinity":31,"s:65:21:75:Infinity":32,"b:77:4:80:Infinity:undefined:undefined:undefined:undefined":3,"s:77:4:80:Infinity":33,"s:78:20:78:Infinity":34,"s:79:6:79:Infinity":35,"b:79:47:79:62:79:62:79:81":4,"s:82:17:82:Infinity":36,"s:83:4:83:Infinity":37,"f:85:9:85:16":11,"s:86:20:86:Infinity":38,"b:86:20:86:59:86:59:86:Infinity":5,"s:87:4:95:Infinity":39,"s:88:23:88:Infinity":40,"b:89:6:89:Infinity:undefined:undefined:undefined:undefined":6,"s:89:6:89:Infinity":41,"s:89:24:89:Infinity":42,"s:90:19:90:Infinity":43,"s:
[...]
ne":308,"column":null}},"76":{"start":{"line":312,"column":8},"end":{"line":321,"column":null}},"77":{"start":{"line":313,"column":10},"end":{"line":318,"column":null}},"78":{"start":{"line":314,"column":29},"end":{"line":314,"column":null}},"79":{"start":{"line":315,"column":12},"end":{"line":315,"column":null}},"80":{"start":{"line":317,"column":12},"end":{"line":317,"column":null}},"81":{"start":{"line":320,"column":10},"end":{"line":320,"column":null}},"82":{"start":{"line":325,"column":30},"end":{"line":325,"column":null}},"83":{"start":{"line":326,"column":41},"end":{"line":326,"column":null}},"84":{"start":{"line":327,"column":8},"end":{"line":342,"column":null}},"85":{"start":{"line":327,"column":21},"end":{"line":327,"column":24}},"86":{"start":{"line":328,"column":24},"end":{"line":328,"column":null}},"87":{"start":{"line":329,"column":26},"end":{"line":329,"column":null}},"88":{"start":{"line":330,"column":22},"end":{"line":330,"column":null}},"89":{"start":{"line":331,"column":10},"end":{"line":341,"column":null}},"90":{"start":{"line":343,"column":8},"end":{"line":343,"column":null}},"91":{"start":{"line":348,"column":28},"end":{"line":348,"column":null}},"92":{"start":{"line":349,"column":8},"end":{"line":349,"column":null}},"93":{"start":{"line":350,"column":8},"end":{"line":366,"column":null}},"94":{"start":{"line":351,"column":10},"end":{"line":358,"column":null}},"95":{"start":{"line":360,"column":10},"end":{"line":360,"column":null}},"96":{"start":{"line":362,"column":10},"end":{"line":362,"column":null}},"97":{"start":{"line":363,"column":10},"end":{"line":363,"column":null}},"98":{"start":{"line":365,"column":10},"end":{"line":365,"column":null}},"99":{"start":{"line":370,"column":28},"end":{"line":370,"column":null}},"100":{"start":{"line":371,"column":31},"end":{"line":373,"column":null}},"101":{"start":{"line":372,"column":10},"end":{"line":372,"column":null}},"102":{"start":{"line":374,"column":8},"end":{"line":374,"column":null}},"103":{"start":{"line":378,"column":28},"end":{"line":378,"column":null}},"104":{"start":{"line":380,"column":31},"end":{"line":387,"column":null}},"105":{"start":{"line":381,"column":10},"end":{"line":385,"column":null}},"106":{"start":{"line":383,"column":12},"end":{"line":383,"column":null}},"107":{"start":{"line":383,"column":35},"end":{"line":383,"column":null}},"108":{"start":{"line":384,"column":12},"end":{"line":384,"column":null}},"109":{"start":{"line":386,"column":10},"end":{"line":386,"column":null}},"110":{"start":{"line":388,"column":8},"end":{"line":388,"column":null}},"111":{"start":{"line":393,"column":39},"end":{"line":393,"column":51}},"112":{"start":{"line":394,"column":30},"end":{"line":398,"column":null}}},"fnMap":{"0":{"name":"(anonymous_0)","decl":{"start":{"line":105,"column":4},"end":{"line":105,"column":5}},"loc":{"start":{"line":105,"column":19},"end":{"line":390,"column":null}},"line":105},"1":{"name":"(anonymous_1)","decl":{"start":{"line":116,"column":17},"end":{"line":116,"column":29}},"loc":{"start":{"line":116,"column":29},"end":{"line":153,"column":null}},"line":116},"2":{"name":"(anonymous_2)","decl":{"start":{"line":123,"column":49},"end":{"line":123,"column":50}},"loc":{"start":{"line":123,"column":62},"end":{"line":134,"column":12}},"line":123},"3":{"name":"(anonymous_3)","decl":{"start":{"line":136,"column":49},"end":{"line":136,"column":50}},"loc":{"start":{"line":136,"column":50},"end":{"line":145,"column":null}},"line":136},"4":{"name":"(anonymous_4)","decl":{"start":{"line":137,"column":34},"end":{"line":137,"column":35}},"loc":{"start":{"line":137,"column":47},"end":{"line":145,"column":14}},"line":137},"5":{"name":"(anonymous_5)","decl":{"start":{"line":155,"column":21},"end":{"line":155,"column":28}},"loc":{"start":{"line":155,"column":43},"end":{"line":200,"column":null}},"line":155},"6":{"name":"(anonymous_6)","decl":{"start":{"line":176,"column":66},"end":{"line":176,"column":67}},"loc":{"start":{"line":176,"column":79},"end":{"line":184,"column":12}},"line":176},"7":{"name":"(anonymous_7)","decl":{"start":{"line":188,"column":50},"end":{"line":188,"column":58}},"loc":{"start":{"line":188,"column":58},"end":{"line":188,"column":72}},"line":188},"8":{"name":"(anonymous_8)","decl":{"start":{"line":189,"column":46},"end":{"line":189,"column":54}},"loc":{"start":{"line":189,"column":54},"end":{"line":189,"column":76}},"line":189},"9":{"name":"(anonymous_9)","decl":{"start":{"line":202,"column":18},"end":{"line":202,"column":19}},"loc":{"start":{"line":202,"column":31},"end":{"line":202,"column":null}},"line":202},"10":{"name":"(anonymous_10)","decl":{"start":{"line":204,"column":22},"end":{"line":204,"column":23}},"loc":{"start":{"line":204,"column":34},"end":{"line":204,"column":null}},"line":204},"11":{"name":"(anonymous_11)","decl":{"start":{"line":206,"column":22},"end":{"line":206,"column":23}},"loc":{"start":{"line":206,"column":33},"end":{"line":213,"column":null}},"line":206},"12":{"name":"(anonymous_12)","decl":{"start":{"line":215,"column":21},"end":{"line":215,"column":28}},"loc":{"start":{"line":215,"column":38},"end":{"line":228,"column":null}},"line":215},"13":{"name":"(anonymous_13)","decl":{"start":{"line":221,"column":20},"end":{"line":221,"column":21}},"loc":{"start":{"line":221,"column":27},"end":{"line":221,"column":74}},"line":221},"14":{"name":"(anonymous_14)","decl":{"start":{"line":222,"column":17},"end":{"line":222,"column":18}},"loc":{"start":{"line":222,"column":24},"end":{"line":222,"column":28}},"line":222},"15":{"name":"(anonymous_15)","decl":{"start":{"line":230,"column":20},"end":{"line":230,"column":21}},"loc":{"start":{"line":230,"column":35},"end":{"line":236,"column":null}},"line":230},"16":{"name":"(anonymous_16)","decl":{"start":{"line":232,"column":47},"end":{"line":232,"column":48}},"loc":{"start":{"line":233,"column":10},"end":{"line":233,"column":null}},"line":233},"17":{"name":"(anonymous_17)","decl":{"start":{"line":238,"column":19},"end":{"line":238,"column":26}},"loc":{"start":{"line":238,"column":35},"end":{"line":266,"column":null}},"line":238},"18":{"name":"(anonymous_18)","decl":{"start":{"line":268,"column":26},"end":{"line":268,"column":33}},"loc":{"start":{"line":268,"column":77},"end":{"line":309,"column":null}},"line":268},"19":{"name":"(anonymous_19)","decl":{"start":{"line":304,"column":50},"end":{"line":304,"column":57}},"loc":{"start":{"line":304,"column":57},"end":{"line":304,"column":85}},"line":304},"20":{"name":"(anonymous_20)","decl":{"start":{"line":311,"column":21},"end":{"line":311,"column":33}},"loc":{"start":{"line":311,"column":33},"end":{"line":322,"column":null}},"line":311},"21":{"name":"(anonymous_21)","decl":{"start":{"line":324,"column":21},"end":{"line":324,"column":28}},"loc":{"start":{"line":324,"column":38},"end":{"line":344,"column":null}},"line":324},"22":{"name":"(anonymous_22)","decl":{"start":{"line":347,"column":17},"end":{"line":347,"column":24}},"loc":{"start":{"line":347,"column":48},"end":{"line":367,"column":null}},"line":347},"23":{"name":"(anonymous_23)","decl":{"start":{"line":369,"column":18},"end":{"line":369,"column":19}},"loc":{"start":{"line":369,"column":33},"end":{"line":375,"column":null}},"line":369},"24":{"name":"(anonymous_24)","decl":{"start":{"line":371,"column":43},"end":{"line":371,"column":44}},"loc":{"start":{"line":372,"column":10},"end":{"line":372,"column":null}},"line":372},"25":{"name":"(anonymous_25)","decl":{"start":{"line":377,"column":26},"end":{"line":377,"column":27}},"loc":{"start":{"line":377,"column":52},"end":{"line":389,"column":null}},"line":377},"26":{"name":"(anonymous_26)","decl":{"start":{"line":380,"column":43},"end":{"line":380,"column":44}},"loc":{"start":{"line":380,"column":50},"end":{"line":387,"column":9}},"line":380},"27":{"name":"(anonymous_27)","decl":{"start":{"line":393,"column":33},"end":{"line":393,"column":39}},"loc":{"start":{"line":393,"column":39},"end":{"line":393,"column":51}},"line":393},"28":{"name":"(anonymous_28)","decl":{"start":{"line":394,"column":18},"end":{"line":394,"column":19}},"loc":{"start":{"line":394,"column":30},"end":{"line":398,"column":null}},"line":394}},"branchMap":{"0":{"loc":{"start":{"line":127,"column":18},"end":{"line":127,"column":null}},"type":"cond-expr","locations":[{"start":{"line":127,"column":47},"end":{"line":127,"column":84}},{"start":{"line":127,"column":84},"end":{"line":127,"column":null}}],"line":127},"1":{"loc":{"start":{"line":127,"column":84},"end":{"line":127,"column":null}},"type":"binary-expr","locations":[{"start":{"line":127,"column":84},"end":{"line":127,"column":94}},{"start":{"line":127,"column":94},"end":{"line":127,"column":null}}],"line":127},"2":{"loc":{"start":{"line":133,"column":21},"end":{"line":133,"column":null}},"type":"cond-expr","locations":[{"start":{"line":133,"column":33},"end":{"line":133,"column":52}},{"start":{"line":133,"column":52},"end":{"line":133,"column":null}}],"line":133},"3":{"loc":{"start":{"line":137,"column":13},"end":{"line":137,"column":30}},"type":"binary-expr","locations":[{"start":{"line":137,"column":13},"end":{"line":137,"column":26}},{"start":{"line":137,"column":26},"end":{"line":137,"column":30}}],"line":137},"4":{"loc":{"start":{"line":159,"column":10},"end":{"line":159,"column":null}},"type":"if","locations":[{"start":{"line":159,"column":10},"end":{"line":159,"column":null}},{"start":{},"end":{}}],"line":159},"5":{"loc":{"start":{"line":167,"column":18},"end":{"line":167,"column":null}},"type":"cond-expr","locations":[{"start":{"line":167,"column":47},"end":{"line":167,"column":84}},{"start":{"line":167,"column":84},"end":{"line":167,"column":null}}],"line":167},"6":{"loc":{"start":{"line":167,"column":84},"end":{"line":167,"column":null}},"type":"binary-expr","locations":[{"start":{"line":167,"column":84},"end":{"line":167,"column":94}},{"start":{"line":167,"column":94},"end":{"line":167,"column":null}}],"line":167},"7":{"loc":{"start":{"line":173,"column":21},"end":{"line":173,"column":null}},"type":"cond-expr","locations":[{"start":{"line":173,"column":33},"end":{"line":173,"column":52}},{"start":{"line":173,"column":52},"end":{"line":173,"column":null}}],"line":173},"8":{"loc":{"start":{"line":176,"column":45},"end":{"line":176,"column":62}},"type":"binary-expr","locations":[{"start":{"line":176,"column":45},"end":{"line":176,"column":58}},{"start":{"line":176,"column":58},"end":{"line":176,"column":62}}],"line":176},"9":{"loc":{"start":{"line":208,"column":8},"end":{"line":212,"column":null}},"type":"if","locations":[{"start":{"line":208,"column":8},"end":{"line":212,"column":null}},{"start":{"line":210,"column":15},"end":{"line":212,"column":null}}],"line":208},"10":{"loc":{"start":{"line":221,"column":27},"end":{"line":221,"column":74}},"type":"binary-expr","locations":[{"start":{"line":221,"column":27},"end":{"line":221,"column":41}},{"start":{"line":221,"column":41},"end":{"line":221,"column":74}}],"line":221},"11":{"loc":{"start":{"line":233,"column":10},"end":{"line":233,"column":null}},"type":"cond-expr","locations":[{"start":{"line":233,"column":24},"end":{"line":233,"column":59}},{"start":{"line":233,"column":59},"end":{"line":233,"column":null}}],"line":233},"12":{"loc":{"start":{"line":252,"column":22},"end":{"line":252,"column":null}},"type":"binary-expr","locations":[{"start":{"line":252,"column":22},"end":{"line":252,"column":33}},{"start":{"line":252,"column":33},"end":{"line":252,"column":null}}],"line":252},"13":{"loc":{"start":{"line":264,"column":16},"end":{"line":264,"column":81}},"type":"cond-expr","locations":[{"start":{"line":264,"column":41},"end":{"line":264,"column":57}},{"start":{"line":264,"column":57},"end":{"line":264,"column":81}}],"line":264},"14":{"loc":{"start":{"line":268,"column":47},"end":{"line":268,"column":77}},"type":"default-arg","locations":[{"start":{"line":268,"column":70},"end":{"line":268,"column":77}}],"line":268},"15":{"loc":{"start":{"line":278,"column":8},"end":{"line":301,"column":null}},"type":"if","locations":[{"start":{"line":278,"column":8},"end":{"line":301,"column":null}},{"start":{},"end":{}}],"line":278},"16":{"loc":{"start":{"line":303,"column":8},"end":{"line":306,"column":null}},"type":"if","locations":[{"start":{"line":303,"column":8},"end":{"line":306,"column":null}},{"start":{},"end":{}}],"line":303},"17":{"loc":{"start":{"line":305,"column":26},"end":{"line":305,"column":79}},"type":"binary-expr","locations":[{"start":{"line":305,"column":26},"end":{"line":305,"column":39}},{"start":{"line":305,"column":39},"end":{"line":305,"column":79}}],"line":305},"18":{"loc":{"start":{"line":312,"column":8},"end":{"line":321,"column":null}},"type":"if","locations":[{"start":{"line":312,"column":8},"end":{"line":321,"column":null}},{"start":{"line":319,"column":15},"end":{"line":321,"column":null}}],"line":312},"19":{"loc":{"start":{"line":356,"column":22},"end":{"line":356,"column":null}},"type":"binary-expr","locations":[{"start":{"line":356,"column":22},"end":{"line":356,"column":33}},{"start":{"line":356,"column":33},"end":{"line":356,"column":null}}],"line":356},"20":{"loc":{"start":{"line":363,"column":16},"end":{"line":363,"column":80}},"type":"cond-expr","locations":[{"start":{"line":363,"column":41},"end":{"line":363,"column":57}},{"start":{"line":363,"column":57},"end":{"line":363,"column":80}}],"line":363},"21":{"loc":{"start":{"line":372,"column":10},"end":{"line":372,"column":null}},"type":"cond-expr","locations":[{"start":{"line":372,"column":24},"end":{"line":372,"column":59}},{"start":{"line":372,"column":59},"end":{"line":372,"column":null}}],"line":372},"22":{"loc":{"start":{"line":381,"column":10},"end":{"line":385,"column":null}},"type":"if","locations":[{"start":{"line":381,"column":10},"end":{"line":385,"column":null}},{"start":{},"end":{}}],"line":381},"23":{"loc":{"start":{"line":383,"column":12},"end":{"line":383,"column":null}},"type":"if","locations":[{"start":{"line":383,"column":12},"end":{"line":383,"column":null}},{"start":{},"end":{}}],"line":383}},"s":{"0":1,"1":1,"2":1,"3":1,"4":1,"5":3,"6":3,"7":3,"8":3,"9":3,"10":1,"11":3,"12":1,"13":0,"14":3,"15":1,"16":1,"17":1,"18":1,"19":1,"20":1,"21":0,"22":1,"23":1,"24":1,"25":1,"26":1,"27":1,"28":0,"29":1,"30":0,"31":1,"32":0,"33":0,"34":4,"35":2,"36":0,"37":0,"38":0,"39":0,"40":1,"41":1,"42":1,"43":1,"44":1,"45":1,"46":1,"47":1,"48":0,"49":0,"50":2,"51":2,"52":2,"53":2,"54":2,"55":2,"56":2,"57":2,"58":2,"59":2,"60":2,"61":0,"62":0,"63":0,"64":3,"65":3,"66":1,"67":1,"68":1,"69":1,"70":1,"71":3,"72":0,"73":0,"74":0,"75":3,"76":2,"77":1,"78":1,"79":1,"80":0,"81":1,"82":1,"83":1,"84":1,"85":1,"86":5,"87":5,"88":5,"89":5,"90":1,"91":1,"92":1,"93":1,"94":1,"95":1,"96":0,"97":0,"98":1,"99":1,"100":1,"101":1,"102":1,"103":1,"104":1,"105":2,"106":2,"107":1,"108":1,"109":0,"110":1,"111":1,"112":46},"f":{"0":1,"1":3,"2":1,"3":1,"4":0,"5":1,"6":1,"7":0,"8":0,"9":4,"10":2,"11":0,"12":1,"13":1,"14":1,"15":2,"16":2,"17":2,"18":3,"19":0,"20":2,"21":1,"22":1,"23":1,"24":1,"25":1,"26":2,"27":1,"28":46},"b":{"0":[1,0],"1":[0,0],"2":[0,1],"3":[1,1],"4":[0,1],"5":[1,0],"6":[0,0],"7":[1,0],"8":[1,0],"9":[0,0],"10":[1,1],"11":[2,0],"12":[2,0],"13":[0,0],"14":[3],"15":[1,2],"16":[0,3],"17":[0,0],"18":[1,1],"19":[1,0],"20":[0,0],"21":[1,0],"22":[2,0],"23":[1,1]},"meta":{"lastBranch":24,"lastFunction":29,"lastStatement":113,"seen":{"s:6:17:6:Infinity":0,"s:45:38:70:Infinity":1,"s:72:34:101:Infinity":2,"s:103:13:401:Infinity":3,"f:105:4:105:5":0,"s:105:19:390:Infinity":4,"f:116:17:116:29":1,"s:117:8:117:Infinity":5,"s:118:8:152:Infinity":6,"s:119:27:119:Infinity":7,"s:120:23:120:Infinity":8,"s:123:40:134:Infinity":9,"f:123:49:123:50":2,"s:123:62:134:12":10,"b:127:47:127:84:127:84:127:Infinity":0,"b:127:84:127:94:127:94:127:Infinity":1,"b:133:33:133:52:133:52:133:Infinity":2,"s:136:36:146:Infinity":11,"f:136:49:136:50":3,"s:136:50:145:Infinity":12,"b:137:13:137:26:137:26:137:30":3,"f:137:34:137:35":4,"s:137:47:145:14":13,"s:148:10:148:Infinity":14,"s:150:10:150:Infinity":15,"s:151:10:151:Infinity":16,"f:155:21:155:28":5,"s:156:8:156:Infinity":17,"s:157:8:199:Infinity":18,"s:158:27:158:Infinity":19,"b:159:10:159:Infinity:undefined:undefined:undefined:undefined":4,"s:159:10:159:Infinity":20,"s:159:28:159:Infinity":21,"s:160:20:160:Infinity":22,"s:163:37:174:Infinity":23,"b:167:47:167:84:167:84:167:Infinity":5,"b:167:84:167:94:167:94:167:Infinity":6,"b:173:33:173:52:173:52:173:Infinity":7,"s:176:16:184:Infinity":24,"b:176:45:176:58:176:58:176:62":8,"f:176:66:176:67":6,"s:176:79:184:12":25,"s:187:41:187:Infinity":26,"s:188:33:188:Infinity":27,"f:188:50:188:58":7,"s:188:58:188:72":28,"s:189:31:189:Infinity":29,"f:189:46:189:54":8,"s:189:54:189:76":30,"s:191:10:195:Infinity":31,"s:197:10:197:Infinity":32,"s:198:10:198:Infinity":33,"f:202:18:202:19":9,"s:202:31:202:Infinity":34,"f:204:22:204:23":10,"s:204:34:204:Infinity":35,"f:206:22:206:23":11,"s:207:8:207:Infinity":36,"b:208:8:212:Infinity:210:15:212:Infinity":9,"s:208:8:212:Infinity":37,"s:209:10:209:Infinity":38,"s:211:10:211:Infinity":39,"f:215:21:215:28":12,"s:216:8:216:Infinity":40,"s:217:8:227:Infinity":41,"s:218:31:218:Infinity":42,"s:219:32:219:Infinity":43,"s:220:30:222:Infinity":44,"f:221:20:221:21":13,"s:221:27:221:74":45,"b:221:27:221:41:221:41:221:74":10,"f:222:17:222:18":14,"s:222:24:222:28":46,"s:223:10:223:Infinity":47,"s:225:10:225:Infinity":48,"s:226:10:226:Infinity":49,"f:230:20:230:21":15,"s:231:30:231:Infinity":50,"s:232:33:234:Infinity":51,"f:232:47:232:48":16,"s:233:10:233:Infinity":52,"b:233:24:233:59:233:59:233:Infinity":11,"s:235:8:235:Infinity":53,"f:238:19:238:26":17,"s:239:28:239:Infinity":54,"s:240:8:240:Infinity":55,"s:241:8:265:Infinity":56,"s:243:27:243:Infinity":57,"s:246:10:256:Infinity":58,"b:252:22:252:33:252:33:252:Infinity":12,"s:259:10:259:Infinity":59,"s:260:10:260:Infinity":60,"s:262:10:262:Infinity":61,"s:263:10:263:Infinity":62,"s:264:10:264:Infinity":63,"b:264:41:264:57:264:57:264:81":13,"f:268:26:268:33":18,"b:268:70:268:77":14,"s:270:23:276:Infinity":64,"b:278:8:301:Infinity:undefined:undefined:undefined:undefined":15,"s:278:8:301:Infinity":65,"s:279:23:279:Infinity":66,"s:280:10:280:Infinity":67,"s:288:10:288:Infinity":68,"s:290:31:290:Infinity":69,"s:293:10:300:Infinity":70,"b:303:8:306:Infinity:undefined:undefined:undefined:undefined":16,"s:303:8:306:Infinity":71,"s:304:22:304:Infinity":72,"f:304:50:304:57":19,"s:304:57:304:85":73,"s:305:10:305:Infinity":74,"b:305:26:305:39:305:39:305:79":17,"s:308:8:308:Infinity":75,"f:311:21:311:33":20,"b:312:8:321:Infinity:319:15:321:Infinity":18,"s:312:8:321:Infinity":76,"s:313:10:318:Infinity":77,"s:314:29:314:Infinity":78,"s:315:12:315:Infinity":79,"s:317:12:317:Infinity":80,"s:320:10:320:Infinity":81,"f:324:21:324:28":21,"s:325:30:325:Infinity":82,"s:326:41:326:Infinity":83,"s:327:8:342:Infinity":84,"s:327:21:327:24":85,"s:328:24:328:Infinity":86,"s:329:26:329:Infinity":87,"s:330:22:330:Infinity":88,"s:331:10:341:Infinity":89,"s:343:8:343:Infinity":90,"f:347:17:347:24":22,"s:348:28:348:Infinity":91,"s:349:8:349:Infinity":92,"s:350:8:366:Infinity":93,"s:351:10:358:Infinity":94,"b:356:22:356:33:356:33:356:Infinity":19,"s:360:10:360:Infinity":95,"s:362:10:362:Infinity":96,"s:363:10:363:Infinity":97,"b:363:41:363:57:363:57:363:80":20,"s:365:10:365:Infinity":98,"f:369:18:369:19":23,"s:370:28:370:Infinity":99,"s:371:31:373:Infinity":100,"f:371:43:371:44":24,"s:372:10:372:Infinity":101,"b:372:24:372:59:372:59:372:Infinity":21,"s:374:8:374:Infinity":102,"f:377:26:377:27":25,"s:378:28:378:Infinity":103,"s:380:31:387:Infinity":104,"f:380:43:380:44":26,"b:381:10:385:Infinity:undefined:undefined:undefined:undefined":22,"s:381:10:385:Infinity":105,"b:383:12:383:Infinity:undefined:undefined:undefined:undefined":23,"s:383:12:383:Infinity":106,"s:383:35:383:Infinity":107,"s:384:12:384:Infinity":108,"s:386:10:386:Infinity":109,"s:388:8:388:Infinity":110,"f:393:33:393:39":27,"s:393:39:393:51":111,"f:394:18:394:19":28,"s:394:30:398:Infinity":112}}}
}
